[2024-04-26T17:22:39.428+0000] {local_task_job_runner.py:120} INFO - ::group::Pre task execution logs
[2024-04-26T17:22:39.472+0000] {taskinstance.py:2073} INFO - Dependencies all met for dep_context=non-requeueable deps ti=<TaskInstance: air_quality_pipeline.pre_workflow backfill__2024-04-02T22:00:00+00:00 [queued]>
[2024-04-26T17:22:39.484+0000] {taskinstance.py:2073} INFO - Dependencies all met for dep_context=requeueable deps ti=<TaskInstance: air_quality_pipeline.pre_workflow backfill__2024-04-02T22:00:00+00:00 [queued]>
[2024-04-26T17:22:39.485+0000] {taskinstance.py:2303} INFO - Starting attempt 1 of 2
[2024-04-26T17:22:39.499+0000] {taskinstance.py:2327} INFO - Executing <Task(EmptyOperator): pre_workflow> on 2024-04-02 22:00:00+00:00
[2024-04-26T17:22:39.517+0000] {logging_mixin.py:188} WARNING - /home/***/.local/lib/python3.12/site-packages/***/task/task_runner/standard_task_runner.py:61 DeprecationWarning: This process (pid=786) is multi-threaded, use of fork() may lead to deadlocks in the child.
[2024-04-26T17:22:39.518+0000] {standard_task_runner.py:63} INFO - Started process 796 to run task
[2024-04-26T17:22:39.517+0000] {standard_task_runner.py:90} INFO - Running: ['***', 'tasks', 'run', 'air_quality_pipeline', 'pre_workflow', 'backfill__2024-04-02T22:00:00+00:00', '--job-id', '310', '--pool', 'default_pool', '--raw', '--subdir', 'DAGS_FOLDER/air_quality/air_quality_dag.py', '--cfg-path', '/tmp/tmp_orldjt0']
[2024-04-26T17:22:39.519+0000] {standard_task_runner.py:91} INFO - Job 310: Subtask pre_workflow
[2024-04-26T17:22:39.576+0000] {task_command.py:426} INFO - Running <TaskInstance: air_quality_pipeline.pre_workflow backfill__2024-04-02T22:00:00+00:00 [running]> on host 4718ecf2379c
[2024-04-26T17:22:39.687+0000] {taskinstance.py:2644} INFO - Exporting env vars: AIRFLOW_CTX_DAG_OWNER='***' AIRFLOW_CTX_DAG_ID='air_quality_pipeline' AIRFLOW_CTX_TASK_ID='pre_workflow' AIRFLOW_CTX_EXECUTION_DATE='2024-04-02T22:00:00+00:00' AIRFLOW_CTX_TRY_NUMBER='1' AIRFLOW_CTX_DAG_RUN_ID='backfill__2024-04-02T22:00:00+00:00'
[2024-04-26T17:22:39.688+0000] {taskinstance.py:430} INFO - ::endgroup::
[2024-04-26T17:22:39.700+0000] {taskinstance.py:441} INFO - ::group::Post task execution logs
[2024-04-26T17:22:39.713+0000] {taskinstance.py:1205} INFO - Marking task as SUCCESS. dag_id=air_quality_pipeline, task_id=pre_workflow, execution_date=20240402T220000, start_date=20240426T172239, end_date=20240426T172239
[2024-04-26T17:22:39.731+0000] {local_task_job_runner.py:240} INFO - Task exited with return code 0
[2024-04-26T17:22:39.759+0000] {taskinstance.py:3482} INFO - 1 downstream tasks scheduled from follow-on schedule check
[2024-04-26T17:22:39.762+0000] {local_task_job_runner.py:222} INFO - ::endgroup::
[2024-04-26T17:32:01.689+0000] {local_task_job_runner.py:120} INFO - ::group::Pre task execution logs
[2024-04-26T17:32:01.711+0000] {taskinstance.py:2073} INFO - Dependencies all met for dep_context=non-requeueable deps ti=<TaskInstance: air_quality_pipeline.pre_workflow backfill__2024-04-02T22:00:00+00:00 [queued]>
[2024-04-26T17:32:01.716+0000] {taskinstance.py:2073} INFO - Dependencies all met for dep_context=requeueable deps ti=<TaskInstance: air_quality_pipeline.pre_workflow backfill__2024-04-02T22:00:00+00:00 [queued]>
[2024-04-26T17:32:01.716+0000] {taskinstance.py:2303} INFO - Starting attempt 1 of 2
[2024-04-26T17:32:01.723+0000] {taskinstance.py:2327} INFO - Executing <Task(EmptyOperator): pre_workflow> on 2024-04-02 22:00:00+00:00
[2024-04-26T17:32:01.732+0000] {logging_mixin.py:188} WARNING - /home/***/.local/lib/python3.12/site-packages/***/task/task_runner/standard_task_runner.py:61 DeprecationWarning: This process (pid=1249) is multi-threaded, use of fork() may lead to deadlocks in the child.
[2024-04-26T17:32:01.733+0000] {standard_task_runner.py:63} INFO - Started process 1250 to run task
[2024-04-26T17:32:01.733+0000] {standard_task_runner.py:90} INFO - Running: ['***', 'tasks', 'run', 'air_quality_pipeline', 'pre_workflow', 'backfill__2024-04-02T22:00:00+00:00', '--job-id', '377', '--pool', 'default_pool', '--raw', '--subdir', 'DAGS_FOLDER/air_quality/air_quality_dag.py', '--cfg-path', '/tmp/tmpc93suql0']
[2024-04-26T17:32:01.735+0000] {standard_task_runner.py:91} INFO - Job 377: Subtask pre_workflow
[2024-04-26T17:32:01.765+0000] {task_command.py:426} INFO - Running <TaskInstance: air_quality_pipeline.pre_workflow backfill__2024-04-02T22:00:00+00:00 [running]> on host 4718ecf2379c
[2024-04-26T17:32:01.824+0000] {taskinstance.py:2644} INFO - Exporting env vars: AIRFLOW_CTX_DAG_OWNER='***' AIRFLOW_CTX_DAG_ID='air_quality_pipeline' AIRFLOW_CTX_TASK_ID='pre_workflow' AIRFLOW_CTX_EXECUTION_DATE='2024-04-02T22:00:00+00:00' AIRFLOW_CTX_TRY_NUMBER='1' AIRFLOW_CTX_DAG_RUN_ID='backfill__2024-04-02T22:00:00+00:00'
[2024-04-26T17:32:01.824+0000] {taskinstance.py:430} INFO - ::endgroup::
[2024-04-26T17:32:01.832+0000] {taskinstance.py:441} INFO - ::group::Post task execution logs
[2024-04-26T17:32:01.839+0000] {taskinstance.py:1205} INFO - Marking task as SUCCESS. dag_id=air_quality_pipeline, task_id=pre_workflow, execution_date=20240402T220000, start_date=20240426T173201, end_date=20240426T173201
[2024-04-26T17:32:01.866+0000] {local_task_job_runner.py:240} INFO - Task exited with return code 0
[2024-04-26T17:32:01.883+0000] {taskinstance.py:3482} INFO - 1 downstream tasks scheduled from follow-on schedule check
[2024-04-26T17:32:01.885+0000] {local_task_job_runner.py:222} INFO - ::endgroup::
[2024-04-26T17:40:22.960+0000] {local_task_job_runner.py:120} INFO - ::group::Pre task execution logs
[2024-04-26T17:40:22.983+0000] {taskinstance.py:2073} INFO - Dependencies all met for dep_context=non-requeueable deps ti=<TaskInstance: air_quality_pipeline.pre_workflow backfill__2024-04-02T22:00:00+00:00 [queued]>
[2024-04-26T17:40:22.988+0000] {taskinstance.py:2073} INFO - Dependencies all met for dep_context=requeueable deps ti=<TaskInstance: air_quality_pipeline.pre_workflow backfill__2024-04-02T22:00:00+00:00 [queued]>
[2024-04-26T17:40:22.988+0000] {taskinstance.py:2303} INFO - Starting attempt 1 of 2
[2024-04-26T17:40:22.995+0000] {taskinstance.py:2327} INFO - Executing <Task(EmptyOperator): pre_workflow> on 2024-04-02 22:00:00+00:00
[2024-04-26T17:40:23.004+0000] {logging_mixin.py:188} WARNING - /home/***/.local/lib/python3.12/site-packages/***/task/task_runner/standard_task_runner.py:61 DeprecationWarning: This process (pid=1577) is multi-threaded, use of fork() may lead to deadlocks in the child.
[2024-04-26T17:40:23.005+0000] {standard_task_runner.py:63} INFO - Started process 1578 to run task
[2024-04-26T17:40:23.004+0000] {standard_task_runner.py:90} INFO - Running: ['***', 'tasks', 'run', 'air_quality_pipeline', 'pre_workflow', 'backfill__2024-04-02T22:00:00+00:00', '--job-id', '394', '--pool', 'default_pool', '--raw', '--subdir', 'DAGS_FOLDER/air_quality/air_quality_dag.py', '--cfg-path', '/tmp/tmp0er2bjik']
[2024-04-26T17:40:23.005+0000] {standard_task_runner.py:91} INFO - Job 394: Subtask pre_workflow
[2024-04-26T17:40:23.039+0000] {task_command.py:426} INFO - Running <TaskInstance: air_quality_pipeline.pre_workflow backfill__2024-04-02T22:00:00+00:00 [running]> on host 4718ecf2379c
[2024-04-26T17:40:23.100+0000] {taskinstance.py:2644} INFO - Exporting env vars: AIRFLOW_CTX_DAG_OWNER='***' AIRFLOW_CTX_DAG_ID='air_quality_pipeline' AIRFLOW_CTX_TASK_ID='pre_workflow' AIRFLOW_CTX_EXECUTION_DATE='2024-04-02T22:00:00+00:00' AIRFLOW_CTX_TRY_NUMBER='1' AIRFLOW_CTX_DAG_RUN_ID='backfill__2024-04-02T22:00:00+00:00'
[2024-04-26T17:40:23.100+0000] {taskinstance.py:430} INFO - ::endgroup::
[2024-04-26T17:40:23.110+0000] {taskinstance.py:441} INFO - ::group::Post task execution logs
[2024-04-26T17:40:23.119+0000] {taskinstance.py:1205} INFO - Marking task as SUCCESS. dag_id=air_quality_pipeline, task_id=pre_workflow, execution_date=20240402T220000, start_date=20240426T174022, end_date=20240426T174023
[2024-04-26T17:40:23.137+0000] {local_task_job_runner.py:240} INFO - Task exited with return code 0
[2024-04-26T17:40:23.158+0000] {taskinstance.py:3482} INFO - 1 downstream tasks scheduled from follow-on schedule check
[2024-04-26T17:40:23.160+0000] {local_task_job_runner.py:222} INFO - ::endgroup::
