[2024-04-25T22:49:13.540+0000] {local_task_job_runner.py:120} INFO - ::group::Pre task execution logs
[2024-04-25T22:49:13.562+0000] {taskinstance.py:2073} INFO - Dependencies all met for dep_context=non-requeueable deps ti=<TaskInstance: pipeline.load manual__2024-04-25T22:48:09.294348+00:00 [queued]>
[2024-04-25T22:49:13.688+0000] {taskinstance.py:2073} INFO - Dependencies all met for dep_context=requeueable deps ti=<TaskInstance: pipeline.load manual__2024-04-25T22:48:09.294348+00:00 [queued]>
[2024-04-25T22:49:13.688+0000] {taskinstance.py:2303} INFO - Starting attempt 1 of 1
[2024-04-25T22:49:13.696+0000] {taskinstance.py:2327} INFO - Executing <Task(PythonOperator): load> on 2024-04-25 22:48:09.294348+00:00
[2024-04-25T22:49:13.704+0000] {logging_mixin.py:188} WARNING - /home/***/.local/lib/python3.12/site-packages/***/task/task_runner/standard_task_runner.py:61 DeprecationWarning: This process (pid=3576) is multi-threaded, use of fork() may lead to deadlocks in the child.
[2024-04-25T22:49:13.705+0000] {standard_task_runner.py:63} INFO - Started process 3578 to run task
[2024-04-25T22:49:13.704+0000] {standard_task_runner.py:90} INFO - Running: ['***', 'tasks', 'run', 'pipeline', 'load', 'manual__2024-04-25T22:48:09.294348+00:00', '--job-id', '160', '--raw', '--subdir', 'DAGS_FOLDER/air_quality/air_quality_dag.py', '--cfg-path', '/tmp/tmpfh9wmt33']
[2024-04-25T22:49:13.706+0000] {standard_task_runner.py:91} INFO - Job 160: Subtask load
[2024-04-25T22:49:13.737+0000] {task_command.py:426} INFO - Running <TaskInstance: pipeline.load manual__2024-04-25T22:48:09.294348+00:00 [running]> on host cf1d83d83b27
[2024-04-25T22:49:13.795+0000] {taskinstance.py:2644} INFO - Exporting env vars: AIRFLOW_CTX_DAG_OWNER='***' AIRFLOW_CTX_DAG_ID='pipeline' AIRFLOW_CTX_TASK_ID='load' AIRFLOW_CTX_EXECUTION_DATE='2024-04-25T22:48:09.294348+00:00' AIRFLOW_CTX_TRY_NUMBER='1' AIRFLOW_CTX_DAG_RUN_ID='manual__2024-04-25T22:48:09.294348+00:00'
[2024-04-25T22:49:13.795+0000] {taskinstance.py:430} INFO - ::endgroup::
[2024-04-25T22:49:13.805+0000] {RedShift.py:56} INFO - Loading data into Redshift
[2024-04-25T22:50:42.246+0000] {RedShift.py:71} INFO - Data inserted successfully
[2024-04-25T22:50:42.246+0000] {RedShift.py:77} INFO - Connection closed
[2024-04-25T22:50:42.247+0000] {python.py:237} INFO - Done. Returned value was: None
[2024-04-25T22:50:42.247+0000] {taskinstance.py:441} INFO - ::group::Post task execution logs
[2024-04-25T22:50:42.254+0000] {taskinstance.py:1205} INFO - Marking task as SUCCESS. dag_id=pipeline, task_id=load, execution_date=20240425T224809, start_date=20240425T224913, end_date=20240425T225042
[2024-04-25T22:50:42.280+0000] {local_task_job_runner.py:240} INFO - Task exited with return code 0
[2024-04-25T22:50:42.294+0000] {taskinstance.py:3482} INFO - 1 downstream tasks scheduled from follow-on schedule check
[2024-04-25T22:50:42.296+0000] {local_task_job_runner.py:222} INFO - ::endgroup::
