[2024-04-26T17:17:17.268+0000] {local_task_job_runner.py:120} INFO - ::group::Pre task execution logs
[2024-04-26T17:17:17.290+0000] {taskinstance.py:2073} INFO - Dependencies all met for dep_context=non-requeueable deps ti=<TaskInstance: air_quality_pipeline.send_air_quality_alerts scheduled__2024-04-24T22:00:00+00:00 [queued]>
[2024-04-26T17:17:17.295+0000] {taskinstance.py:2073} INFO - Dependencies all met for dep_context=requeueable deps ti=<TaskInstance: air_quality_pipeline.send_air_quality_alerts scheduled__2024-04-24T22:00:00+00:00 [queued]>
[2024-04-26T17:17:17.295+0000] {taskinstance.py:2303} INFO - Starting attempt 1 of 2
[2024-04-26T17:17:17.425+0000] {taskinstance.py:2327} INFO - Executing <Task(PythonOperator): send_air_quality_alerts> on 2024-04-24 22:00:00+00:00
[2024-04-26T17:17:17.434+0000] {standard_task_runner.py:90} INFO - Running: ['***', 'tasks', 'run', 'air_quality_pipeline', 'send_air_quality_alerts', 'scheduled__2024-04-24T22:00:00+00:00', '--job-id', '305', '--raw', '--subdir', 'DAGS_FOLDER/air_quality/air_quality_dag.py', '--cfg-path', '/tmp/tmpd07y6hwl']
[2024-04-26T17:17:17.436+0000] {standard_task_runner.py:91} INFO - Job 305: Subtask send_air_quality_alerts
[2024-04-26T17:17:17.436+0000] {logging_mixin.py:188} WARNING - /home/***/.local/lib/python3.12/site-packages/***/task/task_runner/standard_task_runner.py:61 DeprecationWarning: This process (pid=1251) is multi-threaded, use of fork() may lead to deadlocks in the child.
[2024-04-26T17:17:17.436+0000] {standard_task_runner.py:63} INFO - Started process 1253 to run task
[2024-04-26T17:17:17.469+0000] {task_command.py:426} INFO - Running <TaskInstance: air_quality_pipeline.send_air_quality_alerts scheduled__2024-04-24T22:00:00+00:00 [running]> on host 5fdceac7b2c7
[2024-04-26T17:17:17.525+0000] {taskinstance.py:2644} INFO - Exporting env vars: AIRFLOW_CTX_DAG_OWNER='***' AIRFLOW_CTX_DAG_ID='air_quality_pipeline' AIRFLOW_CTX_TASK_ID='send_air_quality_alerts' AIRFLOW_CTX_EXECUTION_DATE='2024-04-24T22:00:00+00:00' AIRFLOW_CTX_TRY_NUMBER='1' AIRFLOW_CTX_DAG_RUN_ID='scheduled__2024-04-24T22:00:00+00:00'
[2024-04-26T17:17:17.526+0000] {taskinstance.py:430} INFO - ::endgroup::
[2024-04-26T17:17:17.535+0000] {tasks.py:94} INFO - Generating air quality alerts...
[2024-04-26T17:17:17.542+0000] {tasks.py:97} INFO - Sending air quality alerts via email...
[2024-04-26T17:17:18.891+0000] {tasks.py:99} INFO - Air quality alerts sent via email.
[2024-04-26T17:17:18.891+0000] {tasks.py:102} INFO - Cleaning up temporary files...
[2024-04-26T17:17:18.892+0000] {tasks.py:105} INFO - Temporary files cleaned up.
[2024-04-26T17:17:18.892+0000] {python.py:237} INFO - Done. Returned value was: None
[2024-04-26T17:17:18.893+0000] {taskinstance.py:441} INFO - ::group::Post task execution logs
[2024-04-26T17:17:18.900+0000] {taskinstance.py:1205} INFO - Marking task as SUCCESS. dag_id=air_quality_pipeline, task_id=send_air_quality_alerts, execution_date=20240424T220000, start_date=20240426T171717, end_date=20240426T171718
[2024-04-26T17:17:18.932+0000] {local_task_job_runner.py:240} INFO - Task exited with return code 0
[2024-04-26T17:17:18.945+0000] {taskinstance.py:3482} INFO - 0 downstream tasks scheduled from follow-on schedule check
[2024-04-26T17:17:18.946+0000] {local_task_job_runner.py:222} INFO - ::endgroup::
[2024-04-26T17:33:52.455+0000] {local_task_job_runner.py:120} INFO - ::group::Pre task execution logs
[2024-04-26T17:33:52.477+0000] {taskinstance.py:2073} INFO - Dependencies all met for dep_context=non-requeueable deps ti=<TaskInstance: air_quality_pipeline.send_air_quality_alerts scheduled__2024-04-24T22:00:00+00:00 [queued]>
[2024-04-26T17:33:52.607+0000] {taskinstance.py:2073} INFO - Dependencies all met for dep_context=requeueable deps ti=<TaskInstance: air_quality_pipeline.send_air_quality_alerts scheduled__2024-04-24T22:00:00+00:00 [queued]>
[2024-04-26T17:33:52.608+0000] {taskinstance.py:2303} INFO - Starting attempt 1 of 2
[2024-04-26T17:33:52.615+0000] {taskinstance.py:2327} INFO - Executing <Task(PythonOperator): send_air_quality_alerts> on 2024-04-24 22:00:00+00:00
[2024-04-26T17:33:52.624+0000] {standard_task_runner.py:90} INFO - Running: ['***', 'tasks', 'run', 'air_quality_pipeline', 'send_air_quality_alerts', 'scheduled__2024-04-24T22:00:00+00:00', '--job-id', '386', '--raw', '--subdir', 'DAGS_FOLDER/air_quality/air_quality_dag.py', '--cfg-path', '/tmp/tmpi0ad6cl3']
[2024-04-26T17:33:52.626+0000] {standard_task_runner.py:91} INFO - Job 386: Subtask send_air_quality_alerts
[2024-04-26T17:33:52.626+0000] {logging_mixin.py:188} WARNING - /home/***/.local/lib/python3.12/site-packages/***/task/task_runner/standard_task_runner.py:61 DeprecationWarning: This process (pid=1663) is multi-threaded, use of fork() may lead to deadlocks in the child.
[2024-04-26T17:33:52.626+0000] {standard_task_runner.py:63} INFO - Started process 1665 to run task
[2024-04-26T17:33:52.660+0000] {task_command.py:426} INFO - Running <TaskInstance: air_quality_pipeline.send_air_quality_alerts scheduled__2024-04-24T22:00:00+00:00 [running]> on host 5fdceac7b2c7
[2024-04-26T17:33:52.723+0000] {taskinstance.py:2644} INFO - Exporting env vars: AIRFLOW_CTX_DAG_OWNER='***' AIRFLOW_CTX_DAG_ID='air_quality_pipeline' AIRFLOW_CTX_TASK_ID='send_air_quality_alerts' AIRFLOW_CTX_EXECUTION_DATE='2024-04-24T22:00:00+00:00' AIRFLOW_CTX_TRY_NUMBER='1' AIRFLOW_CTX_DAG_RUN_ID='scheduled__2024-04-24T22:00:00+00:00'
[2024-04-26T17:33:52.723+0000] {taskinstance.py:430} INFO - ::endgroup::
[2024-04-26T17:33:52.733+0000] {tasks.py:94} INFO - Generating air quality alerts...
[2024-04-26T17:33:52.742+0000] {tasks.py:97} INFO - Sending air quality alerts via email...
[2024-04-26T17:33:53.969+0000] {tasks.py:99} INFO - Air quality alerts sent via email.
[2024-04-26T17:33:53.970+0000] {tasks.py:102} INFO - Cleaning up temporary files...
[2024-04-26T17:33:53.970+0000] {tasks.py:105} INFO - Temporary files cleaned up.
[2024-04-26T17:33:53.970+0000] {python.py:237} INFO - Done. Returned value was: None
[2024-04-26T17:33:53.971+0000] {taskinstance.py:441} INFO - ::group::Post task execution logs
[2024-04-26T17:33:53.979+0000] {taskinstance.py:1205} INFO - Marking task as SUCCESS. dag_id=air_quality_pipeline, task_id=send_air_quality_alerts, execution_date=20240424T220000, start_date=20240426T173352, end_date=20240426T173353
[2024-04-26T17:33:54.002+0000] {local_task_job_runner.py:240} INFO - Task exited with return code 0
[2024-04-26T17:33:54.014+0000] {taskinstance.py:3482} INFO - 0 downstream tasks scheduled from follow-on schedule check
[2024-04-26T17:33:54.015+0000] {local_task_job_runner.py:222} INFO - ::endgroup::
