[2024-04-26T00:07:14.936+0000] {local_task_job_runner.py:120} INFO - ::group::Pre task execution logs
[2024-04-26T00:07:14.957+0000] {taskinstance.py:2073} INFO - Dependencies all met for dep_context=non-requeueable deps ti=<TaskInstance: pipeline.etl.extract scheduled__2024-02-05T00:00:00+00:00 [queued]>
[2024-04-26T00:07:14.963+0000] {taskinstance.py:2073} INFO - Dependencies all met for dep_context=requeueable deps ti=<TaskInstance: pipeline.etl.extract scheduled__2024-02-05T00:00:00+00:00 [queued]>
[2024-04-26T00:07:14.963+0000] {taskinstance.py:2303} INFO - Starting attempt 2 of 2
[2024-04-26T00:07:15.087+0000] {taskinstance.py:2327} INFO - Executing <Task(PythonOperator): etl.extract> on 2024-02-05 00:00:00+00:00
[2024-04-26T00:07:15.095+0000] {logging_mixin.py:188} WARNING - /home/***/.local/lib/python3.12/site-packages/***/task/task_runner/standard_task_runner.py:61 DeprecationWarning: This process (pid=6508) is multi-threaded, use of fork() may lead to deadlocks in the child.
[2024-04-26T00:07:15.096+0000] {standard_task_runner.py:63} INFO - Started process 6510 to run task
[2024-04-26T00:07:15.096+0000] {standard_task_runner.py:90} INFO - Running: ['***', 'tasks', 'run', 'pipeline', 'etl.extract', 'scheduled__2024-02-05T00:00:00+00:00', '--job-id', '264', '--raw', '--subdir', 'DAGS_FOLDER/air_quality/air_quality_dag.py', '--cfg-path', '/tmp/tmp2e3ox99l']
[2024-04-26T00:07:15.097+0000] {standard_task_runner.py:91} INFO - Job 264: Subtask etl.extract
[2024-04-26T00:07:15.130+0000] {task_command.py:426} INFO - Running <TaskInstance: pipeline.etl.extract scheduled__2024-02-05T00:00:00+00:00 [running]> on host cf1d83d83b27
[2024-04-26T00:07:15.186+0000] {taskinstance.py:2644} INFO - Exporting env vars: AIRFLOW_CTX_DAG_OWNER='***' AIRFLOW_CTX_DAG_ID='pipeline' AIRFLOW_CTX_TASK_ID='etl.extract' AIRFLOW_CTX_EXECUTION_DATE='2024-02-05T00:00:00+00:00' AIRFLOW_CTX_TRY_NUMBER='2' AIRFLOW_CTX_DAG_RUN_ID='scheduled__2024-02-05T00:00:00+00:00'
[2024-04-26T00:07:15.187+0000] {taskinstance.py:430} INFO - ::endgroup::
[2024-04-26T00:07:15.198+0000] {taskinstance.py:441} INFO - ::group::Post task execution logs
[2024-04-26T00:07:15.198+0000] {taskinstance.py:2890} ERROR - Task failed with exception
Traceback (most recent call last):
  File "/home/airflow/.local/lib/python3.12/site-packages/airflow/models/taskinstance.py", line 465, in _execute_task
    result = _execute_callable(context=context, **execute_callable_kwargs)
             ^^^^^^^^^^^^^^^^^^^^^^^^^^^^^^^^^^^^^^^^^^^^^^^^^^^^^^^^^^^^^
  File "/home/airflow/.local/lib/python3.12/site-packages/airflow/models/taskinstance.py", line 432, in _execute_callable
    return execute_callable(context=context, **execute_callable_kwargs)
           ^^^^^^^^^^^^^^^^^^^^^^^^^^^^^^^^^^^^^^^^^^^^^^^^^^^^^^^^^^^^
  File "/home/airflow/.local/lib/python3.12/site-packages/airflow/models/baseoperator.py", line 400, in wrapper
    return func(self, *args, **kwargs)
           ^^^^^^^^^^^^^^^^^^^^^^^^^^^
  File "/home/airflow/.local/lib/python3.12/site-packages/airflow/operators/python.py", line 235, in execute
    return_value = self.execute_callable()
                   ^^^^^^^^^^^^^^^^^^^^^^^
  File "/home/airflow/.local/lib/python3.12/site-packages/airflow/operators/python.py", line 252, in execute_callable
    return self.python_callable(*self.op_args, **self.op_kwargs)
           ^^^^^^^^^^^^^^^^^^^^^^^^^^^^^^^^^^^^^^^^^^^^^^^^^^^^^
  File "/opt/airflow/dags/air_quality/tasks.py", line 25, in extract
    os.remove("air_quality_data.csv")
FileNotFoundError: [Errno 2] No such file or directory: 'air_quality_data.csv'
[2024-04-26T00:07:15.206+0000] {taskinstance.py:1205} INFO - Marking task as FAILED. dag_id=pipeline, task_id=etl.extract, execution_date=20240205T000000, start_date=20240426T000714, end_date=20240426T000715
[2024-04-26T00:07:15.213+0000] {standard_task_runner.py:110} ERROR - Failed to execute job 264 for task etl.extract ([Errno 2] No such file or directory: 'air_quality_data.csv'; 6510)
[2024-04-26T00:07:15.228+0000] {local_task_job_runner.py:240} INFO - Task exited with return code 1
[2024-04-26T00:07:15.244+0000] {taskinstance.py:3482} INFO - 0 downstream tasks scheduled from follow-on schedule check
[2024-04-26T00:07:15.247+0000] {local_task_job_runner.py:222} INFO - ::endgroup::
[2024-04-26T16:26:29.720+0000] {local_task_job_runner.py:120} INFO - ::group::Pre task execution logs
[2024-04-26T16:26:29.741+0000] {taskinstance.py:2073} INFO - Dependencies all met for dep_context=non-requeueable deps ti=<TaskInstance: pipeline.etl.extract scheduled__2024-02-05T00:00:00+00:00 [queued]>
[2024-04-26T16:26:29.746+0000] {taskinstance.py:2073} INFO - Dependencies all met for dep_context=requeueable deps ti=<TaskInstance: pipeline.etl.extract scheduled__2024-02-05T00:00:00+00:00 [queued]>
[2024-04-26T16:26:29.746+0000] {taskinstance.py:2303} INFO - Starting attempt 2 of 2
[2024-04-26T16:26:29.753+0000] {taskinstance.py:2327} INFO - Executing <Task(PythonOperator): etl.extract> on 2024-02-05 00:00:00+00:00
[2024-04-26T16:26:29.763+0000] {logging_mixin.py:188} WARNING - /home/***/.local/lib/python3.12/site-packages/***/task/task_runner/standard_task_runner.py:61 DeprecationWarning: This process (pid=2262) is multi-threaded, use of fork() may lead to deadlocks in the child.
[2024-04-26T16:26:29.762+0000] {standard_task_runner.py:90} INFO - Running: ['***', 'tasks', 'run', 'pipeline', 'etl.extract', 'scheduled__2024-02-05T00:00:00+00:00', '--job-id', '288', '--raw', '--subdir', 'DAGS_FOLDER/air_quality/air_quality_dag.py', '--cfg-path', '/tmp/tmp2j6t4_p1']
[2024-04-26T16:26:29.764+0000] {standard_task_runner.py:63} INFO - Started process 2264 to run task
[2024-04-26T16:26:29.764+0000] {standard_task_runner.py:91} INFO - Job 288: Subtask etl.extract
[2024-04-26T16:26:29.796+0000] {task_command.py:426} INFO - Running <TaskInstance: pipeline.etl.extract scheduled__2024-02-05T00:00:00+00:00 [running]> on host cf1d83d83b27
[2024-04-26T16:26:29.851+0000] {taskinstance.py:2644} INFO - Exporting env vars: AIRFLOW_CTX_DAG_OWNER='***' AIRFLOW_CTX_DAG_ID='pipeline' AIRFLOW_CTX_TASK_ID='etl.extract' AIRFLOW_CTX_EXECUTION_DATE='2024-02-05T00:00:00+00:00' AIRFLOW_CTX_TRY_NUMBER='2' AIRFLOW_CTX_DAG_RUN_ID='scheduled__2024-02-05T00:00:00+00:00'
[2024-04-26T16:26:29.851+0000] {taskinstance.py:430} INFO - ::endgroup::
[2024-04-26T16:26:29.860+0000] {tasks.py:32} INFO - Extracting location...
[2024-04-26T16:26:29.862+0000] {LocationConnector.py:70} INFO - Extracting data for: Guadalajara
[2024-04-26T16:26:32.457+0000] {LocationConnector.py:70} INFO - Extracting data for: Monterrey
[2024-04-26T16:26:33.969+0000] {LocationConnector.py:70} INFO - Extracting data for: Mexico City
[2024-04-26T16:26:37.418+0000] {LocationConnector.py:78} INFO - Successfully Extracted Location data: (3, 12)
[2024-04-26T16:26:37.423+0000] {tasks.py:34} INFO - Location extraction complete.
[2024-04-26T16:26:37.423+0000] {tasks.py:37} INFO - Extracting air quality data...
[2024-04-26T16:26:42.491+0000] {AirQualityConnector.py:85} INFO - Successfully Extracted air quality data: (72, 11)
[2024-04-26T16:26:42.491+0000] {tasks.py:39} INFO - Air quality data extraction complete.
[2024-04-26T16:26:42.491+0000] {python.py:237} INFO - Done. Returned value was: None
[2024-04-26T16:26:42.492+0000] {taskinstance.py:441} INFO - ::group::Post task execution logs
[2024-04-26T16:26:42.499+0000] {taskinstance.py:1205} INFO - Marking task as SUCCESS. dag_id=pipeline, task_id=etl.extract, execution_date=20240205T000000, start_date=20240426T162629, end_date=20240426T162642
[2024-04-26T16:26:42.544+0000] {local_task_job_runner.py:240} INFO - Task exited with return code 0
[2024-04-26T16:26:42.567+0000] {taskinstance.py:3482} INFO - 1 downstream tasks scheduled from follow-on schedule check
[2024-04-26T16:26:42.569+0000] {local_task_job_runner.py:222} INFO - ::endgroup::
