[2024-04-26T00:06:07.883+0000] {local_task_job_runner.py:120} INFO - ::group::Pre task execution logs
[2024-04-26T00:06:07.904+0000] {taskinstance.py:2073} INFO - Dependencies all met for dep_context=non-requeueable deps ti=<TaskInstance: pipeline.etl.extract scheduled__2024-02-05T00:00:00+00:00 [queued]>
[2024-04-26T00:06:07.910+0000] {taskinstance.py:2073} INFO - Dependencies all met for dep_context=requeueable deps ti=<TaskInstance: pipeline.etl.extract scheduled__2024-02-05T00:00:00+00:00 [queued]>
[2024-04-26T00:06:07.911+0000] {taskinstance.py:2303} INFO - Starting attempt 1 of 1
[2024-04-26T00:06:08.046+0000] {taskinstance.py:2327} INFO - Executing <Task(PythonOperator): etl.extract> on 2024-02-05 00:00:00+00:00
[2024-04-26T00:06:08.057+0000] {logging_mixin.py:188} WARNING - /home/***/.local/lib/python3.12/site-packages/***/task/task_runner/standard_task_runner.py:61 DeprecationWarning: This process (pid=6468) is multi-threaded, use of fork() may lead to deadlocks in the child.
[2024-04-26T00:06:08.058+0000] {standard_task_runner.py:63} INFO - Started process 6470 to run task
[2024-04-26T00:06:08.058+0000] {standard_task_runner.py:90} INFO - Running: ['***', 'tasks', 'run', 'pipeline', 'etl.extract', 'scheduled__2024-02-05T00:00:00+00:00', '--job-id', '262', '--raw', '--subdir', 'DAGS_FOLDER/air_quality/air_quality_dag.py', '--cfg-path', '/tmp/tmpsjae8ze3']
[2024-04-26T00:06:08.060+0000] {standard_task_runner.py:91} INFO - Job 262: Subtask etl.extract
[2024-04-26T00:06:08.100+0000] {task_command.py:426} INFO - Running <TaskInstance: pipeline.etl.extract scheduled__2024-02-05T00:00:00+00:00 [running]> on host cf1d83d83b27
[2024-04-26T00:06:08.169+0000] {taskinstance.py:2644} INFO - Exporting env vars: AIRFLOW_CTX_DAG_OWNER='***' AIRFLOW_CTX_DAG_ID='pipeline' AIRFLOW_CTX_TASK_ID='etl.extract' AIRFLOW_CTX_EXECUTION_DATE='2024-02-05T00:00:00+00:00' AIRFLOW_CTX_TRY_NUMBER='1' AIRFLOW_CTX_DAG_RUN_ID='scheduled__2024-02-05T00:00:00+00:00'
[2024-04-26T00:06:08.169+0000] {taskinstance.py:430} INFO - ::endgroup::
[2024-04-26T00:06:08.179+0000] {taskinstance.py:441} INFO - ::group::Post task execution logs
[2024-04-26T00:06:08.180+0000] {taskinstance.py:2890} ERROR - Task failed with exception
Traceback (most recent call last):
  File "/home/airflow/.local/lib/python3.12/site-packages/airflow/models/taskinstance.py", line 465, in _execute_task
    result = _execute_callable(context=context, **execute_callable_kwargs)
             ^^^^^^^^^^^^^^^^^^^^^^^^^^^^^^^^^^^^^^^^^^^^^^^^^^^^^^^^^^^^^
  File "/home/airflow/.local/lib/python3.12/site-packages/airflow/models/taskinstance.py", line 432, in _execute_callable
    return execute_callable(context=context, **execute_callable_kwargs)
           ^^^^^^^^^^^^^^^^^^^^^^^^^^^^^^^^^^^^^^^^^^^^^^^^^^^^^^^^^^^^
  File "/home/airflow/.local/lib/python3.12/site-packages/airflow/models/baseoperator.py", line 400, in wrapper
    return func(self, *args, **kwargs)
           ^^^^^^^^^^^^^^^^^^^^^^^^^^^
  File "/home/airflow/.local/lib/python3.12/site-packages/airflow/operators/python.py", line 235, in execute
    return_value = self.execute_callable()
                   ^^^^^^^^^^^^^^^^^^^^^^^
  File "/home/airflow/.local/lib/python3.12/site-packages/airflow/operators/python.py", line 252, in execute_callable
    return self.python_callable(*self.op_args, **self.op_kwargs)
           ^^^^^^^^^^^^^^^^^^^^^^^^^^^^^^^^^^^^^^^^^^^^^^^^^^^^^
  File "/opt/airflow/dags/air_quality/tasks.py", line 25, in extract
    os.remove("air_quality_data.csv")
FileNotFoundError: [Errno 2] No such file or directory: 'air_quality_data.csv'
[2024-04-26T00:06:08.187+0000] {taskinstance.py:1205} INFO - Marking task as FAILED. dag_id=pipeline, task_id=etl.extract, execution_date=20240205T000000, start_date=20240426T000607, end_date=20240426T000608
[2024-04-26T00:06:08.193+0000] {standard_task_runner.py:110} ERROR - Failed to execute job 262 for task etl.extract ([Errno 2] No such file or directory: 'air_quality_data.csv'; 6470)
[2024-04-26T00:06:08.231+0000] {local_task_job_runner.py:240} INFO - Task exited with return code 1
[2024-04-26T00:06:08.248+0000] {taskinstance.py:3482} INFO - 0 downstream tasks scheduled from follow-on schedule check
[2024-04-26T00:06:08.251+0000] {local_task_job_runner.py:222} INFO - ::endgroup::
[2024-04-26T16:23:04.153+0000] {local_task_job_runner.py:120} INFO - ::group::Pre task execution logs
[2024-04-26T16:23:04.175+0000] {taskinstance.py:2073} INFO - Dependencies all met for dep_context=non-requeueable deps ti=<TaskInstance: pipeline.etl.extract scheduled__2024-02-05T00:00:00+00:00 [queued]>
[2024-04-26T16:23:04.180+0000] {taskinstance.py:2073} INFO - Dependencies all met for dep_context=requeueable deps ti=<TaskInstance: pipeline.etl.extract scheduled__2024-02-05T00:00:00+00:00 [queued]>
[2024-04-26T16:23:04.180+0000] {taskinstance.py:2303} INFO - Starting attempt 1 of 1
[2024-04-26T16:23:04.188+0000] {taskinstance.py:2327} INFO - Executing <Task(PythonOperator): etl.extract> on 2024-02-05 00:00:00+00:00
[2024-04-26T16:23:04.197+0000] {standard_task_runner.py:90} INFO - Running: ['***', 'tasks', 'run', 'pipeline', 'etl.extract', 'scheduled__2024-02-05T00:00:00+00:00', '--job-id', '287', '--raw', '--subdir', 'DAGS_FOLDER/air_quality/air_quality_dag.py', '--cfg-path', '/tmp/tmp1s6048iz']
[2024-04-26T16:23:04.199+0000] {standard_task_runner.py:91} INFO - Job 287: Subtask etl.extract
[2024-04-26T16:23:04.199+0000] {logging_mixin.py:188} WARNING - /home/***/.local/lib/python3.12/site-packages/***/task/task_runner/standard_task_runner.py:61 DeprecationWarning: This process (pid=2181) is multi-threaded, use of fork() may lead to deadlocks in the child.
[2024-04-26T16:23:04.200+0000] {standard_task_runner.py:63} INFO - Started process 2183 to run task
[2024-04-26T16:23:04.233+0000] {task_command.py:426} INFO - Running <TaskInstance: pipeline.etl.extract scheduled__2024-02-05T00:00:00+00:00 [running]> on host cf1d83d83b27
[2024-04-26T16:23:04.293+0000] {taskinstance.py:2644} INFO - Exporting env vars: AIRFLOW_CTX_DAG_OWNER='***' AIRFLOW_CTX_DAG_ID='pipeline' AIRFLOW_CTX_TASK_ID='etl.extract' AIRFLOW_CTX_EXECUTION_DATE='2024-02-05T00:00:00+00:00' AIRFLOW_CTX_TRY_NUMBER='1' AIRFLOW_CTX_DAG_RUN_ID='scheduled__2024-02-05T00:00:00+00:00'
[2024-04-26T16:23:04.294+0000] {taskinstance.py:430} INFO - ::endgroup::
[2024-04-26T16:23:04.306+0000] {tasks.py:32} INFO - Extracting location...
[2024-04-26T16:23:04.307+0000] {taskinstance.py:441} INFO - ::group::Post task execution logs
[2024-04-26T16:23:04.307+0000] {taskinstance.py:2890} ERROR - Task failed with exception
Traceback (most recent call last):
  File "/home/airflow/.local/lib/python3.12/site-packages/airflow/models/taskinstance.py", line 465, in _execute_task
    result = _execute_callable(context=context, **execute_callable_kwargs)
             ^^^^^^^^^^^^^^^^^^^^^^^^^^^^^^^^^^^^^^^^^^^^^^^^^^^^^^^^^^^^^
  File "/home/airflow/.local/lib/python3.12/site-packages/airflow/models/taskinstance.py", line 432, in _execute_callable
    return execute_callable(context=context, **execute_callable_kwargs)
           ^^^^^^^^^^^^^^^^^^^^^^^^^^^^^^^^^^^^^^^^^^^^^^^^^^^^^^^^^^^^
  File "/home/airflow/.local/lib/python3.12/site-packages/airflow/models/baseoperator.py", line 400, in wrapper
    return func(self, *args, **kwargs)
           ^^^^^^^^^^^^^^^^^^^^^^^^^^^
  File "/home/airflow/.local/lib/python3.12/site-packages/airflow/operators/python.py", line 235, in execute
    return_value = self.execute_callable()
                   ^^^^^^^^^^^^^^^^^^^^^^^
  File "/home/airflow/.local/lib/python3.12/site-packages/airflow/operators/python.py", line 252, in execute_callable
    return self.python_callable(*self.op_args, **self.op_kwargs)
           ^^^^^^^^^^^^^^^^^^^^^^^^^^^^^^^^^^^^^^^^^^^^^^^^^^^^^
  File "/opt/airflow/dags/air_quality/tasks.py", line 33, in extract_location_and_air_quality
    location_metadata = location_api_connector.extract_location_metadata()
                        ^^^^^^^^^^^^^^^^^^^^^^^^^^^^^^^^^^^^^^^^^^^^^^^^
AttributeError: 'LocationAPIConnector' object has no attribute 'extract_location_metadata'
[2024-04-26T16:23:04.316+0000] {taskinstance.py:1205} INFO - Marking task as FAILED. dag_id=pipeline, task_id=etl.extract, execution_date=20240205T000000, start_date=20240426T162304, end_date=20240426T162304
[2024-04-26T16:23:04.323+0000] {standard_task_runner.py:110} ERROR - Failed to execute job 287 for task etl.extract ('LocationAPIConnector' object has no attribute 'extract_location_metadata'; 2183)
[2024-04-26T16:23:04.332+0000] {local_task_job_runner.py:240} INFO - Task exited with return code 1
[2024-04-26T16:23:04.349+0000] {taskinstance.py:3482} INFO - 0 downstream tasks scheduled from follow-on schedule check
[2024-04-26T16:23:04.352+0000] {local_task_job_runner.py:222} INFO - ::endgroup::
[2024-04-26T16:35:05.937+0000] {local_task_job_runner.py:120} INFO - ::group::Pre task execution logs
[2024-04-26T16:35:05.959+0000] {taskinstance.py:2073} INFO - Dependencies all met for dep_context=non-requeueable deps ti=<TaskInstance: pipeline.etl.extract scheduled__2024-02-05T00:00:00+00:00 [queued]>
[2024-04-26T16:35:05.964+0000] {taskinstance.py:2073} INFO - Dependencies all met for dep_context=requeueable deps ti=<TaskInstance: pipeline.etl.extract scheduled__2024-02-05T00:00:00+00:00 [queued]>
[2024-04-26T16:35:05.964+0000] {taskinstance.py:2303} INFO - Starting attempt 1 of 1
[2024-04-26T16:35:06.087+0000] {taskinstance.py:2327} INFO - Executing <Task(PythonOperator): etl.extract> on 2024-02-05 00:00:00+00:00
[2024-04-26T16:35:06.097+0000] {logging_mixin.py:188} WARNING - /home/***/.local/lib/python3.12/site-packages/***/task/task_runner/standard_task_runner.py:61 DeprecationWarning: This process (pid=188) is multi-threaded, use of fork() may lead to deadlocks in the child.
[2024-04-26T16:35:06.098+0000] {standard_task_runner.py:63} INFO - Started process 190 to run task
[2024-04-26T16:35:06.096+0000] {standard_task_runner.py:90} INFO - Running: ['***', 'tasks', 'run', 'pipeline', 'etl.extract', 'scheduled__2024-02-05T00:00:00+00:00', '--job-id', '296', '--raw', '--subdir', 'DAGS_FOLDER/air_quality/air_quality_dag.py', '--cfg-path', '/tmp/tmpwpuchtax']
[2024-04-26T16:35:06.098+0000] {standard_task_runner.py:91} INFO - Job 296: Subtask etl.extract
[2024-04-26T16:35:06.127+0000] {task_command.py:426} INFO - Running <TaskInstance: pipeline.etl.extract scheduled__2024-02-05T00:00:00+00:00 [running]> on host 5fdceac7b2c7
[2024-04-26T16:35:06.186+0000] {taskinstance.py:2644} INFO - Exporting env vars: AIRFLOW_CTX_DAG_OWNER='***' AIRFLOW_CTX_DAG_ID='pipeline' AIRFLOW_CTX_TASK_ID='etl.extract' AIRFLOW_CTX_EXECUTION_DATE='2024-02-05T00:00:00+00:00' AIRFLOW_CTX_TRY_NUMBER='1' AIRFLOW_CTX_DAG_RUN_ID='scheduled__2024-02-05T00:00:00+00:00'
[2024-04-26T16:35:06.186+0000] {taskinstance.py:430} INFO - ::endgroup::
[2024-04-26T16:35:06.209+0000] {tasks.py:32} INFO - Extracting location...
[2024-04-26T16:35:06.211+0000] {LocationConnector.py:70} INFO - Extracting data for: Guadalajara
[2024-04-26T16:35:09.650+0000] {LocationConnector.py:70} INFO - Extracting data for: Monterrey
[2024-04-26T16:35:13.073+0000] {LocationConnector.py:70} INFO - Extracting data for: Mexico City
[2024-04-26T16:35:16.462+0000] {LocationConnector.py:78} INFO - Successfully Extracted Location data: (3, 12)
[2024-04-26T16:35:16.464+0000] {tasks.py:34} INFO - Location extraction complete.
[2024-04-26T16:35:16.464+0000] {tasks.py:37} INFO - Extracting air quality data...
[2024-04-26T16:35:25.028+0000] {AirQualityConnector.py:85} INFO - Successfully Extracted air quality data: (72, 11)
[2024-04-26T16:35:25.028+0000] {tasks.py:39} INFO - Air quality data extraction complete.
[2024-04-26T16:35:25.028+0000] {python.py:237} INFO - Done. Returned value was: None
[2024-04-26T16:35:25.029+0000] {taskinstance.py:441} INFO - ::group::Post task execution logs
[2024-04-26T16:35:25.037+0000] {taskinstance.py:1205} INFO - Marking task as SUCCESS. dag_id=pipeline, task_id=etl.extract, execution_date=20240205T000000, start_date=20240426T163505, end_date=20240426T163525
[2024-04-26T16:35:25.073+0000] {local_task_job_runner.py:240} INFO - Task exited with return code 0
[2024-04-26T16:35:25.091+0000] {taskinstance.py:3482} INFO - 1 downstream tasks scheduled from follow-on schedule check
[2024-04-26T16:35:25.093+0000] {local_task_job_runner.py:222} INFO - ::endgroup::
