[2024-04-25T22:48:10.972+0000] {local_task_job_runner.py:120} INFO - ::group::Pre task execution logs
[2024-04-25T22:48:10.995+0000] {taskinstance.py:2073} INFO - Dependencies all met for dep_context=non-requeueable deps ti=<TaskInstance: pipeline.extract manual__2024-04-25T22:48:09.294348+00:00 [queued]>
[2024-04-25T22:48:11.119+0000] {taskinstance.py:2073} INFO - Dependencies all met for dep_context=requeueable deps ti=<TaskInstance: pipeline.extract manual__2024-04-25T22:48:09.294348+00:00 [queued]>
[2024-04-25T22:48:11.119+0000] {taskinstance.py:2303} INFO - Starting attempt 1 of 1
[2024-04-25T22:48:11.130+0000] {taskinstance.py:2327} INFO - Executing <Task(PythonOperator): extract> on 2024-04-25 22:48:09.294348+00:00
[2024-04-25T22:48:11.139+0000] {logging_mixin.py:188} WARNING - /home/***/.local/lib/python3.12/site-packages/***/task/task_runner/standard_task_runner.py:61 DeprecationWarning: This process (pid=3537) is multi-threaded, use of fork() may lead to deadlocks in the child.
[2024-04-25T22:48:11.140+0000] {standard_task_runner.py:63} INFO - Started process 3539 to run task
[2024-04-25T22:48:11.140+0000] {standard_task_runner.py:90} INFO - Running: ['***', 'tasks', 'run', 'pipeline', 'extract', 'manual__2024-04-25T22:48:09.294348+00:00', '--job-id', '158', '--raw', '--subdir', 'DAGS_FOLDER/air_quality/air_quality_dag.py', '--cfg-path', '/tmp/tmp7_dwyrtq']
[2024-04-25T22:48:11.141+0000] {standard_task_runner.py:91} INFO - Job 158: Subtask extract
[2024-04-25T22:48:11.172+0000] {task_command.py:426} INFO - Running <TaskInstance: pipeline.extract manual__2024-04-25T22:48:09.294348+00:00 [running]> on host cf1d83d83b27
[2024-04-25T22:48:11.232+0000] {taskinstance.py:2644} INFO - Exporting env vars: AIRFLOW_CTX_DAG_OWNER='***' AIRFLOW_CTX_DAG_ID='pipeline' AIRFLOW_CTX_TASK_ID='extract' AIRFLOW_CTX_EXECUTION_DATE='2024-04-25T22:48:09.294348+00:00' AIRFLOW_CTX_TRY_NUMBER='1' AIRFLOW_CTX_DAG_RUN_ID='manual__2024-04-25T22:48:09.294348+00:00'
[2024-04-25T22:48:11.233+0000] {taskinstance.py:430} INFO - ::endgroup::
[2024-04-25T22:48:11.245+0000] {LocationConnector.py:66} INFO - Extracting data for: Guadalajara
[2024-04-25T22:48:13.839+0000] {LocationConnector.py:66} INFO - Extracting data for: Monterrey
[2024-04-25T22:48:16.277+0000] {LocationConnector.py:66} INFO - Extracting data for: Mexico City
[2024-04-25T22:48:18.678+0000] {LocationConnector.py:66} INFO - Extracting data for: Puebla
[2024-04-25T22:48:22.135+0000] {LocationConnector.py:66} INFO - Extracting data for: Aguascalientes
[2024-04-25T22:48:24.596+0000] {LocationConnector.py:66} INFO - Extracting data for: Merida
[2024-04-25T22:48:27.047+0000] {LocationConnector.py:66} INFO - Extracting data for: Toluca
[2024-04-25T22:48:29.499+0000] {LocationConnector.py:66} INFO - Extracting data for: Durango
[2024-04-25T22:48:31.970+0000] {LocationConnector.py:66} INFO - Extracting data for: Chihuahua
[2024-04-25T22:48:34.422+0000] {LocationConnector.py:66} INFO - Extracting data for: San luis Potosi
[2024-04-25T22:48:36.862+0000] {LocationConnector.py:66} INFO - Extracting data for: Leon
[2024-04-25T22:48:38.370+0000] {LocationConnector.py:66} INFO - Extracting data for: Buenos Aires
[2024-04-25T22:48:41.987+0000] {LocationConnector.py:66} INFO - Extracting data for: Medellin
[2024-04-25T22:48:43.455+0000] {LocationConnector.py:78} INFO - Data extracted - Shape: (13, 12)
[2024-04-25T22:49:11.954+0000] {AirQualityConnector.py:93} INFO - Extracted air quality data: (312, 11)
[2024-04-25T22:49:11.967+0000] {python.py:237} INFO - Done. Returned value was: None
[2024-04-25T22:49:11.968+0000] {taskinstance.py:441} INFO - ::group::Post task execution logs
[2024-04-25T22:49:11.975+0000] {taskinstance.py:1205} INFO - Marking task as SUCCESS. dag_id=pipeline, task_id=extract, execution_date=20240425T224809, start_date=20240425T224810, end_date=20240425T224911
[2024-04-25T22:49:12.000+0000] {local_task_job_runner.py:240} INFO - Task exited with return code 0
[2024-04-25T22:49:12.019+0000] {taskinstance.py:3482} INFO - 1 downstream tasks scheduled from follow-on schedule check
[2024-04-25T22:49:12.021+0000] {local_task_job_runner.py:222} INFO - ::endgroup::
