[2024-04-26T17:25:34.425+0000] {local_task_job_runner.py:120} INFO - ::group::Pre task execution logs
[2024-04-26T17:25:34.458+0000] {taskinstance.py:2073} INFO - Dependencies all met for dep_context=non-requeueable deps ti=<TaskInstance: air_quality_pipeline.etl.load backfill__2024-04-04T22:00:00+00:00 [queued]>
[2024-04-26T17:25:34.464+0000] {taskinstance.py:2073} INFO - Dependencies all met for dep_context=requeueable deps ti=<TaskInstance: air_quality_pipeline.etl.load backfill__2024-04-04T22:00:00+00:00 [queued]>
[2024-04-26T17:25:34.464+0000] {taskinstance.py:2303} INFO - Starting attempt 1 of 2
[2024-04-26T17:25:34.476+0000] {taskinstance.py:2327} INFO - Executing <Task(PythonOperator): etl.load> on 2024-04-04 22:00:00+00:00
[2024-04-26T17:25:34.489+0000] {logging_mixin.py:188} WARNING - /home/***/.local/lib/python3.12/site-packages/***/task/task_runner/standard_task_runner.py:61 DeprecationWarning: This process (pid=896) is multi-threaded, use of fork() may lead to deadlocks in the child.
[2024-04-26T17:25:34.490+0000] {standard_task_runner.py:63} INFO - Started process 904 to run task
[2024-04-26T17:25:34.488+0000] {standard_task_runner.py:90} INFO - Running: ['***', 'tasks', 'run', 'air_quality_pipeline', 'etl.load', 'backfill__2024-04-04T22:00:00+00:00', '--job-id', '347', '--pool', 'default_pool', '--raw', '--subdir', 'DAGS_FOLDER/air_quality/air_quality_dag.py', '--cfg-path', '/tmp/tmpdjbqn4tc']
[2024-04-26T17:25:34.490+0000] {standard_task_runner.py:91} INFO - Job 347: Subtask etl.load
[2024-04-26T17:25:34.545+0000] {task_command.py:426} INFO - Running <TaskInstance: air_quality_pipeline.etl.load backfill__2024-04-04T22:00:00+00:00 [running]> on host 4718ecf2379c
[2024-04-26T17:25:34.629+0000] {taskinstance.py:2644} INFO - Exporting env vars: AIRFLOW_CTX_DAG_OWNER='***' AIRFLOW_CTX_DAG_ID='air_quality_pipeline' AIRFLOW_CTX_TASK_ID='etl.load' AIRFLOW_CTX_EXECUTION_DATE='2024-04-04T22:00:00+00:00' AIRFLOW_CTX_TRY_NUMBER='1' AIRFLOW_CTX_DAG_RUN_ID='backfill__2024-04-04T22:00:00+00:00'
[2024-04-26T17:25:34.630+0000] {taskinstance.py:430} INFO - ::endgroup::
[2024-04-26T17:25:34.641+0000] {tasks.py:82} INFO - Loading transformed data into Redshift...
[2024-04-26T17:25:34.642+0000] {RedShiftLoader.py:55} INFO - Loading data into Redshift
[2024-04-26T17:26:51.565+0000] {RedShiftLoader.py:66} INFO - Data inserted successfully
[2024-04-26T17:26:51.566+0000] {RedShiftLoader.py:79} INFO - Connection closed
[2024-04-26T17:26:51.566+0000] {tasks.py:85} INFO - Transformed data loaded into Redshift.
[2024-04-26T17:26:51.566+0000] {python.py:237} INFO - Done. Returned value was: None
[2024-04-26T17:26:51.567+0000] {taskinstance.py:441} INFO - ::group::Post task execution logs
[2024-04-26T17:26:51.575+0000] {taskinstance.py:1205} INFO - Marking task as SUCCESS. dag_id=air_quality_pipeline, task_id=etl.load, execution_date=20240404T220000, start_date=20240426T172534, end_date=20240426T172651
[2024-04-26T17:26:51.608+0000] {local_task_job_runner.py:240} INFO - Task exited with return code 0
[2024-04-26T17:26:51.632+0000] {taskinstance.py:3482} INFO - 1 downstream tasks scheduled from follow-on schedule check
[2024-04-26T17:26:51.633+0000] {local_task_job_runner.py:222} INFO - ::endgroup::
[2024-04-26T17:44:05.391+0000] {local_task_job_runner.py:120} INFO - ::group::Pre task execution logs
[2024-04-26T17:44:05.415+0000] {taskinstance.py:2073} INFO - Dependencies all met for dep_context=non-requeueable deps ti=<TaskInstance: air_quality_pipeline.etl.load backfill__2024-04-04T22:00:00+00:00 [queued]>
[2024-04-26T17:44:05.419+0000] {taskinstance.py:2073} INFO - Dependencies all met for dep_context=requeueable deps ti=<TaskInstance: air_quality_pipeline.etl.load backfill__2024-04-04T22:00:00+00:00 [queued]>
[2024-04-26T17:44:05.419+0000] {taskinstance.py:2303} INFO - Starting attempt 1 of 2
[2024-04-26T17:44:05.428+0000] {taskinstance.py:2327} INFO - Executing <Task(PythonOperator): etl.load> on 2024-04-04 22:00:00+00:00
[2024-04-26T17:44:05.436+0000] {logging_mixin.py:188} WARNING - /home/***/.local/lib/python3.12/site-packages/***/task/task_runner/standard_task_runner.py:61 DeprecationWarning: This process (pid=1850) is multi-threaded, use of fork() may lead to deadlocks in the child.
[2024-04-26T17:44:05.437+0000] {standard_task_runner.py:63} INFO - Started process 1851 to run task
[2024-04-26T17:44:05.436+0000] {standard_task_runner.py:90} INFO - Running: ['***', 'tasks', 'run', 'air_quality_pipeline', 'etl.load', 'backfill__2024-04-04T22:00:00+00:00', '--job-id', '404', '--pool', 'default_pool', '--raw', '--subdir', 'DAGS_FOLDER/air_quality/air_quality_dag.py', '--cfg-path', '/tmp/tmp4eume4hq']
[2024-04-26T17:44:05.438+0000] {standard_task_runner.py:91} INFO - Job 404: Subtask etl.load
[2024-04-26T17:44:05.470+0000] {task_command.py:426} INFO - Running <TaskInstance: air_quality_pipeline.etl.load backfill__2024-04-04T22:00:00+00:00 [running]> on host 4718ecf2379c
[2024-04-26T17:44:05.531+0000] {taskinstance.py:2644} INFO - Exporting env vars: AIRFLOW_CTX_DAG_OWNER='***' AIRFLOW_CTX_DAG_ID='air_quality_pipeline' AIRFLOW_CTX_TASK_ID='etl.load' AIRFLOW_CTX_EXECUTION_DATE='2024-04-04T22:00:00+00:00' AIRFLOW_CTX_TRY_NUMBER='1' AIRFLOW_CTX_DAG_RUN_ID='backfill__2024-04-04T22:00:00+00:00'
[2024-04-26T17:44:05.531+0000] {taskinstance.py:430} INFO - ::endgroup::
[2024-04-26T17:44:05.540+0000] {tasks.py:82} INFO - Loading transformed data into Redshift...
[2024-04-26T17:44:05.540+0000] {RedShiftLoader.py:55} INFO - Loading data into Redshift
[2024-04-26T17:44:21.853+0000] {RedShiftLoader.py:72} INFO - Data inserted successfully
[2024-04-26T17:44:21.853+0000] {RedShiftLoader.py:79} INFO - Connection closed
[2024-04-26T17:44:21.854+0000] {tasks.py:85} INFO - Transformed data loaded into Redshift.
[2024-04-26T17:44:21.854+0000] {python.py:237} INFO - Done. Returned value was: None
[2024-04-26T17:44:21.854+0000] {taskinstance.py:441} INFO - ::group::Post task execution logs
[2024-04-26T17:44:21.864+0000] {taskinstance.py:1205} INFO - Marking task as SUCCESS. dag_id=air_quality_pipeline, task_id=etl.load, execution_date=20240404T220000, start_date=20240426T174405, end_date=20240426T174421
[2024-04-26T17:44:21.929+0000] {local_task_job_runner.py:240} INFO - Task exited with return code 0
[2024-04-26T17:44:21.952+0000] {taskinstance.py:3482} INFO - 1 downstream tasks scheduled from follow-on schedule check
[2024-04-26T17:44:21.954+0000] {local_task_job_runner.py:222} INFO - ::endgroup::
