[2024-04-26T17:25:34.421+0000] {local_task_job_runner.py:120} INFO - ::group::Pre task execution logs
[2024-04-26T17:25:34.458+0000] {taskinstance.py:2073} INFO - Dependencies all met for dep_context=non-requeueable deps ti=<TaskInstance: air_quality_pipeline.etl.load backfill__2024-04-02T22:00:00+00:00 [queued]>
[2024-04-26T17:25:34.464+0000] {taskinstance.py:2073} INFO - Dependencies all met for dep_context=requeueable deps ti=<TaskInstance: air_quality_pipeline.etl.load backfill__2024-04-02T22:00:00+00:00 [queued]>
[2024-04-26T17:25:34.464+0000] {taskinstance.py:2303} INFO - Starting attempt 1 of 2
[2024-04-26T17:25:34.476+0000] {taskinstance.py:2327} INFO - Executing <Task(PythonOperator): etl.load> on 2024-04-02 22:00:00+00:00
[2024-04-26T17:25:34.488+0000] {logging_mixin.py:188} WARNING - /home/***/.local/lib/python3.12/site-packages/***/task/task_runner/standard_task_runner.py:61 DeprecationWarning: This process (pid=897) is multi-threaded, use of fork() may lead to deadlocks in the child.
[2024-04-26T17:25:34.489+0000] {standard_task_runner.py:63} INFO - Started process 903 to run task
[2024-04-26T17:25:34.488+0000] {standard_task_runner.py:90} INFO - Running: ['***', 'tasks', 'run', 'air_quality_pipeline', 'etl.load', 'backfill__2024-04-02T22:00:00+00:00', '--job-id', '346', '--pool', 'default_pool', '--raw', '--subdir', 'DAGS_FOLDER/air_quality/air_quality_dag.py', '--cfg-path', '/tmp/tmpzqqlka6r']
[2024-04-26T17:25:34.490+0000] {standard_task_runner.py:91} INFO - Job 346: Subtask etl.load
[2024-04-26T17:25:34.540+0000] {task_command.py:426} INFO - Running <TaskInstance: air_quality_pipeline.etl.load backfill__2024-04-02T22:00:00+00:00 [running]> on host 4718ecf2379c
[2024-04-26T17:25:34.616+0000] {taskinstance.py:2644} INFO - Exporting env vars: AIRFLOW_CTX_DAG_OWNER='***' AIRFLOW_CTX_DAG_ID='air_quality_pipeline' AIRFLOW_CTX_TASK_ID='etl.load' AIRFLOW_CTX_EXECUTION_DATE='2024-04-02T22:00:00+00:00' AIRFLOW_CTX_TRY_NUMBER='1' AIRFLOW_CTX_DAG_RUN_ID='backfill__2024-04-02T22:00:00+00:00'
[2024-04-26T17:25:34.617+0000] {taskinstance.py:430} INFO - ::endgroup::
[2024-04-26T17:25:34.628+0000] {tasks.py:82} INFO - Loading transformed data into Redshift...
[2024-04-26T17:25:34.628+0000] {RedShiftLoader.py:55} INFO - Loading data into Redshift
[2024-04-26T17:26:59.958+0000] {RedShiftLoader.py:66} INFO - Data inserted successfully
[2024-04-26T17:26:59.959+0000] {RedShiftLoader.py:79} INFO - Connection closed
[2024-04-26T17:26:59.959+0000] {tasks.py:85} INFO - Transformed data loaded into Redshift.
[2024-04-26T17:26:59.959+0000] {python.py:237} INFO - Done. Returned value was: None
[2024-04-26T17:26:59.960+0000] {taskinstance.py:441} INFO - ::group::Post task execution logs
[2024-04-26T17:26:59.967+0000] {taskinstance.py:1205} INFO - Marking task as SUCCESS. dag_id=air_quality_pipeline, task_id=etl.load, execution_date=20240402T220000, start_date=20240426T172534, end_date=20240426T172659
[2024-04-26T17:27:00.007+0000] {local_task_job_runner.py:240} INFO - Task exited with return code 0
[2024-04-26T17:27:00.025+0000] {taskinstance.py:3482} INFO - 1 downstream tasks scheduled from follow-on schedule check
[2024-04-26T17:27:00.027+0000] {local_task_job_runner.py:222} INFO - ::endgroup::
[2024-04-26T17:32:46.694+0000] {local_task_job_runner.py:120} INFO - ::group::Pre task execution logs
[2024-04-26T17:32:46.718+0000] {taskinstance.py:2073} INFO - Dependencies all met for dep_context=non-requeueable deps ti=<TaskInstance: air_quality_pipeline.etl.load backfill__2024-04-02T22:00:00+00:00 [queued]>
[2024-04-26T17:32:46.723+0000] {taskinstance.py:2073} INFO - Dependencies all met for dep_context=requeueable deps ti=<TaskInstance: air_quality_pipeline.etl.load backfill__2024-04-02T22:00:00+00:00 [queued]>
[2024-04-26T17:32:46.723+0000] {taskinstance.py:2303} INFO - Starting attempt 1 of 2
[2024-04-26T17:32:46.730+0000] {taskinstance.py:2327} INFO - Executing <Task(PythonOperator): etl.load> on 2024-04-02 22:00:00+00:00
[2024-04-26T17:32:46.739+0000] {logging_mixin.py:188} WARNING - /home/***/.local/lib/python3.12/site-packages/***/task/task_runner/standard_task_runner.py:61 DeprecationWarning: This process (pid=1261) is multi-threaded, use of fork() may lead to deadlocks in the child.
[2024-04-26T17:32:46.739+0000] {standard_task_runner.py:63} INFO - Started process 1262 to run task
[2024-04-26T17:32:46.739+0000] {standard_task_runner.py:90} INFO - Running: ['***', 'tasks', 'run', 'air_quality_pipeline', 'etl.load', 'backfill__2024-04-02T22:00:00+00:00', '--job-id', '380', '--pool', 'default_pool', '--raw', '--subdir', 'DAGS_FOLDER/air_quality/air_quality_dag.py', '--cfg-path', '/tmp/tmpru95wqdd']
[2024-04-26T17:32:46.740+0000] {standard_task_runner.py:91} INFO - Job 380: Subtask etl.load
[2024-04-26T17:32:46.771+0000] {task_command.py:426} INFO - Running <TaskInstance: air_quality_pipeline.etl.load backfill__2024-04-02T22:00:00+00:00 [running]> on host 4718ecf2379c
[2024-04-26T17:32:46.833+0000] {taskinstance.py:2644} INFO - Exporting env vars: AIRFLOW_CTX_DAG_OWNER='***' AIRFLOW_CTX_DAG_ID='air_quality_pipeline' AIRFLOW_CTX_TASK_ID='etl.load' AIRFLOW_CTX_EXECUTION_DATE='2024-04-02T22:00:00+00:00' AIRFLOW_CTX_TRY_NUMBER='1' AIRFLOW_CTX_DAG_RUN_ID='backfill__2024-04-02T22:00:00+00:00'
[2024-04-26T17:32:46.833+0000] {taskinstance.py:430} INFO - ::endgroup::
[2024-04-26T17:32:46.842+0000] {tasks.py:82} INFO - Loading transformed data into Redshift...
[2024-04-26T17:32:46.842+0000] {RedShiftLoader.py:55} INFO - Loading data into Redshift
[2024-04-26T17:32:49.148+0000] {RedShiftLoader.py:72} INFO - Data inserted successfully
[2024-04-26T17:32:49.148+0000] {RedShiftLoader.py:79} INFO - Connection closed
[2024-04-26T17:32:49.148+0000] {tasks.py:85} INFO - Transformed data loaded into Redshift.
[2024-04-26T17:32:49.149+0000] {python.py:237} INFO - Done. Returned value was: None
[2024-04-26T17:32:49.149+0000] {taskinstance.py:441} INFO - ::group::Post task execution logs
[2024-04-26T17:32:49.159+0000] {taskinstance.py:1205} INFO - Marking task as SUCCESS. dag_id=air_quality_pipeline, task_id=etl.load, execution_date=20240402T220000, start_date=20240426T173246, end_date=20240426T173249
[2024-04-26T17:32:49.197+0000] {local_task_job_runner.py:240} INFO - Task exited with return code 0
[2024-04-26T17:32:49.225+0000] {taskinstance.py:3482} INFO - 1 downstream tasks scheduled from follow-on schedule check
[2024-04-26T17:32:49.227+0000] {local_task_job_runner.py:222} INFO - ::endgroup::
[2024-04-26T17:41:02.968+0000] {local_task_job_runner.py:120} INFO - ::group::Pre task execution logs
[2024-04-26T17:41:02.992+0000] {taskinstance.py:2073} INFO - Dependencies all met for dep_context=non-requeueable deps ti=<TaskInstance: air_quality_pipeline.etl.load backfill__2024-04-02T22:00:00+00:00 [queued]>
[2024-04-26T17:41:02.997+0000] {taskinstance.py:2073} INFO - Dependencies all met for dep_context=requeueable deps ti=<TaskInstance: air_quality_pipeline.etl.load backfill__2024-04-02T22:00:00+00:00 [queued]>
[2024-04-26T17:41:02.997+0000] {taskinstance.py:2303} INFO - Starting attempt 1 of 2
[2024-04-26T17:41:03.006+0000] {taskinstance.py:2327} INFO - Executing <Task(PythonOperator): etl.load> on 2024-04-02 22:00:00+00:00
[2024-04-26T17:41:03.014+0000] {logging_mixin.py:188} WARNING - /home/***/.local/lib/python3.12/site-packages/***/task/task_runner/standard_task_runner.py:61 DeprecationWarning: This process (pid=1595) is multi-threaded, use of fork() may lead to deadlocks in the child.
[2024-04-26T17:41:03.014+0000] {standard_task_runner.py:63} INFO - Started process 1596 to run task
[2024-04-26T17:41:03.014+0000] {standard_task_runner.py:90} INFO - Running: ['***', 'tasks', 'run', 'air_quality_pipeline', 'etl.load', 'backfill__2024-04-02T22:00:00+00:00', '--job-id', '397', '--pool', 'default_pool', '--raw', '--subdir', 'DAGS_FOLDER/air_quality/air_quality_dag.py', '--cfg-path', '/tmp/tmppds413rv']
[2024-04-26T17:41:03.015+0000] {standard_task_runner.py:91} INFO - Job 397: Subtask etl.load
[2024-04-26T17:41:03.046+0000] {task_command.py:426} INFO - Running <TaskInstance: air_quality_pipeline.etl.load backfill__2024-04-02T22:00:00+00:00 [running]> on host 4718ecf2379c
[2024-04-26T17:41:03.108+0000] {taskinstance.py:2644} INFO - Exporting env vars: AIRFLOW_CTX_DAG_OWNER='***' AIRFLOW_CTX_DAG_ID='air_quality_pipeline' AIRFLOW_CTX_TASK_ID='etl.load' AIRFLOW_CTX_EXECUTION_DATE='2024-04-02T22:00:00+00:00' AIRFLOW_CTX_TRY_NUMBER='1' AIRFLOW_CTX_DAG_RUN_ID='backfill__2024-04-02T22:00:00+00:00'
[2024-04-26T17:41:03.109+0000] {taskinstance.py:430} INFO - ::endgroup::
[2024-04-26T17:41:03.117+0000] {tasks.py:82} INFO - Loading transformed data into Redshift...
[2024-04-26T17:41:03.118+0000] {RedShiftLoader.py:55} INFO - Loading data into Redshift
[2024-04-26T17:41:13.190+0000] {RedShiftLoader.py:72} INFO - Data inserted successfully
[2024-04-26T17:41:13.191+0000] {RedShiftLoader.py:79} INFO - Connection closed
[2024-04-26T17:41:13.191+0000] {tasks.py:85} INFO - Transformed data loaded into Redshift.
[2024-04-26T17:41:13.191+0000] {python.py:237} INFO - Done. Returned value was: None
[2024-04-26T17:41:13.191+0000] {taskinstance.py:441} INFO - ::group::Post task execution logs
[2024-04-26T17:41:13.198+0000] {taskinstance.py:1205} INFO - Marking task as SUCCESS. dag_id=air_quality_pipeline, task_id=etl.load, execution_date=20240402T220000, start_date=20240426T174102, end_date=20240426T174113
[2024-04-26T17:41:13.228+0000] {local_task_job_runner.py:240} INFO - Task exited with return code 0
[2024-04-26T17:41:13.244+0000] {taskinstance.py:3482} INFO - 1 downstream tasks scheduled from follow-on schedule check
[2024-04-26T17:41:13.246+0000] {local_task_job_runner.py:222} INFO - ::endgroup::
