[2024-04-26T18:09:18.665+0000] {local_task_job_runner.py:120} INFO - ::group::Pre task execution logs
[2024-04-26T18:09:18.687+0000] {taskinstance.py:2073} INFO - Dependencies all met for dep_context=non-requeueable deps ti=<TaskInstance: air_quality_pipeline.etl.transform manual__2024-04-26T18:04:10.972377+00:00 [queued]>
[2024-04-26T18:09:18.810+0000] {taskinstance.py:2073} INFO - Dependencies all met for dep_context=requeueable deps ti=<TaskInstance: air_quality_pipeline.etl.transform manual__2024-04-26T18:04:10.972377+00:00 [queued]>
[2024-04-26T18:09:18.810+0000] {taskinstance.py:2303} INFO - Starting attempt 2 of 3
[2024-04-26T18:09:18.818+0000] {taskinstance.py:2327} INFO - Executing <Task(PythonOperator): etl.transform> on 2024-04-26 18:04:10.972377+00:00
[2024-04-26T18:09:18.829+0000] {logging_mixin.py:188} WARNING - /home/***/.local/lib/python3.12/site-packages/***/task/task_runner/standard_task_runner.py:61 DeprecationWarning: This process (pid=2543) is multi-threaded, use of fork() may lead to deadlocks in the child.
[2024-04-26T18:09:18.830+0000] {standard_task_runner.py:63} INFO - Started process 2545 to run task
[2024-04-26T18:09:18.829+0000] {standard_task_runner.py:90} INFO - Running: ['***', 'tasks', 'run', 'air_quality_pipeline', 'etl.transform', 'manual__2024-04-26T18:04:10.972377+00:00', '--job-id', '419', '--raw', '--subdir', 'DAGS_FOLDER/air_quality/air_quality_dag.py', '--cfg-path', '/tmp/tmp_qzo86tm']
[2024-04-26T18:09:18.831+0000] {standard_task_runner.py:91} INFO - Job 419: Subtask etl.transform
[2024-04-26T18:09:18.859+0000] {task_command.py:426} INFO - Running <TaskInstance: air_quality_pipeline.etl.transform manual__2024-04-26T18:04:10.972377+00:00 [running]> on host 5fdceac7b2c7
[2024-04-26T18:09:18.921+0000] {taskinstance.py:2644} INFO - Exporting env vars: AIRFLOW_CTX_DAG_OWNER='***' AIRFLOW_CTX_DAG_ID='air_quality_pipeline' AIRFLOW_CTX_TASK_ID='etl.transform' AIRFLOW_CTX_EXECUTION_DATE='2024-04-26T18:04:10.972377+00:00' AIRFLOW_CTX_TRY_NUMBER='2' AIRFLOW_CTX_DAG_RUN_ID='manual__2024-04-26T18:04:10.972377+00:00'
[2024-04-26T18:09:18.922+0000] {taskinstance.py:430} INFO - ::endgroup::
[2024-04-26T18:09:18.931+0000] {tasks.py:52} INFO - Transforming location data...
[2024-04-26T18:09:18.941+0000] {LocationConnector.py:100} INFO - Successfully transformed DataFrame
[2024-04-26T18:09:18.942+0000] {LocationConnector.py:101} INFO - Shape of transformed DataFrame: (8, 8)
[2024-04-26T18:09:18.942+0000] {tasks.py:54} INFO - Location data transformation complete.
[2024-04-26T18:09:18.942+0000] {tasks.py:57} INFO - Transforming air quality data...
[2024-04-26T18:09:18.947+0000] {AirQualityConnector.py:101} INFO - Successfully transformed DataFrame
[2024-04-26T18:09:18.948+0000] {AirQualityConnector.py:102} INFO - Shape of transformed DataFrame: (184, 11)
[2024-04-26T18:09:18.948+0000] {tasks.py:59} INFO - Air quality data transformation complete.
[2024-04-26T18:09:18.948+0000] {tasks.py:62} INFO - Merging location and air quality data...
[2024-04-26T18:09:18.950+0000] {tasks.py:64} INFO - Location and air quality data merge complete.
[2024-04-26T18:09:18.951+0000] {tasks.py:70} INFO - Saving transformed data to CSV...
[2024-04-26T18:09:18.955+0000] {tasks.py:72} INFO - Transformed data saved to CSV.
[2024-04-26T18:09:18.955+0000] {python.py:237} INFO - Done. Returned value was: None
[2024-04-26T18:09:18.955+0000] {taskinstance.py:441} INFO - ::group::Post task execution logs
[2024-04-26T18:09:18.962+0000] {taskinstance.py:1205} INFO - Marking task as SUCCESS. dag_id=air_quality_pipeline, task_id=etl.transform, execution_date=20240426T180410, start_date=20240426T180918, end_date=20240426T180918
[2024-04-26T18:09:19.003+0000] {local_task_job_runner.py:240} INFO - Task exited with return code 0
[2024-04-26T18:09:19.024+0000] {taskinstance.py:3482} INFO - 1 downstream tasks scheduled from follow-on schedule check
[2024-04-26T18:09:19.026+0000] {local_task_job_runner.py:222} INFO - ::endgroup::
