[2024-04-25T23:05:15.101+0000] {local_task_job_runner.py:120} INFO - ::group::Pre task execution logs
[2024-04-25T23:05:15.129+0000] {taskinstance.py:2073} INFO - Dependencies all met for dep_context=non-requeueable deps ti=<TaskInstance: pipeline.extract manual__2024-04-25T22:52:20.828871+00:00 [queued]>
[2024-04-25T23:05:15.259+0000] {taskinstance.py:2073} INFO - Dependencies all met for dep_context=requeueable deps ti=<TaskInstance: pipeline.extract manual__2024-04-25T22:52:20.828871+00:00 [queued]>
[2024-04-25T23:05:15.260+0000] {taskinstance.py:2303} INFO - Starting attempt 4 of 4
[2024-04-25T23:05:15.268+0000] {taskinstance.py:2327} INFO - Executing <Task(PythonOperator): extract> on 2024-04-25 22:52:20.828871+00:00
[2024-04-25T23:05:15.277+0000] {logging_mixin.py:188} WARNING - /home/***/.local/lib/python3.12/site-packages/***/task/task_runner/standard_task_runner.py:61 DeprecationWarning: This process (pid=4149) is multi-threaded, use of fork() may lead to deadlocks in the child.
[2024-04-25T23:05:15.278+0000] {standard_task_runner.py:63} INFO - Started process 4155 to run task
[2024-04-25T23:05:15.278+0000] {standard_task_runner.py:90} INFO - Running: ['***', 'tasks', 'run', 'pipeline', 'extract', 'manual__2024-04-25T22:52:20.828871+00:00', '--job-id', '174', '--raw', '--subdir', 'DAGS_FOLDER/air_quality/air_quality_dag.py', '--cfg-path', '/tmp/tmpcoj87ykw']
[2024-04-25T23:05:15.280+0000] {standard_task_runner.py:91} INFO - Job 174: Subtask extract
[2024-04-25T23:05:15.315+0000] {task_command.py:426} INFO - Running <TaskInstance: pipeline.extract manual__2024-04-25T22:52:20.828871+00:00 [running]> on host cf1d83d83b27
[2024-04-25T23:05:15.384+0000] {taskinstance.py:2644} INFO - Exporting env vars: AIRFLOW_CTX_DAG_OWNER='***' AIRFLOW_CTX_DAG_ID='pipeline' AIRFLOW_CTX_TASK_ID='extract' AIRFLOW_CTX_EXECUTION_DATE='2024-04-25T22:52:20.828871+00:00' AIRFLOW_CTX_TRY_NUMBER='4' AIRFLOW_CTX_DAG_RUN_ID='manual__2024-04-25T22:52:20.828871+00:00'
[2024-04-25T23:05:15.385+0000] {taskinstance.py:430} INFO - ::endgroup::
[2024-04-25T23:05:15.397+0000] {LocationConnector.py:66} INFO - Extracting data for: Guadalajara
[2024-04-25T23:05:15.847+0000] {LocationConnector.py:71} ERROR - Error querying the API
[2024-04-25T23:05:15.860+0000] {python.py:237} INFO - Done. Returned value was: None
[2024-04-25T23:05:15.861+0000] {taskinstance.py:441} INFO - ::group::Post task execution logs
[2024-04-25T23:05:15.868+0000] {taskinstance.py:1205} INFO - Marking task as SUCCESS. dag_id=pipeline, task_id=extract, execution_date=20240425T225220, start_date=20240425T230515, end_date=20240425T230515
[2024-04-25T23:05:15.894+0000] {local_task_job_runner.py:240} INFO - Task exited with return code 0
[2024-04-25T23:05:15.911+0000] {taskinstance.py:3482} INFO - 1 downstream tasks scheduled from follow-on schedule check
[2024-04-25T23:05:15.912+0000] {local_task_job_runner.py:222} INFO - ::endgroup::
