[2024-04-25T22:58:06.339+0000] {local_task_job_runner.py:120} INFO - ::group::Pre task execution logs
[2024-04-25T22:58:06.367+0000] {taskinstance.py:2073} INFO - Dependencies all met for dep_context=non-requeueable deps ti=<TaskInstance: pipeline.extract manual__2024-04-25T22:52:20.828871+00:00 [queued]>
[2024-04-25T22:58:06.505+0000] {taskinstance.py:2073} INFO - Dependencies all met for dep_context=requeueable deps ti=<TaskInstance: pipeline.extract manual__2024-04-25T22:52:20.828871+00:00 [queued]>
[2024-04-25T22:58:06.505+0000] {taskinstance.py:2303} INFO - Starting attempt 3 of 3
[2024-04-25T22:58:06.514+0000] {taskinstance.py:2327} INFO - Executing <Task(PythonOperator): extract> on 2024-04-25 22:52:20.828871+00:00
[2024-04-25T22:58:06.522+0000] {logging_mixin.py:188} WARNING - /home/***/.local/lib/python3.12/site-packages/***/task/task_runner/standard_task_runner.py:61 DeprecationWarning: This process (pid=3900) is multi-threaded, use of fork() may lead to deadlocks in the child.
[2024-04-25T22:58:06.523+0000] {standard_task_runner.py:63} INFO - Started process 3902 to run task
[2024-04-25T22:58:06.522+0000] {standard_task_runner.py:90} INFO - Running: ['***', 'tasks', 'run', 'pipeline', 'extract', 'manual__2024-04-25T22:52:20.828871+00:00', '--job-id', '170', '--raw', '--subdir', 'DAGS_FOLDER/air_quality/air_quality_dag.py', '--cfg-path', '/tmp/tmpgbxmo244']
[2024-04-25T22:58:06.524+0000] {standard_task_runner.py:91} INFO - Job 170: Subtask extract
[2024-04-25T22:58:06.555+0000] {task_command.py:426} INFO - Running <TaskInstance: pipeline.extract manual__2024-04-25T22:52:20.828871+00:00 [running]> on host cf1d83d83b27
[2024-04-25T22:58:06.623+0000] {taskinstance.py:2644} INFO - Exporting env vars: AIRFLOW_CTX_DAG_OWNER='***' AIRFLOW_CTX_DAG_ID='pipeline' AIRFLOW_CTX_TASK_ID='extract' AIRFLOW_CTX_EXECUTION_DATE='2024-04-25T22:52:20.828871+00:00' AIRFLOW_CTX_TRY_NUMBER='3' AIRFLOW_CTX_DAG_RUN_ID='manual__2024-04-25T22:52:20.828871+00:00'
[2024-04-25T22:58:06.624+0000] {taskinstance.py:430} INFO - ::endgroup::
[2024-04-25T22:58:06.635+0000] {LocationConnector.py:66} INFO - Extracting data for: Guadalajara
[2024-04-25T22:58:07.105+0000] {LocationConnector.py:71} ERROR - Error querying the API
[2024-04-25T22:58:07.118+0000] {python.py:237} INFO - Done. Returned value was: None
[2024-04-25T22:58:07.119+0000] {taskinstance.py:441} INFO - ::group::Post task execution logs
[2024-04-25T22:58:07.125+0000] {taskinstance.py:1205} INFO - Marking task as SUCCESS. dag_id=pipeline, task_id=extract, execution_date=20240425T225220, start_date=20240425T225806, end_date=20240425T225807
[2024-04-25T22:58:07.177+0000] {local_task_job_runner.py:240} INFO - Task exited with return code 0
[2024-04-25T22:58:07.194+0000] {taskinstance.py:3482} INFO - 1 downstream tasks scheduled from follow-on schedule check
[2024-04-25T22:58:07.196+0000] {local_task_job_runner.py:222} INFO - ::endgroup::
