[2024-04-26T16:26:53.936+0000] {local_task_job_runner.py:120} INFO - ::group::Pre task execution logs
[2024-04-26T16:26:53.957+0000] {taskinstance.py:2073} INFO - Dependencies all met for dep_context=non-requeueable deps ti=<TaskInstance: pipeline.send_air_quality_alerts scheduled__2024-02-05T00:00:00+00:00 [queued]>
[2024-04-26T16:26:53.962+0000] {taskinstance.py:2073} INFO - Dependencies all met for dep_context=requeueable deps ti=<TaskInstance: pipeline.send_air_quality_alerts scheduled__2024-02-05T00:00:00+00:00 [queued]>
[2024-04-26T16:26:53.962+0000] {taskinstance.py:2303} INFO - Starting attempt 1 of 1
[2024-04-26T16:26:53.970+0000] {taskinstance.py:2327} INFO - Executing <Task(PythonOperator): send_air_quality_alerts> on 2024-02-05 00:00:00+00:00
[2024-04-26T16:26:53.979+0000] {standard_task_runner.py:90} INFO - Running: ['***', 'tasks', 'run', 'pipeline', 'send_air_quality_alerts', 'scheduled__2024-02-05T00:00:00+00:00', '--job-id', '291', '--raw', '--subdir', 'DAGS_FOLDER/air_quality/air_quality_dag.py', '--cfg-path', '/tmp/tmp06wpejnc']
[2024-04-26T16:26:53.980+0000] {standard_task_runner.py:91} INFO - Job 291: Subtask send_air_quality_alerts
[2024-04-26T16:26:53.981+0000] {logging_mixin.py:188} WARNING - /home/***/.local/lib/python3.12/site-packages/***/task/task_runner/standard_task_runner.py:61 DeprecationWarning: This process (pid=2283) is multi-threaded, use of fork() may lead to deadlocks in the child.
[2024-04-26T16:26:53.981+0000] {standard_task_runner.py:63} INFO - Started process 2285 to run task
[2024-04-26T16:26:54.015+0000] {task_command.py:426} INFO - Running <TaskInstance: pipeline.send_air_quality_alerts scheduled__2024-02-05T00:00:00+00:00 [running]> on host cf1d83d83b27
[2024-04-26T16:26:54.072+0000] {taskinstance.py:2644} INFO - Exporting env vars: AIRFLOW_CTX_DAG_OWNER='***' AIRFLOW_CTX_DAG_ID='pipeline' AIRFLOW_CTX_TASK_ID='send_air_quality_alerts' AIRFLOW_CTX_EXECUTION_DATE='2024-02-05T00:00:00+00:00' AIRFLOW_CTX_TRY_NUMBER='1' AIRFLOW_CTX_DAG_RUN_ID='scheduled__2024-02-05T00:00:00+00:00'
[2024-04-26T16:26:54.073+0000] {taskinstance.py:430} INFO - ::endgroup::
[2024-04-26T16:26:54.083+0000] {tasks.py:85} INFO - Generating air quality alerts...
[2024-04-26T16:26:54.088+0000] {taskinstance.py:441} INFO - ::group::Post task execution logs
[2024-04-26T16:26:54.089+0000] {taskinstance.py:2890} ERROR - Task failed with exception
Traceback (most recent call last):
  File "/home/airflow/.local/lib/python3.12/site-packages/airflow/models/taskinstance.py", line 465, in _execute_task
    result = _execute_callable(context=context, **execute_callable_kwargs)
             ^^^^^^^^^^^^^^^^^^^^^^^^^^^^^^^^^^^^^^^^^^^^^^^^^^^^^^^^^^^^^
  File "/home/airflow/.local/lib/python3.12/site-packages/airflow/models/taskinstance.py", line 432, in _execute_callable
    return execute_callable(context=context, **execute_callable_kwargs)
           ^^^^^^^^^^^^^^^^^^^^^^^^^^^^^^^^^^^^^^^^^^^^^^^^^^^^^^^^^^^^
  File "/home/airflow/.local/lib/python3.12/site-packages/airflow/models/baseoperator.py", line 400, in wrapper
    return func(self, *args, **kwargs)
           ^^^^^^^^^^^^^^^^^^^^^^^^^^^
  File "/home/airflow/.local/lib/python3.12/site-packages/airflow/operators/python.py", line 235, in execute
    return_value = self.execute_callable()
                   ^^^^^^^^^^^^^^^^^^^^^^^
  File "/home/airflow/.local/lib/python3.12/site-packages/airflow/operators/python.py", line 252, in execute_callable
    return self.python_callable(*self.op_args, **self.op_kwargs)
           ^^^^^^^^^^^^^^^^^^^^^^^^^^^^^^^^^^^^^^^^^^^^^^^^^^^^^
  File "/opt/airflow/dags/air_quality/tasks.py", line 86, in send_air_quality_alerts
    alert_message = air_quality_alerts()
                    ^^^^^^^^^^^^^^^^^^^^
  File "/opt/airflow/src/air_quality_alerts.py", line 70, in air_quality_alerts
    config = load_config("alert_config")
             ^^^^^^^^^^^^^^^^^^^^^^^^^^^
  File "/opt/airflow/src/air_quality_alerts.py", line 18, in load_config
    with open(config_file) as file:
         ^^^^^^^^^^^^^^^^^
FileNotFoundError: [Errno 2] No such file or directory: 'alert_config'
[2024-04-26T16:26:54.096+0000] {taskinstance.py:1205} INFO - Marking task as FAILED. dag_id=pipeline, task_id=send_air_quality_alerts, execution_date=20240205T000000, start_date=20240426T162653, end_date=20240426T162654
[2024-04-26T16:26:54.104+0000] {standard_task_runner.py:110} ERROR - Failed to execute job 291 for task send_air_quality_alerts ([Errno 2] No such file or directory: 'alert_config'; 2285)
[2024-04-26T16:26:54.154+0000] {local_task_job_runner.py:240} INFO - Task exited with return code 1
[2024-04-26T16:26:54.166+0000] {taskinstance.py:3482} INFO - 0 downstream tasks scheduled from follow-on schedule check
[2024-04-26T16:26:54.167+0000] {local_task_job_runner.py:222} INFO - ::endgroup::
[2024-04-26T16:35:31.058+0000] {local_task_job_runner.py:120} INFO - ::group::Pre task execution logs
[2024-04-26T16:35:31.080+0000] {taskinstance.py:2073} INFO - Dependencies all met for dep_context=non-requeueable deps ti=<TaskInstance: pipeline.send_air_quality_alerts scheduled__2024-02-05T00:00:00+00:00 [queued]>
[2024-04-26T16:35:31.086+0000] {taskinstance.py:2073} INFO - Dependencies all met for dep_context=requeueable deps ti=<TaskInstance: pipeline.send_air_quality_alerts scheduled__2024-02-05T00:00:00+00:00 [queued]>
[2024-04-26T16:35:31.086+0000] {taskinstance.py:2303} INFO - Starting attempt 1 of 1
[2024-04-26T16:35:31.214+0000] {taskinstance.py:2327} INFO - Executing <Task(PythonOperator): send_air_quality_alerts> on 2024-02-05 00:00:00+00:00
[2024-04-26T16:35:31.222+0000] {standard_task_runner.py:90} INFO - Running: ['***', 'tasks', 'run', 'pipeline', 'send_air_quality_alerts', 'scheduled__2024-02-05T00:00:00+00:00', '--job-id', '299', '--raw', '--subdir', 'DAGS_FOLDER/air_quality/air_quality_dag.py', '--cfg-path', '/tmp/tmpa42p1qpw']
[2024-04-26T16:35:31.224+0000] {standard_task_runner.py:91} INFO - Job 299: Subtask send_air_quality_alerts
[2024-04-26T16:35:31.224+0000] {logging_mixin.py:188} WARNING - /home/***/.local/lib/python3.12/site-packages/***/task/task_runner/standard_task_runner.py:61 DeprecationWarning: This process (pid=203) is multi-threaded, use of fork() may lead to deadlocks in the child.
[2024-04-26T16:35:31.225+0000] {standard_task_runner.py:63} INFO - Started process 205 to run task
[2024-04-26T16:35:31.255+0000] {task_command.py:426} INFO - Running <TaskInstance: pipeline.send_air_quality_alerts scheduled__2024-02-05T00:00:00+00:00 [running]> on host 5fdceac7b2c7
[2024-04-26T16:35:31.308+0000] {taskinstance.py:2644} INFO - Exporting env vars: AIRFLOW_CTX_DAG_OWNER='***' AIRFLOW_CTX_DAG_ID='pipeline' AIRFLOW_CTX_TASK_ID='send_air_quality_alerts' AIRFLOW_CTX_EXECUTION_DATE='2024-02-05T00:00:00+00:00' AIRFLOW_CTX_TRY_NUMBER='1' AIRFLOW_CTX_DAG_RUN_ID='scheduled__2024-02-05T00:00:00+00:00'
[2024-04-26T16:35:31.309+0000] {taskinstance.py:430} INFO - ::endgroup::
[2024-04-26T16:35:31.320+0000] {tasks.py:85} INFO - Generating air quality alerts...
[2024-04-26T16:35:31.325+0000] {taskinstance.py:441} INFO - ::group::Post task execution logs
[2024-04-26T16:35:31.325+0000] {taskinstance.py:2890} ERROR - Task failed with exception
Traceback (most recent call last):
  File "/home/airflow/.local/lib/python3.12/site-packages/airflow/models/taskinstance.py", line 465, in _execute_task
    result = _execute_callable(context=context, **execute_callable_kwargs)
             ^^^^^^^^^^^^^^^^^^^^^^^^^^^^^^^^^^^^^^^^^^^^^^^^^^^^^^^^^^^^^
  File "/home/airflow/.local/lib/python3.12/site-packages/airflow/models/taskinstance.py", line 432, in _execute_callable
    return execute_callable(context=context, **execute_callable_kwargs)
           ^^^^^^^^^^^^^^^^^^^^^^^^^^^^^^^^^^^^^^^^^^^^^^^^^^^^^^^^^^^^
  File "/home/airflow/.local/lib/python3.12/site-packages/airflow/models/baseoperator.py", line 400, in wrapper
    return func(self, *args, **kwargs)
           ^^^^^^^^^^^^^^^^^^^^^^^^^^^
  File "/home/airflow/.local/lib/python3.12/site-packages/airflow/operators/python.py", line 235, in execute
    return_value = self.execute_callable()
                   ^^^^^^^^^^^^^^^^^^^^^^^
  File "/home/airflow/.local/lib/python3.12/site-packages/airflow/operators/python.py", line 252, in execute_callable
    return self.python_callable(*self.op_args, **self.op_kwargs)
           ^^^^^^^^^^^^^^^^^^^^^^^^^^^^^^^^^^^^^^^^^^^^^^^^^^^^^
  File "/opt/airflow/dags/air_quality/tasks.py", line 86, in send_air_quality_alerts
    alert_message = air_quality_alerts()
                    ^^^^^^^^^^^^^^^^^^^^
  File "/opt/airflow/src/air_quality_alerts.py", line 70, in air_quality_alerts
    config = load_config("alert_config.json")
             ^^^^^^^^^^^^^^^^^^^^^^^^^^^^^^^^
  File "/opt/airflow/src/air_quality_alerts.py", line 18, in load_config
    with open(config_file) as file:
         ^^^^^^^^^^^^^^^^^
FileNotFoundError: [Errno 2] No such file or directory: 'alert_config.json'
[2024-04-26T16:35:31.333+0000] {taskinstance.py:1205} INFO - Marking task as FAILED. dag_id=pipeline, task_id=send_air_quality_alerts, execution_date=20240205T000000, start_date=20240426T163531, end_date=20240426T163531
[2024-04-26T16:35:31.341+0000] {standard_task_runner.py:110} ERROR - Failed to execute job 299 for task send_air_quality_alerts ([Errno 2] No such file or directory: 'alert_config.json'; 205)
[2024-04-26T16:35:31.358+0000] {local_task_job_runner.py:240} INFO - Task exited with return code 1
[2024-04-26T16:35:31.370+0000] {taskinstance.py:3482} INFO - 0 downstream tasks scheduled from follow-on schedule check
[2024-04-26T16:35:31.372+0000] {local_task_job_runner.py:222} INFO - ::endgroup::
