[2024-04-26T16:30:29.319+0000] {local_task_job_runner.py:120} INFO - ::group::Pre task execution logs
[2024-04-26T16:30:29.339+0000] {taskinstance.py:2073} INFO - Dependencies all met for dep_context=non-requeueable deps ti=<TaskInstance: pipeline.send_air_quality_alerts scheduled__2024-02-05T00:00:00+00:00 [queued]>
[2024-04-26T16:30:29.344+0000] {taskinstance.py:2073} INFO - Dependencies all met for dep_context=requeueable deps ti=<TaskInstance: pipeline.send_air_quality_alerts scheduled__2024-02-05T00:00:00+00:00 [queued]>
[2024-04-26T16:30:29.344+0000] {taskinstance.py:2303} INFO - Starting attempt 2 of 2
[2024-04-26T16:30:29.351+0000] {taskinstance.py:2327} INFO - Executing <Task(PythonOperator): send_air_quality_alerts> on 2024-02-05 00:00:00+00:00
[2024-04-26T16:30:29.359+0000] {standard_task_runner.py:90} INFO - Running: ['***', 'tasks', 'run', 'pipeline', 'send_air_quality_alerts', 'scheduled__2024-02-05T00:00:00+00:00', '--job-id', '292', '--raw', '--subdir', 'DAGS_FOLDER/air_quality/air_quality_dag.py', '--cfg-path', '/tmp/tmpe2gwisxy']
[2024-04-26T16:30:29.361+0000] {standard_task_runner.py:91} INFO - Job 292: Subtask send_air_quality_alerts
[2024-04-26T16:30:29.361+0000] {logging_mixin.py:188} WARNING - /home/***/.local/lib/python3.12/site-packages/***/task/task_runner/standard_task_runner.py:61 DeprecationWarning: This process (pid=2371) is multi-threaded, use of fork() may lead to deadlocks in the child.
[2024-04-26T16:30:29.362+0000] {standard_task_runner.py:63} INFO - Started process 2373 to run task
[2024-04-26T16:30:29.393+0000] {task_command.py:426} INFO - Running <TaskInstance: pipeline.send_air_quality_alerts scheduled__2024-02-05T00:00:00+00:00 [running]> on host cf1d83d83b27
[2024-04-26T16:30:29.449+0000] {taskinstance.py:2644} INFO - Exporting env vars: AIRFLOW_CTX_DAG_OWNER='***' AIRFLOW_CTX_DAG_ID='pipeline' AIRFLOW_CTX_TASK_ID='send_air_quality_alerts' AIRFLOW_CTX_EXECUTION_DATE='2024-02-05T00:00:00+00:00' AIRFLOW_CTX_TRY_NUMBER='2' AIRFLOW_CTX_DAG_RUN_ID='scheduled__2024-02-05T00:00:00+00:00'
[2024-04-26T16:30:29.450+0000] {taskinstance.py:430} INFO - ::endgroup::
[2024-04-26T16:30:29.458+0000] {tasks.py:85} INFO - Generating air quality alerts...
[2024-04-26T16:30:29.462+0000] {taskinstance.py:441} INFO - ::group::Post task execution logs
[2024-04-26T16:30:29.463+0000] {taskinstance.py:2890} ERROR - Task failed with exception
Traceback (most recent call last):
  File "/home/airflow/.local/lib/python3.12/site-packages/airflow/models/taskinstance.py", line 465, in _execute_task
    result = _execute_callable(context=context, **execute_callable_kwargs)
             ^^^^^^^^^^^^^^^^^^^^^^^^^^^^^^^^^^^^^^^^^^^^^^^^^^^^^^^^^^^^^
  File "/home/airflow/.local/lib/python3.12/site-packages/airflow/models/taskinstance.py", line 432, in _execute_callable
    return execute_callable(context=context, **execute_callable_kwargs)
           ^^^^^^^^^^^^^^^^^^^^^^^^^^^^^^^^^^^^^^^^^^^^^^^^^^^^^^^^^^^^
  File "/home/airflow/.local/lib/python3.12/site-packages/airflow/models/baseoperator.py", line 400, in wrapper
    return func(self, *args, **kwargs)
           ^^^^^^^^^^^^^^^^^^^^^^^^^^^
  File "/home/airflow/.local/lib/python3.12/site-packages/airflow/operators/python.py", line 235, in execute
    return_value = self.execute_callable()
                   ^^^^^^^^^^^^^^^^^^^^^^^
  File "/home/airflow/.local/lib/python3.12/site-packages/airflow/operators/python.py", line 252, in execute_callable
    return self.python_callable(*self.op_args, **self.op_kwargs)
           ^^^^^^^^^^^^^^^^^^^^^^^^^^^^^^^^^^^^^^^^^^^^^^^^^^^^^
  File "/opt/airflow/dags/air_quality/tasks.py", line 86, in send_air_quality_alerts
    alert_message = air_quality_alerts()
                    ^^^^^^^^^^^^^^^^^^^^
  File "/opt/airflow/src/air_quality_alerts.py", line 70, in air_quality_alerts
    config = load_config("alert_config.json")
             ^^^^^^^^^^^^^^^^^^^^^^^^^^^^^^^^
  File "/opt/airflow/src/air_quality_alerts.py", line 18, in load_config
    with open(config_file) as file:
         ^^^^^^^^^^^^^^^^^
FileNotFoundError: [Errno 2] No such file or directory: 'alert_config.json'
[2024-04-26T16:30:29.470+0000] {taskinstance.py:1205} INFO - Marking task as FAILED. dag_id=pipeline, task_id=send_air_quality_alerts, execution_date=20240205T000000, start_date=20240426T163029, end_date=20240426T163029
[2024-04-26T16:30:29.477+0000] {standard_task_runner.py:110} ERROR - Failed to execute job 292 for task send_air_quality_alerts ([Errno 2] No such file or directory: 'alert_config.json'; 2373)
[2024-04-26T16:30:29.494+0000] {local_task_job_runner.py:240} INFO - Task exited with return code 1
[2024-04-26T16:30:29.506+0000] {taskinstance.py:3482} INFO - 0 downstream tasks scheduled from follow-on schedule check
[2024-04-26T16:30:29.507+0000] {local_task_job_runner.py:222} INFO - ::endgroup::
[2024-04-26T16:37:04.619+0000] {local_task_job_runner.py:120} INFO - ::group::Pre task execution logs
[2024-04-26T16:37:04.643+0000] {taskinstance.py:2073} INFO - Dependencies all met for dep_context=non-requeueable deps ti=<TaskInstance: pipeline.send_air_quality_alerts scheduled__2024-02-05T00:00:00+00:00 [queued]>
[2024-04-26T16:37:04.648+0000] {taskinstance.py:2073} INFO - Dependencies all met for dep_context=requeueable deps ti=<TaskInstance: pipeline.send_air_quality_alerts scheduled__2024-02-05T00:00:00+00:00 [queued]>
[2024-04-26T16:37:04.648+0000] {taskinstance.py:2303} INFO - Starting attempt 2 of 2
[2024-04-26T16:37:04.779+0000] {taskinstance.py:2327} INFO - Executing <Task(PythonOperator): send_air_quality_alerts> on 2024-02-05 00:00:00+00:00
[2024-04-26T16:37:04.789+0000] {standard_task_runner.py:90} INFO - Running: ['***', 'tasks', 'run', 'pipeline', 'send_air_quality_alerts', 'scheduled__2024-02-05T00:00:00+00:00', '--job-id', '300', '--raw', '--subdir', 'DAGS_FOLDER/air_quality/air_quality_dag.py', '--cfg-path', '/tmp/tmpti2qh_ov']
[2024-04-26T16:37:04.791+0000] {logging_mixin.py:188} WARNING - /home/***/.local/lib/python3.12/site-packages/***/task/task_runner/standard_task_runner.py:61 DeprecationWarning: This process (pid=242) is multi-threaded, use of fork() may lead to deadlocks in the child.
[2024-04-26T16:37:04.791+0000] {standard_task_runner.py:91} INFO - Job 300: Subtask send_air_quality_alerts
[2024-04-26T16:37:04.791+0000] {standard_task_runner.py:63} INFO - Started process 244 to run task
[2024-04-26T16:37:04.821+0000] {task_command.py:426} INFO - Running <TaskInstance: pipeline.send_air_quality_alerts scheduled__2024-02-05T00:00:00+00:00 [running]> on host 5fdceac7b2c7
[2024-04-26T16:37:04.877+0000] {taskinstance.py:2644} INFO - Exporting env vars: AIRFLOW_CTX_DAG_OWNER='***' AIRFLOW_CTX_DAG_ID='pipeline' AIRFLOW_CTX_TASK_ID='send_air_quality_alerts' AIRFLOW_CTX_EXECUTION_DATE='2024-02-05T00:00:00+00:00' AIRFLOW_CTX_TRY_NUMBER='2' AIRFLOW_CTX_DAG_RUN_ID='scheduled__2024-02-05T00:00:00+00:00'
[2024-04-26T16:37:04.878+0000] {taskinstance.py:430} INFO - ::endgroup::
[2024-04-26T16:37:04.888+0000] {tasks.py:85} INFO - Generating air quality alerts...
[2024-04-26T16:37:04.896+0000] {tasks.py:88} INFO - Sending air quality alerts via email...
[2024-04-26T16:37:04.897+0000] {taskinstance.py:441} INFO - ::group::Post task execution logs
[2024-04-26T16:37:04.897+0000] {taskinstance.py:2890} ERROR - Task failed with exception
Traceback (most recent call last):
  File "/home/airflow/.local/lib/python3.12/site-packages/airflow/models/taskinstance.py", line 465, in _execute_task
    result = _execute_callable(context=context, **execute_callable_kwargs)
             ^^^^^^^^^^^^^^^^^^^^^^^^^^^^^^^^^^^^^^^^^^^^^^^^^^^^^^^^^^^^^
  File "/home/airflow/.local/lib/python3.12/site-packages/airflow/models/taskinstance.py", line 432, in _execute_callable
    return execute_callable(context=context, **execute_callable_kwargs)
           ^^^^^^^^^^^^^^^^^^^^^^^^^^^^^^^^^^^^^^^^^^^^^^^^^^^^^^^^^^^^
  File "/home/airflow/.local/lib/python3.12/site-packages/airflow/models/baseoperator.py", line 400, in wrapper
    return func(self, *args, **kwargs)
           ^^^^^^^^^^^^^^^^^^^^^^^^^^^
  File "/home/airflow/.local/lib/python3.12/site-packages/airflow/operators/python.py", line 235, in execute
    return_value = self.execute_callable()
                   ^^^^^^^^^^^^^^^^^^^^^^^
  File "/home/airflow/.local/lib/python3.12/site-packages/airflow/operators/python.py", line 252, in execute_callable
    return self.python_callable(*self.op_args, **self.op_kwargs)
           ^^^^^^^^^^^^^^^^^^^^^^^^^^^^^^^^^^^^^^^^^^^^^^^^^^^^^
  File "/opt/airflow/dags/air_quality/tasks.py", line 89, in send_air_quality_alerts
    send_email(subject="Air Quality Alert", body=alert_message)
TypeError: send_email() got an unexpected keyword argument 'subject'
[2024-04-26T16:37:04.904+0000] {taskinstance.py:1205} INFO - Marking task as FAILED. dag_id=pipeline, task_id=send_air_quality_alerts, execution_date=20240205T000000, start_date=20240426T163704, end_date=20240426T163704
[2024-04-26T16:37:04.911+0000] {standard_task_runner.py:110} ERROR - Failed to execute job 300 for task send_air_quality_alerts (send_email() got an unexpected keyword argument 'subject'; 244)
[2024-04-26T16:37:04.924+0000] {local_task_job_runner.py:240} INFO - Task exited with return code 1
[2024-04-26T16:37:04.935+0000] {taskinstance.py:3482} INFO - 0 downstream tasks scheduled from follow-on schedule check
[2024-04-26T16:37:04.936+0000] {local_task_job_runner.py:222} INFO - ::endgroup::
