[2024-04-26T17:17:14.127+0000] {local_task_job_runner.py:120} INFO - ::group::Pre task execution logs
[2024-04-26T17:17:14.150+0000] {taskinstance.py:2073} INFO - Dependencies all met for dep_context=non-requeueable deps ti=<TaskInstance: air_quality_pipeline.etl.load scheduled__2024-04-24T22:00:00+00:00 [queued]>
[2024-04-26T17:17:14.155+0000] {taskinstance.py:2073} INFO - Dependencies all met for dep_context=requeueable deps ti=<TaskInstance: air_quality_pipeline.etl.load scheduled__2024-04-24T22:00:00+00:00 [queued]>
[2024-04-26T17:17:14.155+0000] {taskinstance.py:2303} INFO - Starting attempt 1 of 2
[2024-04-26T17:17:14.281+0000] {taskinstance.py:2327} INFO - Executing <Task(PythonOperator): etl.load> on 2024-04-24 22:00:00+00:00
[2024-04-26T17:17:14.292+0000] {logging_mixin.py:188} WARNING - /home/***/.local/lib/python3.12/site-packages/***/task/task_runner/standard_task_runner.py:61 DeprecationWarning: This process (pid=1242) is multi-threaded, use of fork() may lead to deadlocks in the child.
[2024-04-26T17:17:14.291+0000] {standard_task_runner.py:90} INFO - Running: ['***', 'tasks', 'run', 'air_quality_pipeline', 'etl.load', 'scheduled__2024-04-24T22:00:00+00:00', '--job-id', '304', '--raw', '--subdir', 'DAGS_FOLDER/air_quality/air_quality_dag.py', '--cfg-path', '/tmp/tmplalsc1pn']
[2024-04-26T17:17:14.293+0000] {standard_task_runner.py:63} INFO - Started process 1244 to run task
[2024-04-26T17:17:14.293+0000] {standard_task_runner.py:91} INFO - Job 304: Subtask etl.load
[2024-04-26T17:17:14.325+0000] {task_command.py:426} INFO - Running <TaskInstance: air_quality_pipeline.etl.load scheduled__2024-04-24T22:00:00+00:00 [running]> on host 5fdceac7b2c7
[2024-04-26T17:17:14.380+0000] {taskinstance.py:2644} INFO - Exporting env vars: AIRFLOW_CTX_DAG_OWNER='***' AIRFLOW_CTX_DAG_ID='air_quality_pipeline' AIRFLOW_CTX_TASK_ID='etl.load' AIRFLOW_CTX_EXECUTION_DATE='2024-04-24T22:00:00+00:00' AIRFLOW_CTX_TRY_NUMBER='1' AIRFLOW_CTX_DAG_RUN_ID='scheduled__2024-04-24T22:00:00+00:00'
[2024-04-26T17:17:14.380+0000] {taskinstance.py:430} INFO - ::endgroup::
[2024-04-26T17:17:14.390+0000] {tasks.py:82} INFO - Loading transformed data into Redshift...
[2024-04-26T17:17:14.390+0000] {RedShiftLoader.py:55} INFO - Loading data into Redshift
[2024-04-26T17:17:16.713+0000] {RedShiftLoader.py:72} INFO - Data inserted successfully
[2024-04-26T17:17:16.714+0000] {RedShiftLoader.py:79} INFO - Connection closed
[2024-04-26T17:17:16.714+0000] {tasks.py:85} INFO - Transformed data loaded into Redshift.
[2024-04-26T17:17:16.714+0000] {python.py:237} INFO - Done. Returned value was: None
[2024-04-26T17:17:16.714+0000] {taskinstance.py:441} INFO - ::group::Post task execution logs
[2024-04-26T17:17:16.723+0000] {taskinstance.py:1205} INFO - Marking task as SUCCESS. dag_id=air_quality_pipeline, task_id=etl.load, execution_date=20240424T220000, start_date=20240426T171714, end_date=20240426T171716
[2024-04-26T17:17:16.750+0000] {local_task_job_runner.py:240} INFO - Task exited with return code 0
[2024-04-26T17:17:16.768+0000] {taskinstance.py:3482} INFO - 1 downstream tasks scheduled from follow-on schedule check
[2024-04-26T17:17:16.770+0000] {local_task_job_runner.py:222} INFO - ::endgroup::
[2024-04-26T17:33:41.380+0000] {local_task_job_runner.py:120} INFO - ::group::Pre task execution logs
[2024-04-26T17:33:41.406+0000] {taskinstance.py:2073} INFO - Dependencies all met for dep_context=non-requeueable deps ti=<TaskInstance: air_quality_pipeline.etl.load scheduled__2024-04-24T22:00:00+00:00 [queued]>
[2024-04-26T17:33:41.537+0000] {taskinstance.py:2073} INFO - Dependencies all met for dep_context=requeueable deps ti=<TaskInstance: air_quality_pipeline.etl.load scheduled__2024-04-24T22:00:00+00:00 [queued]>
[2024-04-26T17:33:41.538+0000] {taskinstance.py:2303} INFO - Starting attempt 1 of 2
[2024-04-26T17:33:41.546+0000] {taskinstance.py:2327} INFO - Executing <Task(PythonOperator): etl.load> on 2024-04-24 22:00:00+00:00
[2024-04-26T17:33:41.557+0000] {logging_mixin.py:188} WARNING - /home/***/.local/lib/python3.12/site-packages/***/task/task_runner/standard_task_runner.py:61 DeprecationWarning: This process (pid=1654) is multi-threaded, use of fork() may lead to deadlocks in the child.
[2024-04-26T17:33:41.556+0000] {standard_task_runner.py:90} INFO - Running: ['***', 'tasks', 'run', 'air_quality_pipeline', 'etl.load', 'scheduled__2024-04-24T22:00:00+00:00', '--job-id', '385', '--raw', '--subdir', 'DAGS_FOLDER/air_quality/air_quality_dag.py', '--cfg-path', '/tmp/tmpno_e5t7u']
[2024-04-26T17:33:41.558+0000] {standard_task_runner.py:91} INFO - Job 385: Subtask etl.load
[2024-04-26T17:33:41.558+0000] {standard_task_runner.py:63} INFO - Started process 1656 to run task
[2024-04-26T17:33:41.592+0000] {task_command.py:426} INFO - Running <TaskInstance: air_quality_pipeline.etl.load scheduled__2024-04-24T22:00:00+00:00 [running]> on host 5fdceac7b2c7
[2024-04-26T17:33:41.654+0000] {taskinstance.py:2644} INFO - Exporting env vars: AIRFLOW_CTX_DAG_OWNER='***' AIRFLOW_CTX_DAG_ID='air_quality_pipeline' AIRFLOW_CTX_TASK_ID='etl.load' AIRFLOW_CTX_EXECUTION_DATE='2024-04-24T22:00:00+00:00' AIRFLOW_CTX_TRY_NUMBER='1' AIRFLOW_CTX_DAG_RUN_ID='scheduled__2024-04-24T22:00:00+00:00'
[2024-04-26T17:33:41.655+0000] {taskinstance.py:430} INFO - ::endgroup::
[2024-04-26T17:33:41.664+0000] {tasks.py:82} INFO - Loading transformed data into Redshift...
[2024-04-26T17:33:41.665+0000] {RedShiftLoader.py:55} INFO - Loading data into Redshift
[2024-04-26T17:33:51.636+0000] {RedShiftLoader.py:66} INFO - Data inserted successfully
[2024-04-26T17:33:51.636+0000] {RedShiftLoader.py:79} INFO - Connection closed
[2024-04-26T17:33:51.637+0000] {tasks.py:85} INFO - Transformed data loaded into Redshift.
[2024-04-26T17:33:51.637+0000] {python.py:237} INFO - Done. Returned value was: None
[2024-04-26T17:33:51.637+0000] {taskinstance.py:441} INFO - ::group::Post task execution logs
[2024-04-26T17:33:51.643+0000] {taskinstance.py:1205} INFO - Marking task as SUCCESS. dag_id=air_quality_pipeline, task_id=etl.load, execution_date=20240424T220000, start_date=20240426T173341, end_date=20240426T173351
[2024-04-26T17:33:51.663+0000] {local_task_job_runner.py:240} INFO - Task exited with return code 0
[2024-04-26T17:33:51.680+0000] {taskinstance.py:3482} INFO - 1 downstream tasks scheduled from follow-on schedule check
[2024-04-26T17:33:51.682+0000] {local_task_job_runner.py:222} INFO - ::endgroup::
