[2024-04-26T05:31:46.316+0000] {local_task_job_runner.py:120} INFO - ::group::Pre task execution logs
[2024-04-26T05:31:46.336+0000] {taskinstance.py:2073} INFO - Dependencies all met for dep_context=non-requeueable deps ti=<TaskInstance: pipeline.etl.transform manual__2024-04-26T05:31:34.792581+00:00 [queued]>
[2024-04-26T05:31:46.341+0000] {taskinstance.py:2073} INFO - Dependencies all met for dep_context=requeueable deps ti=<TaskInstance: pipeline.etl.transform manual__2024-04-26T05:31:34.792581+00:00 [queued]>
[2024-04-26T05:31:46.341+0000] {taskinstance.py:2303} INFO - Starting attempt 1 of 1
[2024-04-26T05:31:46.348+0000] {taskinstance.py:2327} INFO - Executing <Task(PythonOperator): etl.transform> on 2024-04-26 05:31:34.792581+00:00
[2024-04-26T05:31:46.356+0000] {standard_task_runner.py:90} INFO - Running: ['***', 'tasks', 'run', 'pipeline', 'etl.transform', 'manual__2024-04-26T05:31:34.792581+00:00', '--job-id', '282', '--raw', '--subdir', 'DAGS_FOLDER/air_quality/air_quality_dag.py', '--cfg-path', '/tmp/tmp02ogm383']
[2024-04-26T05:31:46.358+0000] {standard_task_runner.py:91} INFO - Job 282: Subtask etl.transform
[2024-04-26T05:31:46.360+0000] {logging_mixin.py:188} WARNING - /home/***/.local/lib/python3.12/site-packages/***/task/task_runner/standard_task_runner.py:61 DeprecationWarning: This process (pid=1437) is multi-threaded, use of fork() may lead to deadlocks in the child.
[2024-04-26T05:31:46.360+0000] {standard_task_runner.py:63} INFO - Started process 1439 to run task
[2024-04-26T05:31:46.388+0000] {task_command.py:426} INFO - Running <TaskInstance: pipeline.etl.transform manual__2024-04-26T05:31:34.792581+00:00 [running]> on host cf1d83d83b27
[2024-04-26T05:31:46.446+0000] {taskinstance.py:2644} INFO - Exporting env vars: AIRFLOW_CTX_DAG_OWNER='***' AIRFLOW_CTX_DAG_ID='pipeline' AIRFLOW_CTX_TASK_ID='etl.transform' AIRFLOW_CTX_EXECUTION_DATE='2024-04-26T05:31:34.792581+00:00' AIRFLOW_CTX_TRY_NUMBER='1' AIRFLOW_CTX_DAG_RUN_ID='manual__2024-04-26T05:31:34.792581+00:00'
[2024-04-26T05:31:46.447+0000] {taskinstance.py:430} INFO - ::endgroup::
[2024-04-26T05:31:46.466+0000] {LocationConnector.py:93} INFO - (2, 12)
[2024-04-26T05:31:46.471+0000] {AirQualityConnector.py:107} INFO - (48, 11)
[2024-04-26T05:31:46.481+0000] {python.py:237} INFO - Done. Returned value was: None
[2024-04-26T05:31:46.481+0000] {taskinstance.py:441} INFO - ::group::Post task execution logs
[2024-04-26T05:31:46.488+0000] {taskinstance.py:1205} INFO - Marking task as SUCCESS. dag_id=pipeline, task_id=etl.transform, execution_date=20240426T053134, start_date=20240426T053146, end_date=20240426T053146
[2024-04-26T05:31:46.533+0000] {local_task_job_runner.py:240} INFO - Task exited with return code 0
[2024-04-26T05:31:46.549+0000] {taskinstance.py:3482} INFO - 1 downstream tasks scheduled from follow-on schedule check
[2024-04-26T05:31:46.551+0000] {local_task_job_runner.py:222} INFO - ::endgroup::
