[2024-04-23T21:05:12.781+0000] {local_task_job_runner.py:120} INFO - ::group::Pre task execution logs
[2024-04-23T21:05:12.801+0000] {taskinstance.py:2073} INFO - Dependencies all met for dep_context=non-requeueable deps ti=<TaskInstance: pipeline.extract manual__2024-04-23T21:05:11.136032+00:00 [queued]>
[2024-04-23T21:05:12.806+0000] {taskinstance.py:2073} INFO - Dependencies all met for dep_context=requeueable deps ti=<TaskInstance: pipeline.extract manual__2024-04-23T21:05:11.136032+00:00 [queued]>
[2024-04-23T21:05:12.806+0000] {taskinstance.py:2303} INFO - Starting attempt 1 of 1
[2024-04-23T21:05:12.815+0000] {taskinstance.py:2327} INFO - Executing <Task(PythonOperator): extract> on 2024-04-23 21:05:11.136032+00:00
[2024-04-23T21:05:12.823+0000] {standard_task_runner.py:90} INFO - Running: ['***', 'tasks', 'run', 'pipeline', 'extract', 'manual__2024-04-23T21:05:11.136032+00:00', '--job-id', '40', '--raw', '--subdir', 'DAGS_FOLDER/air_quality/air_quality_dag.py', '--cfg-path', '/tmp/tmp4juu9dsw']
[2024-04-23T21:05:12.824+0000] {standard_task_runner.py:91} INFO - Job 40: Subtask extract
[2024-04-23T21:05:12.827+0000] {logging_mixin.py:188} WARNING - /home/***/.local/lib/python3.12/site-packages/***/task/task_runner/standard_task_runner.py:61 DeprecationWarning: This process (pid=1429) is multi-threaded, use of fork() may lead to deadlocks in the child.
[2024-04-23T21:05:12.827+0000] {standard_task_runner.py:63} INFO - Started process 1431 to run task
[2024-04-23T21:05:12.857+0000] {task_command.py:426} INFO - Running <TaskInstance: pipeline.extract manual__2024-04-23T21:05:11.136032+00:00 [running]> on host 1b9b58bb0dc3
[2024-04-23T21:05:12.917+0000] {taskinstance.py:2644} INFO - Exporting env vars: AIRFLOW_CTX_DAG_OWNER='***' AIRFLOW_CTX_DAG_ID='pipeline' AIRFLOW_CTX_TASK_ID='extract' AIRFLOW_CTX_EXECUTION_DATE='2024-04-23T21:05:11.136032+00:00' AIRFLOW_CTX_TRY_NUMBER='1' AIRFLOW_CTX_DAG_RUN_ID='manual__2024-04-23T21:05:11.136032+00:00'
[2024-04-23T21:05:12.917+0000] {taskinstance.py:430} INFO - ::endgroup::
[2024-04-23T21:05:12.932+0000] {ConnectorCountrys.py:71} INFO - Extracting data for: Guadalajara
[2024-04-23T21:05:15.689+0000] {ConnectorCountrys.py:71} INFO - Extracting data for: Monterrey
[2024-04-23T21:05:17.165+0000] {ConnectorCountrys.py:71} INFO - Extracting data for: Mexico City
[2024-04-23T21:05:18.608+0000] {ConnectorCountrys.py:71} INFO - Extracting data for: Puebla
[2024-04-23T21:05:20.074+0000] {ConnectorCountrys.py:71} INFO - Extracting data for: Aguascalientes
[2024-04-23T21:05:22.528+0000] {ConnectorCountrys.py:81} INFO - Data extracted - Shape: (5, 12)
[2024-04-23T21:05:37.970+0000] {ConnectorAirQuality.py:56} INFO - Datos del calidad del aire extraidos: (65, 11)
[2024-04-23T21:05:37.970+0000] {python.py:237} INFO - Done. Returned value was: None
[2024-04-23T21:05:37.971+0000] {taskinstance.py:441} INFO - ::group::Post task execution logs
[2024-04-23T21:05:37.978+0000] {taskinstance.py:1205} INFO - Marking task as SUCCESS. dag_id=pipeline, task_id=extract, execution_date=20240423T210511, start_date=20240423T210512, end_date=20240423T210537
[2024-04-23T21:05:38.006+0000] {local_task_job_runner.py:240} INFO - Task exited with return code 0
[2024-04-23T21:05:38.023+0000] {taskinstance.py:3482} INFO - 1 downstream tasks scheduled from follow-on schedule check
[2024-04-23T21:05:38.024+0000] {local_task_job_runner.py:222} INFO - ::endgroup::
