[2024-04-23T21:10:24.830+0000] {local_task_job_runner.py:120} INFO - ::group::Pre task execution logs
[2024-04-23T21:10:24.850+0000] {taskinstance.py:2073} INFO - Dependencies all met for dep_context=non-requeueable deps ti=<TaskInstance: pipeline.extract manual__2024-04-23T21:05:11.136032+00:00 [queued]>
[2024-04-23T21:10:24.855+0000] {taskinstance.py:2073} INFO - Dependencies all met for dep_context=requeueable deps ti=<TaskInstance: pipeline.extract manual__2024-04-23T21:05:11.136032+00:00 [queued]>
[2024-04-23T21:10:24.856+0000] {taskinstance.py:2303} INFO - Starting attempt 2 of 2
[2024-04-23T21:10:24.863+0000] {taskinstance.py:2327} INFO - Executing <Task(PythonOperator): extract> on 2024-04-23 21:05:11.136032+00:00
[2024-04-23T21:10:24.871+0000] {standard_task_runner.py:90} INFO - Running: ['***', 'tasks', 'run', 'pipeline', 'extract', 'manual__2024-04-23T21:05:11.136032+00:00', '--job-id', '43', '--raw', '--subdir', 'DAGS_FOLDER/air_quality/air_quality_dag.py', '--cfg-path', '/tmp/tmptef5g_9g']
[2024-04-23T21:10:24.873+0000] {standard_task_runner.py:91} INFO - Job 43: Subtask extract
[2024-04-23T21:10:24.875+0000] {logging_mixin.py:188} WARNING - /home/***/.local/lib/python3.12/site-packages/***/task/task_runner/standard_task_runner.py:61 DeprecationWarning: This process (pid=1564) is multi-threaded, use of fork() may lead to deadlocks in the child.
[2024-04-23T21:10:24.876+0000] {standard_task_runner.py:63} INFO - Started process 1566 to run task
[2024-04-23T21:10:24.907+0000] {task_command.py:426} INFO - Running <TaskInstance: pipeline.extract manual__2024-04-23T21:05:11.136032+00:00 [running]> on host 1b9b58bb0dc3
[2024-04-23T21:10:24.967+0000] {taskinstance.py:2644} INFO - Exporting env vars: AIRFLOW_CTX_DAG_OWNER='***' AIRFLOW_CTX_DAG_ID='pipeline' AIRFLOW_CTX_TASK_ID='extract' AIRFLOW_CTX_EXECUTION_DATE='2024-04-23T21:05:11.136032+00:00' AIRFLOW_CTX_TRY_NUMBER='2' AIRFLOW_CTX_DAG_RUN_ID='manual__2024-04-23T21:05:11.136032+00:00'
[2024-04-23T21:10:24.968+0000] {taskinstance.py:430} INFO - ::endgroup::
[2024-04-23T21:10:24.978+0000] {ConnectorCountrys.py:71} INFO - Extracting data for: Guadalajara
[2024-04-23T21:10:27.442+0000] {ConnectorCountrys.py:71} INFO - Extracting data for: Monterrey
[2024-04-23T21:10:29.823+0000] {ConnectorCountrys.py:71} INFO - Extracting data for: Mexico City
[2024-04-23T21:10:32.238+0000] {ConnectorCountrys.py:71} INFO - Extracting data for: Puebla
[2024-04-23T21:10:33.636+0000] {ConnectorCountrys.py:71} INFO - Extracting data for: Aguascalientes
[2024-04-23T21:10:36.063+0000] {ConnectorCountrys.py:81} INFO - Data extracted - Shape: (5, 12)
[2024-04-23T21:10:48.999+0000] {ConnectorAirQuality.py:56} INFO - Datos del calidad del aire extraidos: (65, 11)
[2024-04-23T21:10:48.999+0000] {python.py:237} INFO - Done. Returned value was: None
[2024-04-23T21:10:48.999+0000] {taskinstance.py:441} INFO - ::group::Post task execution logs
[2024-04-23T21:10:49.006+0000] {taskinstance.py:1205} INFO - Marking task as SUCCESS. dag_id=pipeline, task_id=extract, execution_date=20240423T210511, start_date=20240423T211024, end_date=20240423T211049
[2024-04-23T21:10:49.044+0000] {local_task_job_runner.py:240} INFO - Task exited with return code 0
[2024-04-23T21:10:49.059+0000] {taskinstance.py:3482} INFO - 1 downstream tasks scheduled from follow-on schedule check
[2024-04-23T21:10:49.060+0000] {local_task_job_runner.py:222} INFO - ::endgroup::
