[2024-04-26T17:25:34.427+0000] {local_task_job_runner.py:120} INFO - ::group::Pre task execution logs
[2024-04-26T17:25:34.456+0000] {taskinstance.py:2073} INFO - Dependencies all met for dep_context=non-requeueable deps ti=<TaskInstance: air_quality_pipeline.etl.load backfill__2024-04-07T22:00:00+00:00 [queued]>
[2024-04-26T17:25:34.463+0000] {taskinstance.py:2073} INFO - Dependencies all met for dep_context=requeueable deps ti=<TaskInstance: air_quality_pipeline.etl.load backfill__2024-04-07T22:00:00+00:00 [queued]>
[2024-04-26T17:25:34.463+0000] {taskinstance.py:2303} INFO - Starting attempt 1 of 2
[2024-04-26T17:25:34.474+0000] {taskinstance.py:2327} INFO - Executing <Task(PythonOperator): etl.load> on 2024-04-07 22:00:00+00:00
[2024-04-26T17:25:34.484+0000] {logging_mixin.py:188} WARNING - /home/***/.local/lib/python3.12/site-packages/***/task/task_runner/standard_task_runner.py:61 DeprecationWarning: This process (pid=899) is multi-threaded, use of fork() may lead to deadlocks in the child.
[2024-04-26T17:25:34.486+0000] {standard_task_runner.py:63} INFO - Started process 902 to run task
[2024-04-26T17:25:34.484+0000] {standard_task_runner.py:90} INFO - Running: ['***', 'tasks', 'run', 'air_quality_pipeline', 'etl.load', 'backfill__2024-04-07T22:00:00+00:00', '--job-id', '349', '--pool', 'default_pool', '--raw', '--subdir', 'DAGS_FOLDER/air_quality/air_quality_dag.py', '--cfg-path', '/tmp/tmptvronpk5']
[2024-04-26T17:25:34.486+0000] {standard_task_runner.py:91} INFO - Job 349: Subtask etl.load
[2024-04-26T17:25:34.536+0000] {task_command.py:426} INFO - Running <TaskInstance: air_quality_pipeline.etl.load backfill__2024-04-07T22:00:00+00:00 [running]> on host 4718ecf2379c
[2024-04-26T17:25:34.615+0000] {taskinstance.py:2644} INFO - Exporting env vars: AIRFLOW_CTX_DAG_OWNER='***' AIRFLOW_CTX_DAG_ID='air_quality_pipeline' AIRFLOW_CTX_TASK_ID='etl.load' AIRFLOW_CTX_EXECUTION_DATE='2024-04-07T22:00:00+00:00' AIRFLOW_CTX_TRY_NUMBER='1' AIRFLOW_CTX_DAG_RUN_ID='backfill__2024-04-07T22:00:00+00:00'
[2024-04-26T17:25:34.616+0000] {taskinstance.py:430} INFO - ::endgroup::
[2024-04-26T17:25:34.626+0000] {tasks.py:82} INFO - Loading transformed data into Redshift...
[2024-04-26T17:25:34.627+0000] {RedShiftLoader.py:55} INFO - Loading data into Redshift
[2024-04-26T17:26:26.524+0000] {RedShiftLoader.py:66} INFO - Data inserted successfully
[2024-04-26T17:26:26.525+0000] {RedShiftLoader.py:79} INFO - Connection closed
[2024-04-26T17:26:26.525+0000] {tasks.py:85} INFO - Transformed data loaded into Redshift.
[2024-04-26T17:26:26.525+0000] {python.py:237} INFO - Done. Returned value was: None
[2024-04-26T17:26:26.526+0000] {taskinstance.py:441} INFO - ::group::Post task execution logs
[2024-04-26T17:26:26.534+0000] {taskinstance.py:1205} INFO - Marking task as SUCCESS. dag_id=air_quality_pipeline, task_id=etl.load, execution_date=20240407T220000, start_date=20240426T172534, end_date=20240426T172626
[2024-04-26T17:26:26.551+0000] {local_task_job_runner.py:240} INFO - Task exited with return code 0
[2024-04-26T17:26:26.567+0000] {taskinstance.py:3482} INFO - 1 downstream tasks scheduled from follow-on schedule check
[2024-04-26T17:26:26.568+0000] {local_task_job_runner.py:222} INFO - ::endgroup::
