[2024-04-23T21:12:24.470+0000] {local_task_job_runner.py:120} INFO - ::group::Pre task execution logs
[2024-04-23T21:12:24.491+0000] {taskinstance.py:2073} INFO - Dependencies all met for dep_context=non-requeueable deps ti=<TaskInstance: pipeline.carga manual__2024-04-23T21:11:56.150975+00:00 [queued]>
[2024-04-23T21:12:24.496+0000] {taskinstance.py:2073} INFO - Dependencies all met for dep_context=requeueable deps ti=<TaskInstance: pipeline.carga manual__2024-04-23T21:11:56.150975+00:00 [queued]>
[2024-04-23T21:12:24.497+0000] {taskinstance.py:2303} INFO - Starting attempt 1 of 1
[2024-04-23T21:12:24.504+0000] {taskinstance.py:2327} INFO - Executing <Task(PythonOperator): carga> on 2024-04-23 21:11:56.150975+00:00
[2024-04-23T21:12:24.512+0000] {standard_task_runner.py:90} INFO - Running: ['***', 'tasks', 'run', 'pipeline', 'carga', 'manual__2024-04-23T21:11:56.150975+00:00', '--job-id', '48', '--raw', '--subdir', 'DAGS_FOLDER/air_quality/air_quality_dag.py', '--cfg-path', '/tmp/tmprcj0w9g0']
[2024-04-23T21:12:24.514+0000] {standard_task_runner.py:91} INFO - Job 48: Subtask carga
[2024-04-23T21:12:24.516+0000] {logging_mixin.py:188} WARNING - /home/***/.local/lib/python3.12/site-packages/***/task/task_runner/standard_task_runner.py:61 DeprecationWarning: This process (pid=1627) is multi-threaded, use of fork() may lead to deadlocks in the child.
[2024-04-23T21:12:24.516+0000] {standard_task_runner.py:63} INFO - Started process 1629 to run task
[2024-04-23T21:12:24.545+0000] {task_command.py:426} INFO - Running <TaskInstance: pipeline.carga manual__2024-04-23T21:11:56.150975+00:00 [running]> on host 1b9b58bb0dc3
[2024-04-23T21:12:24.603+0000] {taskinstance.py:2644} INFO - Exporting env vars: AIRFLOW_CTX_DAG_OWNER='***' AIRFLOW_CTX_DAG_ID='pipeline' AIRFLOW_CTX_TASK_ID='carga' AIRFLOW_CTX_EXECUTION_DATE='2024-04-23T21:11:56.150975+00:00' AIRFLOW_CTX_TRY_NUMBER='1' AIRFLOW_CTX_DAG_RUN_ID='manual__2024-04-23T21:11:56.150975+00:00'
[2024-04-23T21:12:24.604+0000] {taskinstance.py:430} INFO - ::endgroup::
[2024-04-23T21:12:24.612+0000] {redshift.py:66} INFO - cargando los datos a Redshift
[2024-04-23T21:12:26.992+0000] {redshift.py:81} INFO - Datos insertados exitosamente
[2024-04-23T21:12:26.992+0000] {redshift.py:87} INFO - Conexión cerrada
[2024-04-23T21:12:26.992+0000] {python.py:237} INFO - Done. Returned value was: None
[2024-04-23T21:12:26.993+0000] {taskinstance.py:441} INFO - ::group::Post task execution logs
[2024-04-23T21:12:26.999+0000] {taskinstance.py:1205} INFO - Marking task as SUCCESS. dag_id=pipeline, task_id=carga, execution_date=20240423T211156, start_date=20240423T211224, end_date=20240423T211226
[2024-04-23T21:12:27.014+0000] {local_task_job_runner.py:240} INFO - Task exited with return code 0
[2024-04-23T21:12:27.025+0000] {taskinstance.py:3482} INFO - 0 downstream tasks scheduled from follow-on schedule check
[2024-04-23T21:12:27.027+0000] {local_task_job_runner.py:222} INFO - ::endgroup::
