[2024-04-26T17:22:39.426+0000] {local_task_job_runner.py:120} INFO - ::group::Pre task execution logs
[2024-04-26T17:22:39.462+0000] {taskinstance.py:2073} INFO - Dependencies all met for dep_context=non-requeueable deps ti=<TaskInstance: air_quality_pipeline.pre_workflow backfill__2024-04-04T22:00:00+00:00 [queued]>
[2024-04-26T17:22:39.472+0000] {taskinstance.py:2073} INFO - Dependencies all met for dep_context=requeueable deps ti=<TaskInstance: air_quality_pipeline.pre_workflow backfill__2024-04-04T22:00:00+00:00 [queued]>
[2024-04-26T17:22:39.472+0000] {taskinstance.py:2303} INFO - Starting attempt 1 of 2
[2024-04-26T17:22:39.489+0000] {taskinstance.py:2327} INFO - Executing <Task(EmptyOperator): pre_workflow> on 2024-04-04 22:00:00+00:00
[2024-04-26T17:22:39.508+0000] {logging_mixin.py:188} WARNING - /home/***/.local/lib/python3.12/site-packages/***/task/task_runner/standard_task_runner.py:61 DeprecationWarning: This process (pid=785) is multi-threaded, use of fork() may lead to deadlocks in the child.
[2024-04-26T17:22:39.506+0000] {standard_task_runner.py:90} INFO - Running: ['***', 'tasks', 'run', 'air_quality_pipeline', 'pre_workflow', 'backfill__2024-04-04T22:00:00+00:00', '--job-id', '311', '--pool', 'default_pool', '--raw', '--subdir', 'DAGS_FOLDER/air_quality/air_quality_dag.py', '--cfg-path', '/tmp/tmpdmbev1fh']
[2024-04-26T17:22:39.508+0000] {standard_task_runner.py:91} INFO - Job 311: Subtask pre_workflow
[2024-04-26T17:22:39.508+0000] {standard_task_runner.py:63} INFO - Started process 792 to run task
[2024-04-26T17:22:39.562+0000] {task_command.py:426} INFO - Running <TaskInstance: air_quality_pipeline.pre_workflow backfill__2024-04-04T22:00:00+00:00 [running]> on host 4718ecf2379c
[2024-04-26T17:22:39.657+0000] {taskinstance.py:2644} INFO - Exporting env vars: AIRFLOW_CTX_DAG_OWNER='***' AIRFLOW_CTX_DAG_ID='air_quality_pipeline' AIRFLOW_CTX_TASK_ID='pre_workflow' AIRFLOW_CTX_EXECUTION_DATE='2024-04-04T22:00:00+00:00' AIRFLOW_CTX_TRY_NUMBER='1' AIRFLOW_CTX_DAG_RUN_ID='backfill__2024-04-04T22:00:00+00:00'
[2024-04-26T17:22:39.658+0000] {taskinstance.py:430} INFO - ::endgroup::
[2024-04-26T17:22:39.678+0000] {taskinstance.py:441} INFO - ::group::Post task execution logs
[2024-04-26T17:22:39.690+0000] {taskinstance.py:1205} INFO - Marking task as SUCCESS. dag_id=air_quality_pipeline, task_id=pre_workflow, execution_date=20240404T220000, start_date=20240426T172239, end_date=20240426T172239
[2024-04-26T17:22:39.724+0000] {local_task_job_runner.py:240} INFO - Task exited with return code 0
[2024-04-26T17:22:39.749+0000] {taskinstance.py:3482} INFO - 1 downstream tasks scheduled from follow-on schedule check
[2024-04-26T17:22:39.751+0000] {local_task_job_runner.py:222} INFO - ::endgroup::
[2024-04-26T17:43:25.379+0000] {local_task_job_runner.py:120} INFO - ::group::Pre task execution logs
[2024-04-26T17:43:25.402+0000] {taskinstance.py:2073} INFO - Dependencies all met for dep_context=non-requeueable deps ti=<TaskInstance: air_quality_pipeline.pre_workflow backfill__2024-04-04T22:00:00+00:00 [queued]>
[2024-04-26T17:43:25.407+0000] {taskinstance.py:2073} INFO - Dependencies all met for dep_context=requeueable deps ti=<TaskInstance: air_quality_pipeline.pre_workflow backfill__2024-04-04T22:00:00+00:00 [queued]>
[2024-04-26T17:43:25.407+0000] {taskinstance.py:2303} INFO - Starting attempt 1 of 2
[2024-04-26T17:43:25.415+0000] {taskinstance.py:2327} INFO - Executing <Task(EmptyOperator): pre_workflow> on 2024-04-04 22:00:00+00:00
[2024-04-26T17:43:25.425+0000] {logging_mixin.py:188} WARNING - /home/***/.local/lib/python3.12/site-packages/***/task/task_runner/standard_task_runner.py:61 DeprecationWarning: This process (pid=1832) is multi-threaded, use of fork() may lead to deadlocks in the child.
[2024-04-26T17:43:25.425+0000] {standard_task_runner.py:63} INFO - Started process 1833 to run task
[2024-04-26T17:43:25.425+0000] {standard_task_runner.py:90} INFO - Running: ['***', 'tasks', 'run', 'air_quality_pipeline', 'pre_workflow', 'backfill__2024-04-04T22:00:00+00:00', '--job-id', '401', '--pool', 'default_pool', '--raw', '--subdir', 'DAGS_FOLDER/air_quality/air_quality_dag.py', '--cfg-path', '/tmp/tmpo1hfzysl']
[2024-04-26T17:43:25.426+0000] {standard_task_runner.py:91} INFO - Job 401: Subtask pre_workflow
[2024-04-26T17:43:25.460+0000] {task_command.py:426} INFO - Running <TaskInstance: air_quality_pipeline.pre_workflow backfill__2024-04-04T22:00:00+00:00 [running]> on host 4718ecf2379c
[2024-04-26T17:43:25.524+0000] {taskinstance.py:2644} INFO - Exporting env vars: AIRFLOW_CTX_DAG_OWNER='***' AIRFLOW_CTX_DAG_ID='air_quality_pipeline' AIRFLOW_CTX_TASK_ID='pre_workflow' AIRFLOW_CTX_EXECUTION_DATE='2024-04-04T22:00:00+00:00' AIRFLOW_CTX_TRY_NUMBER='1' AIRFLOW_CTX_DAG_RUN_ID='backfill__2024-04-04T22:00:00+00:00'
[2024-04-26T17:43:25.525+0000] {taskinstance.py:430} INFO - ::endgroup::
[2024-04-26T17:43:25.533+0000] {taskinstance.py:441} INFO - ::group::Post task execution logs
[2024-04-26T17:43:25.540+0000] {taskinstance.py:1205} INFO - Marking task as SUCCESS. dag_id=air_quality_pipeline, task_id=pre_workflow, execution_date=20240404T220000, start_date=20240426T174325, end_date=20240426T174325
[2024-04-26T17:43:25.558+0000] {local_task_job_runner.py:240} INFO - Task exited with return code 0
[2024-04-26T17:43:25.576+0000] {taskinstance.py:3482} INFO - 1 downstream tasks scheduled from follow-on schedule check
[2024-04-26T17:43:25.578+0000] {local_task_job_runner.py:222} INFO - ::endgroup::
