[2024-04-23T21:11:58.532+0000] {local_task_job_runner.py:120} INFO - ::group::Pre task execution logs
[2024-04-23T21:11:58.552+0000] {taskinstance.py:2073} INFO - Dependencies all met for dep_context=non-requeueable deps ti=<TaskInstance: pipeline.extract manual__2024-04-23T21:11:56.150975+00:00 [queued]>
[2024-04-23T21:11:58.556+0000] {taskinstance.py:2073} INFO - Dependencies all met for dep_context=requeueable deps ti=<TaskInstance: pipeline.extract manual__2024-04-23T21:11:56.150975+00:00 [queued]>
[2024-04-23T21:11:58.556+0000] {taskinstance.py:2303} INFO - Starting attempt 1 of 1
[2024-04-23T21:11:58.564+0000] {taskinstance.py:2327} INFO - Executing <Task(PythonOperator): extract> on 2024-04-23 21:11:56.150975+00:00
[2024-04-23T21:11:58.572+0000] {standard_task_runner.py:90} INFO - Running: ['***', 'tasks', 'run', 'pipeline', 'extract', 'manual__2024-04-23T21:11:56.150975+00:00', '--job-id', '46', '--raw', '--subdir', 'DAGS_FOLDER/air_quality/air_quality_dag.py', '--cfg-path', '/tmp/tmp_7f2rb25']
[2024-04-23T21:11:58.574+0000] {standard_task_runner.py:91} INFO - Job 46: Subtask extract
[2024-04-23T21:11:58.576+0000] {logging_mixin.py:188} WARNING - /home/***/.local/lib/python3.12/site-packages/***/task/task_runner/standard_task_runner.py:61 DeprecationWarning: This process (pid=1609) is multi-threaded, use of fork() may lead to deadlocks in the child.
[2024-04-23T21:11:58.576+0000] {standard_task_runner.py:63} INFO - Started process 1611 to run task
[2024-04-23T21:11:58.606+0000] {task_command.py:426} INFO - Running <TaskInstance: pipeline.extract manual__2024-04-23T21:11:56.150975+00:00 [running]> on host 1b9b58bb0dc3
[2024-04-23T21:11:58.663+0000] {taskinstance.py:2644} INFO - Exporting env vars: AIRFLOW_CTX_DAG_OWNER='***' AIRFLOW_CTX_DAG_ID='pipeline' AIRFLOW_CTX_TASK_ID='extract' AIRFLOW_CTX_EXECUTION_DATE='2024-04-23T21:11:56.150975+00:00' AIRFLOW_CTX_TRY_NUMBER='1' AIRFLOW_CTX_DAG_RUN_ID='manual__2024-04-23T21:11:56.150975+00:00'
[2024-04-23T21:11:58.664+0000] {taskinstance.py:430} INFO - ::endgroup::
[2024-04-23T21:11:58.675+0000] {ConnectorCountrys.py:71} INFO - Extracting data for: Guadalajara
[2024-04-23T21:12:02.149+0000] {ConnectorCountrys.py:71} INFO - Extracting data for: Monterrey
[2024-04-23T21:12:04.577+0000] {ConnectorCountrys.py:71} INFO - Extracting data for: Mexico City
[2024-04-23T21:12:05.986+0000] {ConnectorCountrys.py:71} INFO - Extracting data for: Puebla
[2024-04-23T21:12:07.399+0000] {ConnectorCountrys.py:71} INFO - Extracting data for: Aguascalientes
[2024-04-23T21:12:09.823+0000] {ConnectorCountrys.py:81} INFO - Data extracted - Shape: (5, 12)
[2024-04-23T21:12:22.803+0000] {ConnectorAirQuality.py:56} INFO - Datos del calidad del aire extraidos: (65, 11)
[2024-04-23T21:12:22.803+0000] {python.py:237} INFO - Done. Returned value was: None
[2024-04-23T21:12:22.804+0000] {taskinstance.py:441} INFO - ::group::Post task execution logs
[2024-04-23T21:12:22.813+0000] {taskinstance.py:1205} INFO - Marking task as SUCCESS. dag_id=pipeline, task_id=extract, execution_date=20240423T211156, start_date=20240423T211158, end_date=20240423T211222
[2024-04-23T21:12:22.867+0000] {local_task_job_runner.py:240} INFO - Task exited with return code 0
[2024-04-23T21:12:22.889+0000] {taskinstance.py:3482} INFO - 1 downstream tasks scheduled from follow-on schedule check
[2024-04-23T21:12:22.890+0000] {local_task_job_runner.py:222} INFO - ::endgroup::
