[2024-04-26T18:08:39.244+0000] {local_task_job_runner.py:120} INFO - ::group::Pre task execution logs
[2024-04-26T18:08:39.269+0000] {taskinstance.py:2073} INFO - Dependencies all met for dep_context=non-requeueable deps ti=<TaskInstance: air_quality_pipeline.etl.extract manual__2024-04-26T18:04:10.972377+00:00 [queued]>
[2024-04-26T18:08:39.395+0000] {taskinstance.py:2073} INFO - Dependencies all met for dep_context=requeueable deps ti=<TaskInstance: air_quality_pipeline.etl.extract manual__2024-04-26T18:04:10.972377+00:00 [queued]>
[2024-04-26T18:08:39.395+0000] {taskinstance.py:2303} INFO - Starting attempt 2 of 3
[2024-04-26T18:08:39.403+0000] {taskinstance.py:2327} INFO - Executing <Task(PythonOperator): etl.extract> on 2024-04-26 18:04:10.972377+00:00
[2024-04-26T18:08:39.414+0000] {logging_mixin.py:188} WARNING - /home/***/.local/lib/python3.12/site-packages/***/task/task_runner/standard_task_runner.py:61 DeprecationWarning: This process (pid=2522) is multi-threaded, use of fork() may lead to deadlocks in the child.
[2024-04-26T18:08:39.413+0000] {standard_task_runner.py:90} INFO - Running: ['***', 'tasks', 'run', 'air_quality_pipeline', 'etl.extract', 'manual__2024-04-26T18:04:10.972377+00:00', '--job-id', '418', '--raw', '--subdir', 'DAGS_FOLDER/air_quality/air_quality_dag.py', '--cfg-path', '/tmp/tmpw3pgk40w']
[2024-04-26T18:08:39.415+0000] {standard_task_runner.py:63} INFO - Started process 2524 to run task
[2024-04-26T18:08:39.415+0000] {standard_task_runner.py:91} INFO - Job 418: Subtask etl.extract
[2024-04-26T18:08:39.446+0000] {task_command.py:426} INFO - Running <TaskInstance: air_quality_pipeline.etl.extract manual__2024-04-26T18:04:10.972377+00:00 [running]> on host 5fdceac7b2c7
[2024-04-26T18:08:39.509+0000] {taskinstance.py:2644} INFO - Exporting env vars: AIRFLOW_CTX_DAG_OWNER='***' AIRFLOW_CTX_DAG_ID='air_quality_pipeline' AIRFLOW_CTX_TASK_ID='etl.extract' AIRFLOW_CTX_EXECUTION_DATE='2024-04-26T18:04:10.972377+00:00' AIRFLOW_CTX_TRY_NUMBER='2' AIRFLOW_CTX_DAG_RUN_ID='manual__2024-04-26T18:04:10.972377+00:00'
[2024-04-26T18:08:39.510+0000] {taskinstance.py:430} INFO - ::endgroup::
[2024-04-26T18:08:39.518+0000] {tasks.py:35} INFO - Extracting location...
[2024-04-26T18:08:39.520+0000] {LocationConnector.py:70} INFO - Extracting data for: Guadalajara
[2024-04-26T18:08:42.940+0000] {LocationConnector.py:70} INFO - Extracting data for: Monterrey
[2024-04-26T18:08:46.353+0000] {LocationConnector.py:70} INFO - Extracting data for: Mexico City
[2024-04-26T18:08:49.774+0000] {LocationConnector.py:70} INFO - Extracting data for: Puebla
[2024-04-26T18:08:53.181+0000] {LocationConnector.py:70} INFO - Extracting data for: Merida
[2024-04-26T18:08:55.582+0000] {LocationConnector.py:70} INFO - Extracting data for: Toluca
[2024-04-26T18:08:58.987+0000] {LocationConnector.py:70} INFO - Extracting data for: Buenos Aires
[2024-04-26T18:09:01.373+0000] {LocationConnector.py:70} INFO - Extracting data for: Medellin
[2024-04-26T18:09:02.764+0000] {LocationConnector.py:78} INFO - Successfully Extracted Location data: (8, 12)
[2024-04-26T18:09:02.766+0000] {tasks.py:37} INFO - Location extraction complete.
[2024-04-26T18:09:02.766+0000] {tasks.py:40} INFO - Extracting air quality data...
[2024-04-26T18:09:18.157+0000] {AirQualityConnector.py:85} INFO - Successfully Extracted air quality data: (184, 11)
[2024-04-26T18:09:18.157+0000] {tasks.py:42} INFO - Air quality data extraction complete.
[2024-04-26T18:09:18.157+0000] {python.py:237} INFO - Done. Returned value was: None
[2024-04-26T18:09:18.158+0000] {taskinstance.py:441} INFO - ::group::Post task execution logs
[2024-04-26T18:09:18.164+0000] {taskinstance.py:1205} INFO - Marking task as SUCCESS. dag_id=air_quality_pipeline, task_id=etl.extract, execution_date=20240426T180410, start_date=20240426T180839, end_date=20240426T180918
[2024-04-26T18:09:18.215+0000] {local_task_job_runner.py:240} INFO - Task exited with return code 0
[2024-04-26T18:09:18.242+0000] {taskinstance.py:3482} INFO - 1 downstream tasks scheduled from follow-on schedule check
[2024-04-26T18:09:18.245+0000] {local_task_job_runner.py:222} INFO - ::endgroup::
