[2024-04-22T17:59:22.749+0000] {local_task_job_runner.py:120} INFO - ::group::Pre task execution logs
[2024-04-22T17:59:22.773+0000] {taskinstance.py:2073} INFO - Dependencies all met for dep_context=non-requeueable deps ti=<TaskInstance: pipeline.es scheduled__2024-01-05T00:00:00+00:00 [queued]>
[2024-04-22T17:59:22.780+0000] {taskinstance.py:2073} INFO - Dependencies all met for dep_context=requeueable deps ti=<TaskInstance: pipeline.es scheduled__2024-01-05T00:00:00+00:00 [queued]>
[2024-04-22T17:59:22.780+0000] {taskinstance.py:2303} INFO - Starting attempt 1 of 1
[2024-04-22T17:59:22.909+0000] {taskinstance.py:2327} INFO - Executing <Task(PythonOperator): es> on 2024-01-05 00:00:00+00:00
[2024-04-22T17:59:22.919+0000] {logging_mixin.py:188} WARNING - /home/***/.local/lib/python3.12/site-packages/***/task/task_runner/standard_task_runner.py:61 DeprecationWarning: This process (pid=431) is multi-threaded, use of fork() may lead to deadlocks in the child.
[2024-04-22T17:59:22.920+0000] {standard_task_runner.py:63} INFO - Started process 433 to run task
[2024-04-22T17:59:22.919+0000] {standard_task_runner.py:90} INFO - Running: ['***', 'tasks', 'run', 'pipeline', 'es', 'scheduled__2024-01-05T00:00:00+00:00', '--job-id', '10', '--raw', '--subdir', 'DAGS_FOLDER/air_quality/air_quality_dag.py', '--cfg-path', '/tmp/tmpj41yp1u4']
[2024-04-22T17:59:22.920+0000] {standard_task_runner.py:91} INFO - Job 10: Subtask es
[2024-04-22T17:59:22.954+0000] {task_command.py:426} INFO - Running <TaskInstance: pipeline.es scheduled__2024-01-05T00:00:00+00:00 [running]> on host b14852dd6242
[2024-04-22T17:59:23.010+0000] {taskinstance.py:2644} INFO - Exporting env vars: AIRFLOW_CTX_DAG_OWNER='***' AIRFLOW_CTX_DAG_ID='pipeline' AIRFLOW_CTX_TASK_ID='es' AIRFLOW_CTX_EXECUTION_DATE='2024-01-05T00:00:00+00:00' AIRFLOW_CTX_TRY_NUMBER='1' AIRFLOW_CTX_DAG_RUN_ID='scheduled__2024-01-05T00:00:00+00:00'
[2024-04-22T17:59:23.011+0000] {taskinstance.py:430} INFO - ::endgroup::
[2024-04-22T17:59:23.038+0000] {logging_mixin.py:188} INFO -     place_id  ...                                               icon
0   15207270  ...  https://locationiq.org/static/images/mapicons/...
1   47603329  ...  https://locationiq.org/static/images/mapicons/...
2  337185541  ...  https://locationiq.org/static/images/mapicons/...
3   79486271  ...  https://locationiq.org/static/images/mapicons/...
4   49500687  ...  https://locationiq.org/static/images/mapicons/...

[5 rows x 12 columns]
[2024-04-22T17:59:23.038+0000] {python.py:237} INFO - Done. Returned value was: None
[2024-04-22T17:59:23.038+0000] {taskinstance.py:441} INFO - ::group::Post task execution logs
[2024-04-22T17:59:23.045+0000] {taskinstance.py:1205} INFO - Marking task as SUCCESS. dag_id=pipeline, task_id=es, execution_date=20240105T000000, start_date=20240422T175922, end_date=20240422T175923
[2024-04-22T17:59:23.093+0000] {local_task_job_runner.py:240} INFO - Task exited with return code 0
[2024-04-22T17:59:23.105+0000] {taskinstance.py:3482} INFO - 0 downstream tasks scheduled from follow-on schedule check
[2024-04-22T17:59:23.107+0000] {local_task_job_runner.py:222} INFO - ::endgroup::
[2024-04-22T21:32:40.229+0000] {local_task_job_runner.py:120} INFO - ::group::Pre task execution logs
[2024-04-22T21:32:40.250+0000] {taskinstance.py:2073} INFO - Dependencies all met for dep_context=non-requeueable deps ti=<TaskInstance: pipeline.es scheduled__2024-01-05T00:00:00+00:00 [queued]>
[2024-04-22T21:32:40.255+0000] {taskinstance.py:2073} INFO - Dependencies all met for dep_context=requeueable deps ti=<TaskInstance: pipeline.es scheduled__2024-01-05T00:00:00+00:00 [queued]>
[2024-04-22T21:32:40.256+0000] {taskinstance.py:2303} INFO - Starting attempt 1 of 1
[2024-04-22T21:32:40.262+0000] {taskinstance.py:2327} INFO - Executing <Task(PythonOperator): es> on 2024-01-05 00:00:00+00:00
[2024-04-22T21:32:40.270+0000] {standard_task_runner.py:90} INFO - Running: ['***', 'tasks', 'run', 'pipeline', 'es', 'scheduled__2024-01-05T00:00:00+00:00', '--job-id', '25', '--raw', '--subdir', 'DAGS_FOLDER/air_quality/air_quality_dag.py', '--cfg-path', '/tmp/tmp77o9xhij']
[2024-04-22T21:32:40.272+0000] {standard_task_runner.py:91} INFO - Job 25: Subtask es
[2024-04-22T21:32:40.272+0000] {logging_mixin.py:188} WARNING - /home/***/.local/lib/python3.12/site-packages/***/task/task_runner/standard_task_runner.py:61 DeprecationWarning: This process (pid=950) is multi-threaded, use of fork() may lead to deadlocks in the child.
[2024-04-22T21:32:40.273+0000] {standard_task_runner.py:63} INFO - Started process 952 to run task
[2024-04-22T21:32:40.305+0000] {task_command.py:426} INFO - Running <TaskInstance: pipeline.es scheduled__2024-01-05T00:00:00+00:00 [running]> on host b14852dd6242
[2024-04-22T21:32:40.360+0000] {taskinstance.py:2644} INFO - Exporting env vars: AIRFLOW_CTX_DAG_OWNER='***' AIRFLOW_CTX_DAG_ID='pipeline' AIRFLOW_CTX_TASK_ID='es' AIRFLOW_CTX_EXECUTION_DATE='2024-01-05T00:00:00+00:00' AIRFLOW_CTX_TRY_NUMBER='1' AIRFLOW_CTX_DAG_RUN_ID='scheduled__2024-01-05T00:00:00+00:00'
[2024-04-22T21:32:40.361+0000] {taskinstance.py:430} INFO - ::endgroup::
[2024-04-22T21:32:40.387+0000] {logging_mixin.py:188} INFO -     place_id  ...                                               icon
0   15207270  ...  https://locationiq.org/static/images/mapicons/...
1   47603329  ...  https://locationiq.org/static/images/mapicons/...
2  337185541  ...  https://locationiq.org/static/images/mapicons/...
3   79486271  ...  https://locationiq.org/static/images/mapicons/...
4   49500687  ...  https://locationiq.org/static/images/mapicons/...

[5 rows x 12 columns]
[2024-04-22T21:32:40.405+0000] {logging_mixin.py:188} INFO -             dt  main.aqi  components.co  ...  components.nh3        lat       date
0   1704412800         2         260.35  ...            0.91  20.672037 2024-01-05
1   1704416400         1         400.54  ...            2.60  20.672037 2024-01-05
2   1704420000         1         500.68  ...            4.43  20.672037 2024-01-05
3   1704423600         1         500.68  ...            5.19  20.672037 2024-01-05
4   1704427200         2         640.87  ...            7.92  20.672037 2024-01-05
..         ...       ...            ...  ...             ...        ...        ...
60  1704441600         1         210.29  ...            4.62  21.880487 2024-01-05
61  1704445200         1         208.62  ...            4.18  21.880487 2024-01-05
62  1704448800         1         211.95  ...            3.61  21.880487 2024-01-05
63  1704452400         1         216.96  ...            3.10  21.880487 2024-01-05
64  1704456000         1         220.30  ...            2.66  21.880487 2024-01-05

[65 rows x 12 columns]
[2024-04-22T21:32:40.405+0000] {python.py:237} INFO - Done. Returned value was: None
[2024-04-22T21:32:40.405+0000] {taskinstance.py:441} INFO - ::group::Post task execution logs
[2024-04-22T21:32:40.412+0000] {taskinstance.py:1205} INFO - Marking task as SUCCESS. dag_id=pipeline, task_id=es, execution_date=20240105T000000, start_date=20240422T213240, end_date=20240422T213240
[2024-04-22T21:32:40.446+0000] {local_task_job_runner.py:240} INFO - Task exited with return code 0
[2024-04-22T21:32:40.460+0000] {taskinstance.py:3482} INFO - 0 downstream tasks scheduled from follow-on schedule check
[2024-04-22T21:32:40.462+0000] {local_task_job_runner.py:222} INFO - ::endgroup::
