[2024-04-24T00:08:39.220+0000] {local_task_job_runner.py:120} INFO - ::group::Pre task execution logs
[2024-04-24T00:08:39.242+0000] {taskinstance.py:2073} INFO - Dependencies all met for dep_context=non-requeueable deps ti=<TaskInstance: pipeline.load manual__2024-04-24T00:07:36.253792+00:00 [queued]>
[2024-04-24T00:08:39.363+0000] {taskinstance.py:2073} INFO - Dependencies all met for dep_context=requeueable deps ti=<TaskInstance: pipeline.load manual__2024-04-24T00:07:36.253792+00:00 [queued]>
[2024-04-24T00:08:39.363+0000] {taskinstance.py:2303} INFO - Starting attempt 1 of 1
[2024-04-24T00:08:39.371+0000] {taskinstance.py:2327} INFO - Executing <Task(PythonOperator): load> on 2024-04-24 00:07:36.253792+00:00
[2024-04-24T00:08:39.380+0000] {standard_task_runner.py:90} INFO - Running: ['***', 'tasks', 'run', 'pipeline', 'load', 'manual__2024-04-24T00:07:36.253792+00:00', '--job-id', '76', '--raw', '--subdir', 'DAGS_FOLDER/air_quality/air_quality_dag.py', '--cfg-path', '/tmp/tmp2i8t1xz4']
[2024-04-24T00:08:39.382+0000] {logging_mixin.py:188} WARNING - /home/***/.local/lib/python3.12/site-packages/***/task/task_runner/standard_task_runner.py:61 DeprecationWarning: This process (pid=1743) is multi-threaded, use of fork() may lead to deadlocks in the child.
[2024-04-24T00:08:39.382+0000] {standard_task_runner.py:91} INFO - Job 76: Subtask load
[2024-04-24T00:08:39.382+0000] {standard_task_runner.py:63} INFO - Started process 1745 to run task
[2024-04-24T00:08:39.415+0000] {task_command.py:426} INFO - Running <TaskInstance: pipeline.load manual__2024-04-24T00:07:36.253792+00:00 [running]> on host 8e318e51dc55
[2024-04-24T00:08:39.477+0000] {taskinstance.py:2644} INFO - Exporting env vars: AIRFLOW_CTX_DAG_OWNER='***' AIRFLOW_CTX_DAG_ID='pipeline' AIRFLOW_CTX_TASK_ID='load' AIRFLOW_CTX_EXECUTION_DATE='2024-04-24T00:07:36.253792+00:00' AIRFLOW_CTX_TRY_NUMBER='1' AIRFLOW_CTX_DAG_RUN_ID='manual__2024-04-24T00:07:36.253792+00:00'
[2024-04-24T00:08:39.478+0000] {taskinstance.py:430} INFO - ::endgroup::
[2024-04-24T00:08:39.490+0000] {RedShift.py:56} INFO - Loading data into Redshift
[2024-04-24T00:08:41.952+0000] {RedShift.py:77} INFO - Connection closed
[2024-04-24T00:08:41.952+0000] {taskinstance.py:441} INFO - ::group::Post task execution logs
[2024-04-24T00:08:41.952+0000] {taskinstance.py:2890} ERROR - Task failed with exception
Traceback (most recent call last):
  File "/home/airflow/.local/lib/python3.12/site-packages/sqlalchemy/engine/base.py", line 1910, in _execute_context
    self.dialect.do_execute(
  File "/home/airflow/.local/lib/python3.12/site-packages/sqlalchemy/engine/default.py", line 736, in do_execute
    cursor.execute(statement, parameters)
psycopg2.errors.UndefinedColumn: column "fecha_hora_medicion" does not exist in air_quality


The above exception was the direct cause of the following exception:

Traceback (most recent call last):
  File "/home/airflow/.local/lib/python3.12/site-packages/airflow/models/taskinstance.py", line 465, in _execute_task
    result = _execute_callable(context=context, **execute_callable_kwargs)
             ^^^^^^^^^^^^^^^^^^^^^^^^^^^^^^^^^^^^^^^^^^^^^^^^^^^^^^^^^^^^^
  File "/home/airflow/.local/lib/python3.12/site-packages/airflow/models/taskinstance.py", line 432, in _execute_callable
    return execute_callable(context=context, **execute_callable_kwargs)
           ^^^^^^^^^^^^^^^^^^^^^^^^^^^^^^^^^^^^^^^^^^^^^^^^^^^^^^^^^^^^
  File "/home/airflow/.local/lib/python3.12/site-packages/airflow/models/baseoperator.py", line 400, in wrapper
    return func(self, *args, **kwargs)
           ^^^^^^^^^^^^^^^^^^^^^^^^^^^
  File "/home/airflow/.local/lib/python3.12/site-packages/airflow/operators/python.py", line 235, in execute
    return_value = self.execute_callable()
                   ^^^^^^^^^^^^^^^^^^^^^^^
  File "/home/airflow/.local/lib/python3.12/site-packages/airflow/operators/python.py", line 252, in execute_callable
    return self.python_callable(*self.op_args, **self.op_kwargs)
           ^^^^^^^^^^^^^^^^^^^^^^^^^^^^^^^^^^^^^^^^^^^^^^^^^^^^^
  File "/opt/airflow/dags/air_quality/tasks.py", line 55, in load
    redshift_loader.load_data()
  File "/opt/airflow/src/RedShift.py", line 70, in load_data
    self.load_new_data(df_air_quality).to_sql("air_quality", self.session.bind, if_exists='append', index=False)
    ^^^^^^^^^^^^^^^^^^^^^^^^^^^^^^^^^^
  File "/opt/airflow/src/RedShift.py", line 40, in load_new_data
    existing_db_data = pd.read_sql_query(stmt, self.session.bind)
                       ^^^^^^^^^^^^^^^^^^^^^^^^^^^^^^^^^^^^^^^^^^
  File "/home/airflow/.local/lib/python3.12/site-packages/pandas/io/sql.py", line 486, in read_sql_query
    return pandas_sql.read_query(
           ^^^^^^^^^^^^^^^^^^^^^^
  File "/home/airflow/.local/lib/python3.12/site-packages/pandas/io/sql.py", line 1776, in read_query
    result = self.execute(sql, params)
             ^^^^^^^^^^^^^^^^^^^^^^^^^
  File "/home/airflow/.local/lib/python3.12/site-packages/pandas/io/sql.py", line 1599, in execute
    return self.con.exec_driver_sql(sql, *args)
           ^^^^^^^^^^^^^^^^^^^^^^^^^^^^^^^^^^^^
  File "/home/airflow/.local/lib/python3.12/site-packages/sqlalchemy/engine/base.py", line 1770, in exec_driver_sql
    return self._exec_driver_sql(
           ^^^^^^^^^^^^^^^^^^^^^^
  File "/home/airflow/.local/lib/python3.12/site-packages/sqlalchemy/engine/base.py", line 1674, in _exec_driver_sql
    ret = self._execute_context(
          ^^^^^^^^^^^^^^^^^^^^^^
  File "/home/airflow/.local/lib/python3.12/site-packages/sqlalchemy/engine/base.py", line 1953, in _execute_context
    self._handle_dbapi_exception(
  File "/home/airflow/.local/lib/python3.12/site-packages/sqlalchemy/engine/base.py", line 2134, in _handle_dbapi_exception
    util.raise_(
  File "/home/airflow/.local/lib/python3.12/site-packages/sqlalchemy/util/compat.py", line 211, in raise_
    raise exception
  File "/home/airflow/.local/lib/python3.12/site-packages/sqlalchemy/engine/base.py", line 1910, in _execute_context
    self.dialect.do_execute(
  File "/home/airflow/.local/lib/python3.12/site-packages/sqlalchemy/engine/default.py", line 736, in do_execute
    cursor.execute(statement, parameters)
sqlalchemy.exc.ProgrammingError: (psycopg2.errors.UndefinedColumn) column "fecha_hora_medicion" does not exist in air_quality

[SQL: SELECT fecha_hora_medicion, name_city FROM christianlaurean1_coderhouse.air_quality]
(Background on this error at: https://sqlalche.me/e/14/f405)
[2024-04-24T00:08:41.962+0000] {taskinstance.py:1205} INFO - Marking task as FAILED. dag_id=pipeline, task_id=load, execution_date=20240424T000736, start_date=20240424T000839, end_date=20240424T000841
[2024-04-24T00:08:41.968+0000] {standard_task_runner.py:110} ERROR - Failed to execute job 76 for task load ((psycopg2.errors.UndefinedColumn) column "fecha_hora_medicion" does not exist in air_quality

[SQL: SELECT fecha_hora_medicion, name_city FROM christianlaurean1_coderhouse.air_quality]
(Background on this error at: https://sqlalche.me/e/14/f405); 1745)
[2024-04-24T00:08:42.000+0000] {local_task_job_runner.py:240} INFO - Task exited with return code 1
[2024-04-24T00:08:42.013+0000] {taskinstance.py:3482} INFO - 0 downstream tasks scheduled from follow-on schedule check
[2024-04-24T00:08:42.015+0000] {local_task_job_runner.py:222} INFO - ::endgroup::
