[2024-04-26T17:22:39.423+0000] {local_task_job_runner.py:120} INFO - ::group::Pre task execution logs
[2024-04-26T17:22:39.466+0000] {taskinstance.py:2073} INFO - Dependencies all met for dep_context=non-requeueable deps ti=<TaskInstance: air_quality_pipeline.pre_workflow backfill__2024-04-01T22:00:00+00:00 [queued]>
[2024-04-26T17:22:39.473+0000] {taskinstance.py:2073} INFO - Dependencies all met for dep_context=requeueable deps ti=<TaskInstance: air_quality_pipeline.pre_workflow backfill__2024-04-01T22:00:00+00:00 [queued]>
[2024-04-26T17:22:39.473+0000] {taskinstance.py:2303} INFO - Starting attempt 1 of 2
[2024-04-26T17:22:39.489+0000] {taskinstance.py:2327} INFO - Executing <Task(EmptyOperator): pre_workflow> on 2024-04-01 22:00:00+00:00
[2024-04-26T17:22:39.503+0000] {logging_mixin.py:188} WARNING - /home/***/.local/lib/python3.12/site-packages/***/task/task_runner/standard_task_runner.py:61 DeprecationWarning: This process (pid=781) is multi-threaded, use of fork() may lead to deadlocks in the child.
[2024-04-26T17:22:39.504+0000] {standard_task_runner.py:63} INFO - Started process 793 to run task
[2024-04-26T17:22:39.503+0000] {standard_task_runner.py:90} INFO - Running: ['***', 'tasks', 'run', 'air_quality_pipeline', 'pre_workflow', 'backfill__2024-04-01T22:00:00+00:00', '--job-id', '308', '--pool', 'default_pool', '--raw', '--subdir', 'DAGS_FOLDER/air_quality/air_quality_dag.py', '--cfg-path', '/tmp/tmpnu69eaoc']
[2024-04-26T17:22:39.505+0000] {standard_task_runner.py:91} INFO - Job 308: Subtask pre_workflow
[2024-04-26T17:22:39.553+0000] {task_command.py:426} INFO - Running <TaskInstance: air_quality_pipeline.pre_workflow backfill__2024-04-01T22:00:00+00:00 [running]> on host 4718ecf2379c
[2024-04-26T17:22:39.651+0000] {taskinstance.py:2644} INFO - Exporting env vars: AIRFLOW_CTX_DAG_OWNER='***' AIRFLOW_CTX_DAG_ID='air_quality_pipeline' AIRFLOW_CTX_TASK_ID='pre_workflow' AIRFLOW_CTX_EXECUTION_DATE='2024-04-01T22:00:00+00:00' AIRFLOW_CTX_TRY_NUMBER='1' AIRFLOW_CTX_DAG_RUN_ID='backfill__2024-04-01T22:00:00+00:00'
[2024-04-26T17:22:39.652+0000] {taskinstance.py:430} INFO - ::endgroup::
[2024-04-26T17:22:39.677+0000] {taskinstance.py:441} INFO - ::group::Post task execution logs
[2024-04-26T17:22:39.686+0000] {taskinstance.py:1205} INFO - Marking task as SUCCESS. dag_id=air_quality_pipeline, task_id=pre_workflow, execution_date=20240401T220000, start_date=20240426T172239, end_date=20240426T172239
[2024-04-26T17:22:39.720+0000] {local_task_job_runner.py:240} INFO - Task exited with return code 0
[2024-04-26T17:22:39.745+0000] {taskinstance.py:3482} INFO - 1 downstream tasks scheduled from follow-on schedule check
[2024-04-26T17:22:39.747+0000] {local_task_job_runner.py:222} INFO - ::endgroup::
[2024-04-26T17:30:41.664+0000] {local_task_job_runner.py:120} INFO - ::group::Pre task execution logs
[2024-04-26T17:30:41.688+0000] {taskinstance.py:2073} INFO - Dependencies all met for dep_context=non-requeueable deps ti=<TaskInstance: air_quality_pipeline.pre_workflow backfill__2024-04-01T22:00:00+00:00 [queued]>
[2024-04-26T17:30:41.693+0000] {taskinstance.py:2073} INFO - Dependencies all met for dep_context=requeueable deps ti=<TaskInstance: air_quality_pipeline.pre_workflow backfill__2024-04-01T22:00:00+00:00 [queued]>
[2024-04-26T17:30:41.693+0000] {taskinstance.py:2303} INFO - Starting attempt 1 of 2
[2024-04-26T17:30:41.703+0000] {taskinstance.py:2327} INFO - Executing <Task(EmptyOperator): pre_workflow> on 2024-04-01 22:00:00+00:00
[2024-04-26T17:30:41.711+0000] {logging_mixin.py:188} WARNING - /home/***/.local/lib/python3.12/site-packages/***/task/task_runner/standard_task_runner.py:61 DeprecationWarning: This process (pid=1219) is multi-threaded, use of fork() may lead to deadlocks in the child.
[2024-04-26T17:30:41.712+0000] {standard_task_runner.py:63} INFO - Started process 1220 to run task
[2024-04-26T17:30:41.711+0000] {standard_task_runner.py:90} INFO - Running: ['***', 'tasks', 'run', 'air_quality_pipeline', 'pre_workflow', 'backfill__2024-04-01T22:00:00+00:00', '--job-id', '371', '--pool', 'default_pool', '--raw', '--subdir', 'DAGS_FOLDER/air_quality/air_quality_dag.py', '--cfg-path', '/tmp/tmp6wvr3fmq']
[2024-04-26T17:30:41.713+0000] {standard_task_runner.py:91} INFO - Job 371: Subtask pre_workflow
[2024-04-26T17:30:41.743+0000] {task_command.py:426} INFO - Running <TaskInstance: air_quality_pipeline.pre_workflow backfill__2024-04-01T22:00:00+00:00 [running]> on host 4718ecf2379c
[2024-04-26T17:30:41.802+0000] {taskinstance.py:2644} INFO - Exporting env vars: AIRFLOW_CTX_DAG_OWNER='***' AIRFLOW_CTX_DAG_ID='air_quality_pipeline' AIRFLOW_CTX_TASK_ID='pre_workflow' AIRFLOW_CTX_EXECUTION_DATE='2024-04-01T22:00:00+00:00' AIRFLOW_CTX_TRY_NUMBER='1' AIRFLOW_CTX_DAG_RUN_ID='backfill__2024-04-01T22:00:00+00:00'
[2024-04-26T17:30:41.802+0000] {taskinstance.py:430} INFO - ::endgroup::
[2024-04-26T17:30:41.811+0000] {taskinstance.py:441} INFO - ::group::Post task execution logs
[2024-04-26T17:30:41.818+0000] {taskinstance.py:1205} INFO - Marking task as SUCCESS. dag_id=air_quality_pipeline, task_id=pre_workflow, execution_date=20240401T220000, start_date=20240426T173041, end_date=20240426T173041
[2024-04-26T17:30:41.845+0000] {local_task_job_runner.py:240} INFO - Task exited with return code 0
[2024-04-26T17:30:41.862+0000] {taskinstance.py:3482} INFO - 1 downstream tasks scheduled from follow-on schedule check
[2024-04-26T17:30:41.864+0000] {local_task_job_runner.py:222} INFO - ::endgroup::
[2024-04-26T17:39:02.935+0000] {local_task_job_runner.py:120} INFO - ::group::Pre task execution logs
[2024-04-26T17:39:02.961+0000] {taskinstance.py:2073} INFO - Dependencies all met for dep_context=non-requeueable deps ti=<TaskInstance: air_quality_pipeline.pre_workflow backfill__2024-04-01T22:00:00+00:00 [queued]>
[2024-04-26T17:39:02.966+0000] {taskinstance.py:2073} INFO - Dependencies all met for dep_context=requeueable deps ti=<TaskInstance: air_quality_pipeline.pre_workflow backfill__2024-04-01T22:00:00+00:00 [queued]>
[2024-04-26T17:39:02.966+0000] {taskinstance.py:2303} INFO - Starting attempt 1 of 2
[2024-04-26T17:39:02.976+0000] {taskinstance.py:2327} INFO - Executing <Task(EmptyOperator): pre_workflow> on 2024-04-01 22:00:00+00:00
[2024-04-26T17:39:02.985+0000] {logging_mixin.py:188} WARNING - /home/***/.local/lib/python3.12/site-packages/***/task/task_runner/standard_task_runner.py:61 DeprecationWarning: This process (pid=1553) is multi-threaded, use of fork() may lead to deadlocks in the child.
[2024-04-26T17:39:02.985+0000] {standard_task_runner.py:63} INFO - Started process 1554 to run task
[2024-04-26T17:39:02.985+0000] {standard_task_runner.py:90} INFO - Running: ['***', 'tasks', 'run', 'air_quality_pipeline', 'pre_workflow', 'backfill__2024-04-01T22:00:00+00:00', '--job-id', '388', '--pool', 'default_pool', '--raw', '--subdir', 'DAGS_FOLDER/air_quality/air_quality_dag.py', '--cfg-path', '/tmp/tmpc1a3d3mk']
[2024-04-26T17:39:02.986+0000] {standard_task_runner.py:91} INFO - Job 388: Subtask pre_workflow
[2024-04-26T17:39:03.020+0000] {task_command.py:426} INFO - Running <TaskInstance: air_quality_pipeline.pre_workflow backfill__2024-04-01T22:00:00+00:00 [running]> on host 4718ecf2379c
[2024-04-26T17:39:03.077+0000] {taskinstance.py:2644} INFO - Exporting env vars: AIRFLOW_CTX_DAG_OWNER='***' AIRFLOW_CTX_DAG_ID='air_quality_pipeline' AIRFLOW_CTX_TASK_ID='pre_workflow' AIRFLOW_CTX_EXECUTION_DATE='2024-04-01T22:00:00+00:00' AIRFLOW_CTX_TRY_NUMBER='1' AIRFLOW_CTX_DAG_RUN_ID='backfill__2024-04-01T22:00:00+00:00'
[2024-04-26T17:39:03.077+0000] {taskinstance.py:430} INFO - ::endgroup::
[2024-04-26T17:39:03.087+0000] {taskinstance.py:441} INFO - ::group::Post task execution logs
[2024-04-26T17:39:03.094+0000] {taskinstance.py:1205} INFO - Marking task as SUCCESS. dag_id=air_quality_pipeline, task_id=pre_workflow, execution_date=20240401T220000, start_date=20240426T173902, end_date=20240426T173903
[2024-04-26T17:39:03.118+0000] {local_task_job_runner.py:240} INFO - Task exited with return code 0
[2024-04-26T17:39:03.136+0000] {taskinstance.py:3482} INFO - 1 downstream tasks scheduled from follow-on schedule check
[2024-04-26T17:39:03.137+0000] {local_task_job_runner.py:222} INFO - ::endgroup::
