[2024-04-23T23:53:17.936+0000] {local_task_job_runner.py:120} INFO - ::group::Pre task execution logs
[2024-04-23T23:53:17.957+0000] {taskinstance.py:2073} INFO - Dependencies all met for dep_context=non-requeueable deps ti=<TaskInstance: pipeline.load manual__2024-04-23T23:52:17.107692+00:00 [queued]>
[2024-04-23T23:53:18.083+0000] {taskinstance.py:2073} INFO - Dependencies all met for dep_context=requeueable deps ti=<TaskInstance: pipeline.load manual__2024-04-23T23:52:17.107692+00:00 [queued]>
[2024-04-23T23:53:18.083+0000] {taskinstance.py:2303} INFO - Starting attempt 1 of 1
[2024-04-23T23:53:18.092+0000] {taskinstance.py:2327} INFO - Executing <Task(PythonOperator): load> on 2024-04-23 23:52:17.107692+00:00
[2024-04-23T23:53:18.103+0000] {logging_mixin.py:188} WARNING - /home/***/.local/lib/python3.12/site-packages/***/task/task_runner/standard_task_runner.py:61 DeprecationWarning: This process (pid=1364) is multi-threaded, use of fork() may lead to deadlocks in the child.
[2024-04-23T23:53:18.102+0000] {standard_task_runner.py:90} INFO - Running: ['***', 'tasks', 'run', 'pipeline', 'load', 'manual__2024-04-23T23:52:17.107692+00:00', '--job-id', '72', '--raw', '--subdir', 'DAGS_FOLDER/air_quality/air_quality_dag.py', '--cfg-path', '/tmp/tmpjgtke1l4']
[2024-04-23T23:53:18.104+0000] {standard_task_runner.py:91} INFO - Job 72: Subtask load
[2024-04-23T23:53:18.104+0000] {standard_task_runner.py:63} INFO - Started process 1366 to run task
[2024-04-23T23:53:18.134+0000] {task_command.py:426} INFO - Running <TaskInstance: pipeline.load manual__2024-04-23T23:52:17.107692+00:00 [running]> on host 8e318e51dc55
[2024-04-23T23:53:18.192+0000] {taskinstance.py:2644} INFO - Exporting env vars: AIRFLOW_CTX_DAG_OWNER='***' AIRFLOW_CTX_DAG_ID='pipeline' AIRFLOW_CTX_TASK_ID='load' AIRFLOW_CTX_EXECUTION_DATE='2024-04-23T23:52:17.107692+00:00' AIRFLOW_CTX_TRY_NUMBER='1' AIRFLOW_CTX_DAG_RUN_ID='manual__2024-04-23T23:52:17.107692+00:00'
[2024-04-23T23:53:18.193+0000] {taskinstance.py:430} INFO - ::endgroup::
[2024-04-23T23:53:18.204+0000] {RedShift.py:56} INFO - Loading data into Redshift
[2024-04-23T23:54:47.224+0000] {RedShift.py:66} INFO - Data inserted successfully
[2024-04-23T23:54:47.224+0000] {RedShift.py:77} INFO - Connection closed
[2024-04-23T23:54:47.225+0000] {python.py:237} INFO - Done. Returned value was: None
[2024-04-23T23:54:47.225+0000] {taskinstance.py:441} INFO - ::group::Post task execution logs
[2024-04-23T23:54:47.232+0000] {taskinstance.py:1205} INFO - Marking task as SUCCESS. dag_id=pipeline, task_id=load, execution_date=20240423T235217, start_date=20240423T235317, end_date=20240423T235447
[2024-04-23T23:54:47.262+0000] {local_task_job_runner.py:240} INFO - Task exited with return code 0
[2024-04-23T23:54:47.273+0000] {taskinstance.py:3482} INFO - 0 downstream tasks scheduled from follow-on schedule check
[2024-04-23T23:54:47.274+0000] {local_task_job_runner.py:222} INFO - ::endgroup::
