[2024-04-26T17:17:13.424+0000] {local_task_job_runner.py:120} INFO - ::group::Pre task execution logs
[2024-04-26T17:17:13.447+0000] {taskinstance.py:2073} INFO - Dependencies all met for dep_context=non-requeueable deps ti=<TaskInstance: air_quality_pipeline.etl.transform scheduled__2024-04-24T22:00:00+00:00 [queued]>
[2024-04-26T17:17:13.451+0000] {taskinstance.py:2073} INFO - Dependencies all met for dep_context=requeueable deps ti=<TaskInstance: air_quality_pipeline.etl.transform scheduled__2024-04-24T22:00:00+00:00 [queued]>
[2024-04-26T17:17:13.452+0000] {taskinstance.py:2303} INFO - Starting attempt 1 of 2
[2024-04-26T17:17:13.580+0000] {taskinstance.py:2327} INFO - Executing <Task(PythonOperator): etl.transform> on 2024-04-24 22:00:00+00:00
[2024-04-26T17:17:13.591+0000] {logging_mixin.py:188} WARNING - /home/***/.local/lib/python3.12/site-packages/***/task/task_runner/standard_task_runner.py:61 DeprecationWarning: This process (pid=1239) is multi-threaded, use of fork() may lead to deadlocks in the child.
[2024-04-26T17:17:13.591+0000] {standard_task_runner.py:63} INFO - Started process 1241 to run task
[2024-04-26T17:17:13.590+0000] {standard_task_runner.py:90} INFO - Running: ['***', 'tasks', 'run', 'air_quality_pipeline', 'etl.transform', 'scheduled__2024-04-24T22:00:00+00:00', '--job-id', '303', '--raw', '--subdir', 'DAGS_FOLDER/air_quality/air_quality_dag.py', '--cfg-path', '/tmp/tmpacf0tqd6']
[2024-04-26T17:17:13.592+0000] {standard_task_runner.py:91} INFO - Job 303: Subtask etl.transform
[2024-04-26T17:17:13.624+0000] {task_command.py:426} INFO - Running <TaskInstance: air_quality_pipeline.etl.transform scheduled__2024-04-24T22:00:00+00:00 [running]> on host 5fdceac7b2c7
[2024-04-26T17:17:13.681+0000] {taskinstance.py:2644} INFO - Exporting env vars: AIRFLOW_CTX_DAG_OWNER='***' AIRFLOW_CTX_DAG_ID='air_quality_pipeline' AIRFLOW_CTX_TASK_ID='etl.transform' AIRFLOW_CTX_EXECUTION_DATE='2024-04-24T22:00:00+00:00' AIRFLOW_CTX_TRY_NUMBER='1' AIRFLOW_CTX_DAG_RUN_ID='scheduled__2024-04-24T22:00:00+00:00'
[2024-04-26T17:17:13.682+0000] {taskinstance.py:430} INFO - ::endgroup::
[2024-04-26T17:17:13.692+0000] {tasks.py:52} INFO - Transforming location data...
[2024-04-26T17:17:13.702+0000] {LocationConnector.py:100} INFO - Successfully transformed DataFrame
[2024-04-26T17:17:13.702+0000] {LocationConnector.py:101} INFO - Shape of transformed DataFrame: (3, 8)
[2024-04-26T17:17:13.702+0000] {tasks.py:54} INFO - Location data transformation complete.
[2024-04-26T17:17:13.702+0000] {tasks.py:57} INFO - Transforming air quality data...
[2024-04-26T17:17:13.706+0000] {AirQualityConnector.py:101} INFO - Successfully transformed DataFrame
[2024-04-26T17:17:13.706+0000] {AirQualityConnector.py:102} INFO - Shape of transformed DataFrame: (69, 11)
[2024-04-26T17:17:13.706+0000] {tasks.py:59} INFO - Air quality data transformation complete.
[2024-04-26T17:17:13.707+0000] {tasks.py:62} INFO - Merging location and air quality data...
[2024-04-26T17:17:13.709+0000] {tasks.py:64} INFO - Location and air quality data merge complete.
[2024-04-26T17:17:13.709+0000] {tasks.py:70} INFO - Saving transformed data to CSV...
[2024-04-26T17:17:13.711+0000] {tasks.py:72} INFO - Transformed data saved to CSV.
[2024-04-26T17:17:13.711+0000] {python.py:237} INFO - Done. Returned value was: None
[2024-04-26T17:17:13.712+0000] {taskinstance.py:441} INFO - ::group::Post task execution logs
[2024-04-26T17:17:13.718+0000] {taskinstance.py:1205} INFO - Marking task as SUCCESS. dag_id=air_quality_pipeline, task_id=etl.transform, execution_date=20240424T220000, start_date=20240426T171713, end_date=20240426T171713
[2024-04-26T17:17:13.764+0000] {local_task_job_runner.py:240} INFO - Task exited with return code 0
[2024-04-26T17:17:13.782+0000] {taskinstance.py:3482} INFO - 1 downstream tasks scheduled from follow-on schedule check
[2024-04-26T17:17:13.783+0000] {local_task_job_runner.py:222} INFO - ::endgroup::
[2024-04-26T17:33:40.313+0000] {local_task_job_runner.py:120} INFO - ::group::Pre task execution logs
[2024-04-26T17:33:40.336+0000] {taskinstance.py:2073} INFO - Dependencies all met for dep_context=non-requeueable deps ti=<TaskInstance: air_quality_pipeline.etl.transform scheduled__2024-04-24T22:00:00+00:00 [queued]>
[2024-04-26T17:33:40.460+0000] {taskinstance.py:2073} INFO - Dependencies all met for dep_context=requeueable deps ti=<TaskInstance: air_quality_pipeline.etl.transform scheduled__2024-04-24T22:00:00+00:00 [queued]>
[2024-04-26T17:33:40.460+0000] {taskinstance.py:2303} INFO - Starting attempt 1 of 2
[2024-04-26T17:33:40.467+0000] {taskinstance.py:2327} INFO - Executing <Task(PythonOperator): etl.transform> on 2024-04-24 22:00:00+00:00
[2024-04-26T17:33:40.478+0000] {logging_mixin.py:188} WARNING - /home/***/.local/lib/python3.12/site-packages/***/task/task_runner/standard_task_runner.py:61 DeprecationWarning: This process (pid=1651) is multi-threaded, use of fork() may lead to deadlocks in the child.
[2024-04-26T17:33:40.476+0000] {standard_task_runner.py:90} INFO - Running: ['***', 'tasks', 'run', 'air_quality_pipeline', 'etl.transform', 'scheduled__2024-04-24T22:00:00+00:00', '--job-id', '384', '--raw', '--subdir', 'DAGS_FOLDER/air_quality/air_quality_dag.py', '--cfg-path', '/tmp/tmpw06tas5o']
[2024-04-26T17:33:40.478+0000] {standard_task_runner.py:63} INFO - Started process 1653 to run task
[2024-04-26T17:33:40.478+0000] {standard_task_runner.py:91} INFO - Job 384: Subtask etl.transform
[2024-04-26T17:33:40.514+0000] {task_command.py:426} INFO - Running <TaskInstance: air_quality_pipeline.etl.transform scheduled__2024-04-24T22:00:00+00:00 [running]> on host 5fdceac7b2c7
[2024-04-26T17:33:40.572+0000] {taskinstance.py:2644} INFO - Exporting env vars: AIRFLOW_CTX_DAG_OWNER='***' AIRFLOW_CTX_DAG_ID='air_quality_pipeline' AIRFLOW_CTX_TASK_ID='etl.transform' AIRFLOW_CTX_EXECUTION_DATE='2024-04-24T22:00:00+00:00' AIRFLOW_CTX_TRY_NUMBER='1' AIRFLOW_CTX_DAG_RUN_ID='scheduled__2024-04-24T22:00:00+00:00'
[2024-04-26T17:33:40.573+0000] {taskinstance.py:430} INFO - ::endgroup::
[2024-04-26T17:33:40.582+0000] {tasks.py:52} INFO - Transforming location data...
[2024-04-26T17:33:40.592+0000] {LocationConnector.py:100} INFO - Successfully transformed DataFrame
[2024-04-26T17:33:40.592+0000] {LocationConnector.py:101} INFO - Shape of transformed DataFrame: (3, 8)
[2024-04-26T17:33:40.592+0000] {tasks.py:54} INFO - Location data transformation complete.
[2024-04-26T17:33:40.592+0000] {tasks.py:57} INFO - Transforming air quality data...
[2024-04-26T17:33:40.596+0000] {AirQualityConnector.py:101} INFO - Successfully transformed DataFrame
[2024-04-26T17:33:40.596+0000] {AirQualityConnector.py:102} INFO - Shape of transformed DataFrame: (69, 11)
[2024-04-26T17:33:40.597+0000] {tasks.py:59} INFO - Air quality data transformation complete.
[2024-04-26T17:33:40.597+0000] {tasks.py:62} INFO - Merging location and air quality data...
[2024-04-26T17:33:40.599+0000] {tasks.py:64} INFO - Location and air quality data merge complete.
[2024-04-26T17:33:40.599+0000] {tasks.py:70} INFO - Saving transformed data to CSV...
[2024-04-26T17:33:40.601+0000] {tasks.py:72} INFO - Transformed data saved to CSV.
[2024-04-26T17:33:40.601+0000] {python.py:237} INFO - Done. Returned value was: None
[2024-04-26T17:33:40.602+0000] {taskinstance.py:441} INFO - ::group::Post task execution logs
[2024-04-26T17:33:40.608+0000] {taskinstance.py:1205} INFO - Marking task as SUCCESS. dag_id=air_quality_pipeline, task_id=etl.transform, execution_date=20240424T220000, start_date=20240426T173340, end_date=20240426T173340
[2024-04-26T17:33:40.651+0000] {local_task_job_runner.py:240} INFO - Task exited with return code 0
[2024-04-26T17:33:40.678+0000] {taskinstance.py:3482} INFO - 1 downstream tasks scheduled from follow-on schedule check
[2024-04-26T17:33:40.680+0000] {local_task_job_runner.py:222} INFO - ::endgroup::
