[2024-04-26T00:08:05.741+0000] {local_task_job_runner.py:120} INFO - ::group::Pre task execution logs
[2024-04-26T00:08:05.762+0000] {taskinstance.py:2073} INFO - Dependencies all met for dep_context=non-requeueable deps ti=<TaskInstance: pipeline.etl.load scheduled__2024-02-05T00:00:00+00:00 [queued]>
[2024-04-26T00:08:05.768+0000] {taskinstance.py:2073} INFO - Dependencies all met for dep_context=requeueable deps ti=<TaskInstance: pipeline.etl.load scheduled__2024-02-05T00:00:00+00:00 [queued]>
[2024-04-26T00:08:05.768+0000] {taskinstance.py:2303} INFO - Starting attempt 1 of 1
[2024-04-26T00:08:05.897+0000] {taskinstance.py:2327} INFO - Executing <Task(PythonOperator): etl.load> on 2024-02-05 00:00:00+00:00
[2024-04-26T00:08:05.905+0000] {logging_mixin.py:188} WARNING - /home/***/.local/lib/python3.12/site-packages/***/task/task_runner/standard_task_runner.py:61 DeprecationWarning: This process (pid=6554) is multi-threaded, use of fork() may lead to deadlocks in the child.
[2024-04-26T00:08:05.906+0000] {standard_task_runner.py:63} INFO - Started process 6556 to run task
[2024-04-26T00:08:05.905+0000] {standard_task_runner.py:90} INFO - Running: ['***', 'tasks', 'run', 'pipeline', 'etl.load', 'scheduled__2024-02-05T00:00:00+00:00', '--job-id', '268', '--raw', '--subdir', 'DAGS_FOLDER/air_quality/air_quality_dag.py', '--cfg-path', '/tmp/tmpe2soo1sg']
[2024-04-26T00:08:05.907+0000] {standard_task_runner.py:91} INFO - Job 268: Subtask etl.load
[2024-04-26T00:08:05.940+0000] {task_command.py:426} INFO - Running <TaskInstance: pipeline.etl.load scheduled__2024-02-05T00:00:00+00:00 [running]> on host cf1d83d83b27
[2024-04-26T00:08:05.997+0000] {taskinstance.py:2644} INFO - Exporting env vars: AIRFLOW_CTX_DAG_OWNER='***' AIRFLOW_CTX_DAG_ID='pipeline' AIRFLOW_CTX_TASK_ID='etl.load' AIRFLOW_CTX_EXECUTION_DATE='2024-02-05T00:00:00+00:00' AIRFLOW_CTX_TRY_NUMBER='1' AIRFLOW_CTX_DAG_RUN_ID='scheduled__2024-02-05T00:00:00+00:00'
[2024-04-26T00:08:05.998+0000] {taskinstance.py:430} INFO - ::endgroup::
[2024-04-26T00:08:06.008+0000] {RedShift.py:56} INFO - Loading data into Redshift
[2024-04-26T00:08:11.132+0000] {RedShift.py:71} INFO - Data inserted successfully
[2024-04-26T00:08:11.132+0000] {RedShift.py:77} INFO - Connection closed
[2024-04-26T00:08:11.144+0000] {python.py:237} INFO - Done. Returned value was: None
[2024-04-26T00:08:11.145+0000] {taskinstance.py:441} INFO - ::group::Post task execution logs
[2024-04-26T00:08:11.152+0000] {taskinstance.py:1205} INFO - Marking task as SUCCESS. dag_id=pipeline, task_id=etl.load, execution_date=20240205T000000, start_date=20240426T000805, end_date=20240426T000811
[2024-04-26T00:08:11.202+0000] {local_task_job_runner.py:240} INFO - Task exited with return code 0
[2024-04-26T00:08:11.216+0000] {taskinstance.py:3482} INFO - 1 downstream tasks scheduled from follow-on schedule check
[2024-04-26T00:08:11.219+0000] {local_task_job_runner.py:222} INFO - ::endgroup::
[2024-04-26T16:26:44.312+0000] {local_task_job_runner.py:120} INFO - ::group::Pre task execution logs
[2024-04-26T16:26:44.332+0000] {taskinstance.py:2073} INFO - Dependencies all met for dep_context=non-requeueable deps ti=<TaskInstance: pipeline.etl.load scheduled__2024-02-05T00:00:00+00:00 [queued]>
[2024-04-26T16:26:44.337+0000] {taskinstance.py:2073} INFO - Dependencies all met for dep_context=requeueable deps ti=<TaskInstance: pipeline.etl.load scheduled__2024-02-05T00:00:00+00:00 [queued]>
[2024-04-26T16:26:44.337+0000] {taskinstance.py:2303} INFO - Starting attempt 1 of 1
[2024-04-26T16:26:44.345+0000] {taskinstance.py:2327} INFO - Executing <Task(PythonOperator): etl.load> on 2024-02-05 00:00:00+00:00
[2024-04-26T16:26:44.353+0000] {standard_task_runner.py:90} INFO - Running: ['***', 'tasks', 'run', 'pipeline', 'etl.load', 'scheduled__2024-02-05T00:00:00+00:00', '--job-id', '290', '--raw', '--subdir', 'DAGS_FOLDER/air_quality/air_quality_dag.py', '--cfg-path', '/tmp/tmp08adm9oh']
[2024-04-26T16:26:44.354+0000] {standard_task_runner.py:91} INFO - Job 290: Subtask etl.load
[2024-04-26T16:26:44.355+0000] {logging_mixin.py:188} WARNING - /home/***/.local/lib/python3.12/site-packages/***/task/task_runner/standard_task_runner.py:61 DeprecationWarning: This process (pid=2280) is multi-threaded, use of fork() may lead to deadlocks in the child.
[2024-04-26T16:26:44.355+0000] {standard_task_runner.py:63} INFO - Started process 2282 to run task
[2024-04-26T16:26:44.389+0000] {task_command.py:426} INFO - Running <TaskInstance: pipeline.etl.load scheduled__2024-02-05T00:00:00+00:00 [running]> on host cf1d83d83b27
[2024-04-26T16:26:44.443+0000] {taskinstance.py:2644} INFO - Exporting env vars: AIRFLOW_CTX_DAG_OWNER='***' AIRFLOW_CTX_DAG_ID='pipeline' AIRFLOW_CTX_TASK_ID='etl.load' AIRFLOW_CTX_EXECUTION_DATE='2024-02-05T00:00:00+00:00' AIRFLOW_CTX_TRY_NUMBER='1' AIRFLOW_CTX_DAG_RUN_ID='scheduled__2024-02-05T00:00:00+00:00'
[2024-04-26T16:26:44.444+0000] {taskinstance.py:430} INFO - ::endgroup::
[2024-04-26T16:26:44.452+0000] {tasks.py:75} INFO - Loading transformed data into Redshift...
[2024-04-26T16:26:44.453+0000] {RedShiftLoader.py:55} INFO - Loading data into Redshift
[2024-04-26T16:26:52.560+0000] {RedShiftLoader.py:72} INFO - Data inserted successfully
[2024-04-26T16:26:52.560+0000] {RedShiftLoader.py:79} INFO - Connection closed
[2024-04-26T16:26:52.560+0000] {tasks.py:78} INFO - Transformed data loaded into Redshift.
[2024-04-26T16:26:52.561+0000] {python.py:237} INFO - Done. Returned value was: None
[2024-04-26T16:26:52.561+0000] {taskinstance.py:441} INFO - ::group::Post task execution logs
[2024-04-26T16:26:52.568+0000] {taskinstance.py:1205} INFO - Marking task as SUCCESS. dag_id=pipeline, task_id=etl.load, execution_date=20240205T000000, start_date=20240426T162644, end_date=20240426T162652
[2024-04-26T16:26:52.620+0000] {local_task_job_runner.py:240} INFO - Task exited with return code 0
[2024-04-26T16:26:52.640+0000] {taskinstance.py:3482} INFO - 1 downstream tasks scheduled from follow-on schedule check
[2024-04-26T16:26:52.641+0000] {local_task_job_runner.py:222} INFO - ::endgroup::
[2024-04-26T16:35:27.121+0000] {local_task_job_runner.py:120} INFO - ::group::Pre task execution logs
[2024-04-26T16:35:27.145+0000] {taskinstance.py:2073} INFO - Dependencies all met for dep_context=non-requeueable deps ti=<TaskInstance: pipeline.etl.load scheduled__2024-02-05T00:00:00+00:00 [queued]>
[2024-04-26T16:35:27.151+0000] {taskinstance.py:2073} INFO - Dependencies all met for dep_context=requeueable deps ti=<TaskInstance: pipeline.etl.load scheduled__2024-02-05T00:00:00+00:00 [queued]>
[2024-04-26T16:35:27.151+0000] {taskinstance.py:2303} INFO - Starting attempt 1 of 1
[2024-04-26T16:35:27.281+0000] {taskinstance.py:2327} INFO - Executing <Task(PythonOperator): etl.load> on 2024-02-05 00:00:00+00:00
[2024-04-26T16:35:27.289+0000] {standard_task_runner.py:90} INFO - Running: ['***', 'tasks', 'run', 'pipeline', 'etl.load', 'scheduled__2024-02-05T00:00:00+00:00', '--job-id', '298', '--raw', '--subdir', 'DAGS_FOLDER/air_quality/air_quality_dag.py', '--cfg-path', '/tmp/tmp39uyny4_']
[2024-04-26T16:35:27.291+0000] {standard_task_runner.py:91} INFO - Job 298: Subtask etl.load
[2024-04-26T16:35:27.291+0000] {logging_mixin.py:188} WARNING - /home/***/.local/lib/python3.12/site-packages/***/task/task_runner/standard_task_runner.py:61 DeprecationWarning: This process (pid=200) is multi-threaded, use of fork() may lead to deadlocks in the child.
[2024-04-26T16:35:27.292+0000] {standard_task_runner.py:63} INFO - Started process 202 to run task
[2024-04-26T16:35:27.322+0000] {task_command.py:426} INFO - Running <TaskInstance: pipeline.etl.load scheduled__2024-02-05T00:00:00+00:00 [running]> on host 5fdceac7b2c7
[2024-04-26T16:35:27.377+0000] {taskinstance.py:2644} INFO - Exporting env vars: AIRFLOW_CTX_DAG_OWNER='***' AIRFLOW_CTX_DAG_ID='pipeline' AIRFLOW_CTX_TASK_ID='etl.load' AIRFLOW_CTX_EXECUTION_DATE='2024-02-05T00:00:00+00:00' AIRFLOW_CTX_TRY_NUMBER='1' AIRFLOW_CTX_DAG_RUN_ID='scheduled__2024-02-05T00:00:00+00:00'
[2024-04-26T16:35:27.378+0000] {taskinstance.py:430} INFO - ::endgroup::
[2024-04-26T16:35:27.387+0000] {tasks.py:75} INFO - Loading transformed data into Redshift...
[2024-04-26T16:35:27.388+0000] {RedShiftLoader.py:55} INFO - Loading data into Redshift
[2024-04-26T16:35:29.739+0000] {RedShiftLoader.py:72} INFO - Data inserted successfully
[2024-04-26T16:35:29.739+0000] {RedShiftLoader.py:79} INFO - Connection closed
[2024-04-26T16:35:29.739+0000] {tasks.py:78} INFO - Transformed data loaded into Redshift.
[2024-04-26T16:35:29.739+0000] {python.py:237} INFO - Done. Returned value was: None
[2024-04-26T16:35:29.740+0000] {taskinstance.py:441} INFO - ::group::Post task execution logs
[2024-04-26T16:35:29.749+0000] {taskinstance.py:1205} INFO - Marking task as SUCCESS. dag_id=pipeline, task_id=etl.load, execution_date=20240205T000000, start_date=20240426T163527, end_date=20240426T163529
[2024-04-26T16:35:29.789+0000] {local_task_job_runner.py:240} INFO - Task exited with return code 0
[2024-04-26T16:35:29.804+0000] {taskinstance.py:3482} INFO - 1 downstream tasks scheduled from follow-on schedule check
[2024-04-26T16:35:29.806+0000] {local_task_job_runner.py:222} INFO - ::endgroup::
