[2024-04-26T05:31:36.515+0000] {local_task_job_runner.py:120} INFO - ::group::Pre task execution logs
[2024-04-26T05:31:36.535+0000] {taskinstance.py:2073} INFO - Dependencies all met for dep_context=non-requeueable deps ti=<TaskInstance: pipeline.etl.extract manual__2024-04-26T05:31:34.792581+00:00 [queued]>
[2024-04-26T05:31:36.540+0000] {taskinstance.py:2073} INFO - Dependencies all met for dep_context=requeueable deps ti=<TaskInstance: pipeline.etl.extract manual__2024-04-26T05:31:34.792581+00:00 [queued]>
[2024-04-26T05:31:36.540+0000] {taskinstance.py:2303} INFO - Starting attempt 1 of 1
[2024-04-26T05:31:36.547+0000] {taskinstance.py:2327} INFO - Executing <Task(PythonOperator): etl.extract> on 2024-04-26 05:31:34.792581+00:00
[2024-04-26T05:31:36.555+0000] {standard_task_runner.py:90} INFO - Running: ['***', 'tasks', 'run', 'pipeline', 'etl.extract', 'manual__2024-04-26T05:31:34.792581+00:00', '--job-id', '281', '--raw', '--subdir', 'DAGS_FOLDER/air_quality/air_quality_dag.py', '--cfg-path', '/tmp/tmp7dd00ink']
[2024-04-26T05:31:36.557+0000] {standard_task_runner.py:91} INFO - Job 281: Subtask etl.extract
[2024-04-26T05:31:36.559+0000] {logging_mixin.py:188} WARNING - /home/***/.local/lib/python3.12/site-packages/***/task/task_runner/standard_task_runner.py:61 DeprecationWarning: This process (pid=1428) is multi-threaded, use of fork() may lead to deadlocks in the child.
[2024-04-26T05:31:36.559+0000] {standard_task_runner.py:63} INFO - Started process 1430 to run task
[2024-04-26T05:31:36.590+0000] {task_command.py:426} INFO - Running <TaskInstance: pipeline.etl.extract manual__2024-04-26T05:31:34.792581+00:00 [running]> on host cf1d83d83b27
[2024-04-26T05:31:36.653+0000] {taskinstance.py:2644} INFO - Exporting env vars: AIRFLOW_CTX_DAG_OWNER='***' AIRFLOW_CTX_DAG_ID='pipeline' AIRFLOW_CTX_TASK_ID='etl.extract' AIRFLOW_CTX_EXECUTION_DATE='2024-04-26T05:31:34.792581+00:00' AIRFLOW_CTX_TRY_NUMBER='1' AIRFLOW_CTX_DAG_RUN_ID='manual__2024-04-26T05:31:34.792581+00:00'
[2024-04-26T05:31:36.654+0000] {taskinstance.py:430} INFO - ::endgroup::
[2024-04-26T05:31:36.675+0000] {LocationConnector.py:66} INFO - Extracting data for: Guadalajara
[2024-04-26T05:31:38.400+0000] {LocationConnector.py:66} INFO - Extracting data for: Monterrey
[2024-04-26T05:31:40.871+0000] {LocationConnector.py:78} INFO - Data extracted - Shape: (2, 12)
[2024-04-26T05:31:45.035+0000] {AirQualityConnector.py:93} INFO - Extracted air quality data: (48, 11)
[2024-04-26T05:31:45.035+0000] {python.py:237} INFO - Done. Returned value was: None
[2024-04-26T05:31:45.035+0000] {taskinstance.py:441} INFO - ::group::Post task execution logs
[2024-04-26T05:31:45.043+0000] {taskinstance.py:1205} INFO - Marking task as SUCCESS. dag_id=pipeline, task_id=etl.extract, execution_date=20240426T053134, start_date=20240426T053136, end_date=20240426T053145
[2024-04-26T05:31:45.061+0000] {local_task_job_runner.py:240} INFO - Task exited with return code 0
[2024-04-26T05:31:45.078+0000] {taskinstance.py:3482} INFO - 1 downstream tasks scheduled from follow-on schedule check
[2024-04-26T05:31:45.079+0000] {local_task_job_runner.py:222} INFO - ::endgroup::
