[2024-04-25T23:52:10.219+0000] {local_task_job_runner.py:120} INFO - ::group::Pre task execution logs
[2024-04-25T23:52:10.243+0000] {taskinstance.py:2073} INFO - Dependencies all met for dep_context=non-requeueable deps ti=<TaskInstance: pipeline.etl.extract manual__2024-04-25T22:52:20.828871+00:00 [queued]>
[2024-04-25T23:52:10.368+0000] {taskinstance.py:2073} INFO - Dependencies all met for dep_context=requeueable deps ti=<TaskInstance: pipeline.etl.extract manual__2024-04-25T22:52:20.828871+00:00 [queued]>
[2024-04-25T23:52:10.368+0000] {taskinstance.py:2303} INFO - Starting attempt 10 of 10
[2024-04-25T23:52:10.376+0000] {taskinstance.py:2327} INFO - Executing <Task(PythonOperator): etl.extract> on 2024-04-25 22:52:20.828871+00:00
[2024-04-25T23:52:10.384+0000] {logging_mixin.py:188} WARNING - /home/***/.local/lib/python3.12/site-packages/***/task/task_runner/standard_task_runner.py:61 DeprecationWarning: This process (pid=5906) is multi-threaded, use of fork() may lead to deadlocks in the child.
[2024-04-25T23:52:10.385+0000] {standard_task_runner.py:63} INFO - Started process 5908 to run task
[2024-04-25T23:52:10.385+0000] {standard_task_runner.py:90} INFO - Running: ['***', 'tasks', 'run', 'pipeline', 'etl.extract', 'manual__2024-04-25T22:52:20.828871+00:00', '--job-id', '233', '--raw', '--subdir', 'DAGS_FOLDER/air_quality/air_quality_dag.py', '--cfg-path', '/tmp/tmpkm8akiti']
[2024-04-25T23:52:10.387+0000] {standard_task_runner.py:91} INFO - Job 233: Subtask etl.extract
[2024-04-25T23:52:10.421+0000] {task_command.py:426} INFO - Running <TaskInstance: pipeline.etl.extract manual__2024-04-25T22:52:20.828871+00:00 [running]> on host cf1d83d83b27
[2024-04-25T23:52:10.481+0000] {taskinstance.py:2644} INFO - Exporting env vars: AIRFLOW_CTX_DAG_OWNER='***' AIRFLOW_CTX_DAG_ID='pipeline' AIRFLOW_CTX_TASK_ID='etl.extract' AIRFLOW_CTX_EXECUTION_DATE='2024-04-25T22:52:20.828871+00:00' AIRFLOW_CTX_TRY_NUMBER='10' AIRFLOW_CTX_DAG_RUN_ID='manual__2024-04-25T22:52:20.828871+00:00'
[2024-04-25T23:52:10.482+0000] {taskinstance.py:430} INFO - ::endgroup::
[2024-04-25T23:52:10.492+0000] {LocationConnector.py:66} INFO - Extracting data for: Guadalajara
[2024-04-25T23:52:11.913+0000] {LocationConnector.py:78} INFO - Data extracted - Shape: (1, 12)
[2024-04-25T23:52:13.095+0000] {AirQualityConnector.py:93} INFO - Extracted air quality data: (24, 11)
[2024-04-25T23:52:13.107+0000] {python.py:237} INFO - Done. Returned value was: None
[2024-04-25T23:52:13.108+0000] {taskinstance.py:441} INFO - ::group::Post task execution logs
[2024-04-25T23:52:13.116+0000] {taskinstance.py:1205} INFO - Marking task as SUCCESS. dag_id=pipeline, task_id=etl.extract, execution_date=20240425T225220, start_date=20240425T235210, end_date=20240425T235213
[2024-04-25T23:52:13.163+0000] {local_task_job_runner.py:240} INFO - Task exited with return code 0
[2024-04-25T23:52:13.184+0000] {taskinstance.py:3482} INFO - 1 downstream tasks scheduled from follow-on schedule check
[2024-04-25T23:52:13.185+0000] {local_task_job_runner.py:222} INFO - ::endgroup::
