[2024-04-25T23:23:52.729+0000] {local_task_job_runner.py:120} INFO - ::group::Pre task execution logs
[2024-04-25T23:23:52.750+0000] {taskinstance.py:2073} INFO - Dependencies all met for dep_context=non-requeueable deps ti=<TaskInstance: pipeline.etl.extract manual__2024-04-25T22:52:20.828871+00:00 [queued]>
[2024-04-25T23:23:52.876+0000] {taskinstance.py:2073} INFO - Dependencies all met for dep_context=requeueable deps ti=<TaskInstance: pipeline.etl.extract manual__2024-04-25T22:52:20.828871+00:00 [queued]>
[2024-04-25T23:23:52.877+0000] {taskinstance.py:2303} INFO - Starting attempt 3 of 3
[2024-04-25T23:23:52.884+0000] {taskinstance.py:2327} INFO - Executing <Task(PythonOperator): etl.extract> on 2024-04-25 22:52:20.828871+00:00
[2024-04-25T23:23:52.892+0000] {logging_mixin.py:188} WARNING - /home/***/.local/lib/python3.12/site-packages/***/task/task_runner/standard_task_runner.py:61 DeprecationWarning: This process (pid=4876) is multi-threaded, use of fork() may lead to deadlocks in the child.
[2024-04-25T23:23:52.893+0000] {standard_task_runner.py:63} INFO - Started process 4878 to run task
[2024-04-25T23:23:52.892+0000] {standard_task_runner.py:90} INFO - Running: ['***', 'tasks', 'run', 'pipeline', 'etl.extract', 'manual__2024-04-25T22:52:20.828871+00:00', '--job-id', '205', '--raw', '--subdir', 'DAGS_FOLDER/air_quality/air_quality_dag.py', '--cfg-path', '/tmp/tmpqupdynoi']
[2024-04-25T23:23:52.894+0000] {standard_task_runner.py:91} INFO - Job 205: Subtask etl.extract
[2024-04-25T23:23:52.924+0000] {task_command.py:426} INFO - Running <TaskInstance: pipeline.etl.extract manual__2024-04-25T22:52:20.828871+00:00 [running]> on host cf1d83d83b27
[2024-04-25T23:23:52.982+0000] {taskinstance.py:2644} INFO - Exporting env vars: AIRFLOW_CTX_DAG_OWNER='***' AIRFLOW_CTX_DAG_ID='pipeline' AIRFLOW_CTX_TASK_ID='etl.extract' AIRFLOW_CTX_EXECUTION_DATE='2024-04-25T22:52:20.828871+00:00' AIRFLOW_CTX_TRY_NUMBER='3' AIRFLOW_CTX_DAG_RUN_ID='manual__2024-04-25T22:52:20.828871+00:00'
[2024-04-25T23:23:52.983+0000] {taskinstance.py:430} INFO - ::endgroup::
[2024-04-25T23:23:52.995+0000] {LocationConnector.py:66} INFO - Extracting data for: Guadalajara
[2024-04-25T23:23:56.515+0000] {LocationConnector.py:78} INFO - Data extracted - Shape: (1, 12)
[2024-04-25T23:23:59.021+0000] {AirQualityConnector.py:93} INFO - Extracted air quality data: (24, 11)
[2024-04-25T23:23:59.034+0000] {python.py:237} INFO - Done. Returned value was: None
[2024-04-25T23:23:59.035+0000] {taskinstance.py:441} INFO - ::group::Post task execution logs
[2024-04-25T23:23:59.044+0000] {taskinstance.py:1205} INFO - Marking task as SUCCESS. dag_id=pipeline, task_id=etl.extract, execution_date=20240425T225220, start_date=20240425T232352, end_date=20240425T232359
[2024-04-25T23:23:59.107+0000] {local_task_job_runner.py:240} INFO - Task exited with return code 0
[2024-04-25T23:23:59.130+0000] {taskinstance.py:3482} INFO - 1 downstream tasks scheduled from follow-on schedule check
[2024-04-25T23:23:59.132+0000] {local_task_job_runner.py:222} INFO - ::endgroup::
