[2024-04-25T23:32:56.918+0000] {local_task_job_runner.py:120} INFO - ::group::Pre task execution logs
[2024-04-25T23:32:56.939+0000] {taskinstance.py:2073} INFO - Dependencies all met for dep_context=non-requeueable deps ti=<TaskInstance: pipeline.etl.extract manual__2024-04-25T22:52:20.828871+00:00 [queued]>
[2024-04-25T23:32:57.063+0000] {taskinstance.py:2073} INFO - Dependencies all met for dep_context=requeueable deps ti=<TaskInstance: pipeline.etl.extract manual__2024-04-25T22:52:20.828871+00:00 [queued]>
[2024-04-25T23:32:57.064+0000] {taskinstance.py:2303} INFO - Starting attempt 6 of 6
[2024-04-25T23:32:57.072+0000] {taskinstance.py:2327} INFO - Executing <Task(PythonOperator): etl.extract> on 2024-04-25 22:52:20.828871+00:00
[2024-04-25T23:32:57.080+0000] {logging_mixin.py:188} WARNING - /home/***/.local/lib/python3.12/site-packages/***/task/task_runner/standard_task_runner.py:61 DeprecationWarning: This process (pid=5216) is multi-threaded, use of fork() may lead to deadlocks in the child.
[2024-04-25T23:32:57.081+0000] {standard_task_runner.py:63} INFO - Started process 5218 to run task
[2024-04-25T23:32:57.080+0000] {standard_task_runner.py:90} INFO - Running: ['***', 'tasks', 'run', 'pipeline', 'etl.extract', 'manual__2024-04-25T22:52:20.828871+00:00', '--job-id', '216', '--raw', '--subdir', 'DAGS_FOLDER/air_quality/air_quality_dag.py', '--cfg-path', '/tmp/tmpey3gotlx']
[2024-04-25T23:32:57.081+0000] {standard_task_runner.py:91} INFO - Job 216: Subtask etl.extract
[2024-04-25T23:32:57.112+0000] {task_command.py:426} INFO - Running <TaskInstance: pipeline.etl.extract manual__2024-04-25T22:52:20.828871+00:00 [running]> on host cf1d83d83b27
[2024-04-25T23:32:57.177+0000] {taskinstance.py:2644} INFO - Exporting env vars: AIRFLOW_CTX_DAG_OWNER='***' AIRFLOW_CTX_DAG_ID='pipeline' AIRFLOW_CTX_TASK_ID='etl.extract' AIRFLOW_CTX_EXECUTION_DATE='2024-04-25T22:52:20.828871+00:00' AIRFLOW_CTX_TRY_NUMBER='6' AIRFLOW_CTX_DAG_RUN_ID='manual__2024-04-25T22:52:20.828871+00:00'
[2024-04-25T23:32:57.178+0000] {taskinstance.py:430} INFO - ::endgroup::
[2024-04-25T23:32:57.189+0000] {LocationConnector.py:66} INFO - Extracting data for: Guadalajara
[2024-04-25T23:33:00.634+0000] {LocationConnector.py:78} INFO - Data extracted - Shape: (1, 12)
[2024-04-25T23:33:04.148+0000] {AirQualityConnector.py:93} INFO - Extracted air quality data: (24, 11)
[2024-04-25T23:33:04.148+0000] {python.py:237} INFO - Done. Returned value was: success
[2024-04-25T23:33:04.149+0000] {taskinstance.py:441} INFO - ::group::Post task execution logs
[2024-04-25T23:33:04.170+0000] {taskinstance.py:1205} INFO - Marking task as SUCCESS. dag_id=pipeline, task_id=etl.extract, execution_date=20240425T225220, start_date=20240425T233256, end_date=20240425T233304
[2024-04-25T23:33:04.222+0000] {local_task_job_runner.py:240} INFO - Task exited with return code 0
[2024-04-25T23:33:04.248+0000] {taskinstance.py:3482} INFO - 1 downstream tasks scheduled from follow-on schedule check
[2024-04-25T23:33:04.250+0000] {local_task_job_runner.py:222} INFO - ::endgroup::
