[2024-04-23T23:36:00.857+0000] {local_task_job_runner.py:120} INFO - ::group::Pre task execution logs
[2024-04-23T23:36:00.879+0000] {taskinstance.py:2073} INFO - Dependencies all met for dep_context=non-requeueable deps ti=<TaskInstance: pipeline.load manual__2024-04-23T23:06:35.131251+00:00 [queued]>
[2024-04-23T23:36:01.006+0000] {taskinstance.py:2073} INFO - Dependencies all met for dep_context=requeueable deps ti=<TaskInstance: pipeline.load manual__2024-04-23T23:06:35.131251+00:00 [queued]>
[2024-04-23T23:36:01.006+0000] {taskinstance.py:2303} INFO - Starting attempt 2 of 2
[2024-04-23T23:36:01.013+0000] {taskinstance.py:2327} INFO - Executing <Task(PythonOperator): load> on 2024-04-23 23:06:35.131251+00:00
[2024-04-23T23:36:01.024+0000] {standard_task_runner.py:90} INFO - Running: ['***', 'tasks', 'run', 'pipeline', 'load', 'manual__2024-04-23T23:06:35.131251+00:00', '--job-id', '66', '--raw', '--subdir', 'DAGS_FOLDER/air_quality/air_quality_dag.py', '--cfg-path', '/tmp/tmpi8_p9iaj']
[2024-04-23T23:36:01.026+0000] {standard_task_runner.py:91} INFO - Job 66: Subtask load
[2024-04-23T23:36:01.027+0000] {logging_mixin.py:188} WARNING - /home/***/.local/lib/python3.12/site-packages/***/task/task_runner/standard_task_runner.py:61 DeprecationWarning: This process (pid=939) is multi-threaded, use of fork() may lead to deadlocks in the child.
[2024-04-23T23:36:01.027+0000] {standard_task_runner.py:63} INFO - Started process 941 to run task
[2024-04-23T23:36:01.059+0000] {task_command.py:426} INFO - Running <TaskInstance: pipeline.load manual__2024-04-23T23:06:35.131251+00:00 [running]> on host 8e318e51dc55
[2024-04-23T23:36:01.115+0000] {taskinstance.py:2644} INFO - Exporting env vars: AIRFLOW_CTX_DAG_OWNER='***' AIRFLOW_CTX_DAG_ID='pipeline' AIRFLOW_CTX_TASK_ID='load' AIRFLOW_CTX_EXECUTION_DATE='2024-04-23T23:06:35.131251+00:00' AIRFLOW_CTX_TRY_NUMBER='2' AIRFLOW_CTX_DAG_RUN_ID='manual__2024-04-23T23:06:35.131251+00:00'
[2024-04-23T23:36:01.115+0000] {taskinstance.py:430} INFO - ::endgroup::
[2024-04-23T23:36:01.127+0000] {RedShift.py:56} INFO - Loading data into Redshift
[2024-04-23T23:37:14.160+0000] {RedShift.py:65} INFO - Data inserted successfully
[2024-04-23T23:37:14.161+0000] {RedShift.py:76} INFO - Connection closed
[2024-04-23T23:37:14.161+0000] {python.py:237} INFO - Done. Returned value was: None
[2024-04-23T23:37:14.162+0000] {taskinstance.py:441} INFO - ::group::Post task execution logs
[2024-04-23T23:37:14.172+0000] {taskinstance.py:1205} INFO - Marking task as SUCCESS. dag_id=pipeline, task_id=load, execution_date=20240423T230635, start_date=20240423T233600, end_date=20240423T233714
[2024-04-23T23:37:14.214+0000] {local_task_job_runner.py:240} INFO - Task exited with return code 0
[2024-04-23T23:37:14.226+0000] {taskinstance.py:3482} INFO - 0 downstream tasks scheduled from follow-on schedule check
[2024-04-23T23:37:14.228+0000] {local_task_job_runner.py:222} INFO - ::endgroup::
