[2024-04-23T23:44:30.504+0000] {local_task_job_runner.py:120} INFO - ::group::Pre task execution logs
[2024-04-23T23:44:30.529+0000] {taskinstance.py:2073} INFO - Dependencies all met for dep_context=non-requeueable deps ti=<TaskInstance: pipeline.load manual__2024-04-23T23:06:35.131251+00:00 [queued]>
[2024-04-23T23:44:30.659+0000] {taskinstance.py:2073} INFO - Dependencies all met for dep_context=requeueable deps ti=<TaskInstance: pipeline.load manual__2024-04-23T23:06:35.131251+00:00 [queued]>
[2024-04-23T23:44:30.659+0000] {taskinstance.py:2303} INFO - Starting attempt 4 of 4
[2024-04-23T23:44:30.669+0000] {taskinstance.py:2327} INFO - Executing <Task(PythonOperator): load> on 2024-04-23 23:06:35.131251+00:00
[2024-04-23T23:44:30.680+0000] {logging_mixin.py:188} WARNING - /home/***/.local/lib/python3.12/site-packages/***/task/task_runner/standard_task_runner.py:61 DeprecationWarning: This process (pid=1142) is multi-threaded, use of fork() may lead to deadlocks in the child.
[2024-04-23T23:44:30.679+0000] {standard_task_runner.py:90} INFO - Running: ['***', 'tasks', 'run', 'pipeline', 'load', 'manual__2024-04-23T23:06:35.131251+00:00', '--job-id', '68', '--raw', '--subdir', 'DAGS_FOLDER/air_quality/air_quality_dag.py', '--cfg-path', '/tmp/tmpzpui19rs']
[2024-04-23T23:44:30.680+0000] {standard_task_runner.py:63} INFO - Started process 1144 to run task
[2024-04-23T23:44:30.680+0000] {standard_task_runner.py:91} INFO - Job 68: Subtask load
[2024-04-23T23:44:30.711+0000] {task_command.py:426} INFO - Running <TaskInstance: pipeline.load manual__2024-04-23T23:06:35.131251+00:00 [running]> on host 8e318e51dc55
[2024-04-23T23:44:30.771+0000] {taskinstance.py:2644} INFO - Exporting env vars: AIRFLOW_CTX_DAG_OWNER='***' AIRFLOW_CTX_DAG_ID='pipeline' AIRFLOW_CTX_TASK_ID='load' AIRFLOW_CTX_EXECUTION_DATE='2024-04-23T23:06:35.131251+00:00' AIRFLOW_CTX_TRY_NUMBER='4' AIRFLOW_CTX_DAG_RUN_ID='manual__2024-04-23T23:06:35.131251+00:00'
[2024-04-23T23:44:30.772+0000] {taskinstance.py:430} INFO - ::endgroup::
[2024-04-23T23:44:30.784+0000] {RedShift.py:56} INFO - Loading data into Redshift
[2024-04-23T23:44:30.809+0000] {logging_mixin.py:188} INFO -         measurement_hour    city_name  ...   latitude   longitude
0    2024-04-23 00:00:00  Guadalajara  ...  20.672037 -103.338396
1    2024-04-23 01:00:00  Guadalajara  ...  20.672037 -103.338396
2    2024-04-23 02:00:00  Guadalajara  ...  20.672037 -103.338396
3    2024-04-23 03:00:00  Guadalajara  ...  20.672037 -103.338396
4    2024-04-23 04:00:00  Guadalajara  ...  20.672037 -103.338396
..                   ...          ...  ...        ...         ...
164  2024-04-23 08:00:00     Medellin  ...   6.243352  -75.575201
165  2024-04-23 09:00:00     Medellin  ...   6.243352  -75.575201
166  2024-04-23 10:00:00     Medellin  ...   6.243352  -75.575201
167  2024-04-23 11:00:00     Medellin  ...   6.243352  -75.575201
168  2024-04-23 12:00:00     Medellin  ...   6.243352  -75.575201

[169 rows x 16 columns]
[2024-04-23T23:44:32.700+0000] {logging_mixin.py:188} INFO - 0
[2024-04-23T23:45:12.790+0000] {RedShift.py:67} INFO - Data inserted successfully
[2024-04-23T23:45:12.791+0000] {RedShift.py:78} INFO - Connection closed
[2024-04-23T23:45:12.791+0000] {python.py:237} INFO - Done. Returned value was: None
[2024-04-23T23:45:12.791+0000] {taskinstance.py:441} INFO - ::group::Post task execution logs
[2024-04-23T23:45:12.799+0000] {taskinstance.py:1205} INFO - Marking task as SUCCESS. dag_id=pipeline, task_id=load, execution_date=20240423T230635, start_date=20240423T234430, end_date=20240423T234512
[2024-04-23T23:45:12.829+0000] {local_task_job_runner.py:240} INFO - Task exited with return code 0
[2024-04-23T23:45:12.841+0000] {taskinstance.py:3482} INFO - 0 downstream tasks scheduled from follow-on schedule check
[2024-04-23T23:45:12.842+0000] {local_task_job_runner.py:222} INFO - ::endgroup::
