[2024-04-26T05:31:47.643+0000] {local_task_job_runner.py:120} INFO - ::group::Pre task execution logs
[2024-04-26T05:31:47.664+0000] {taskinstance.py:2073} INFO - Dependencies all met for dep_context=non-requeueable deps ti=<TaskInstance: pipeline.etl.load manual__2024-04-26T05:31:34.792581+00:00 [queued]>
[2024-04-26T05:31:47.669+0000] {taskinstance.py:2073} INFO - Dependencies all met for dep_context=requeueable deps ti=<TaskInstance: pipeline.etl.load manual__2024-04-26T05:31:34.792581+00:00 [queued]>
[2024-04-26T05:31:47.669+0000] {taskinstance.py:2303} INFO - Starting attempt 1 of 1
[2024-04-26T05:31:47.677+0000] {taskinstance.py:2327} INFO - Executing <Task(PythonOperator): etl.load> on 2024-04-26 05:31:34.792581+00:00
[2024-04-26T05:31:47.685+0000] {standard_task_runner.py:90} INFO - Running: ['***', 'tasks', 'run', 'pipeline', 'etl.load', 'manual__2024-04-26T05:31:34.792581+00:00', '--job-id', '283', '--raw', '--subdir', 'DAGS_FOLDER/air_quality/air_quality_dag.py', '--cfg-path', '/tmp/tmpouk0nmt8']
[2024-04-26T05:31:47.687+0000] {standard_task_runner.py:91} INFO - Job 283: Subtask etl.load
[2024-04-26T05:31:47.689+0000] {logging_mixin.py:188} WARNING - /home/***/.local/lib/python3.12/site-packages/***/task/task_runner/standard_task_runner.py:61 DeprecationWarning: This process (pid=1440) is multi-threaded, use of fork() may lead to deadlocks in the child.
[2024-04-26T05:31:47.689+0000] {standard_task_runner.py:63} INFO - Started process 1442 to run task
[2024-04-26T05:31:47.719+0000] {task_command.py:426} INFO - Running <TaskInstance: pipeline.etl.load manual__2024-04-26T05:31:34.792581+00:00 [running]> on host cf1d83d83b27
[2024-04-26T05:31:47.778+0000] {taskinstance.py:2644} INFO - Exporting env vars: AIRFLOW_CTX_DAG_OWNER='***' AIRFLOW_CTX_DAG_ID='pipeline' AIRFLOW_CTX_TASK_ID='etl.load' AIRFLOW_CTX_EXECUTION_DATE='2024-04-26T05:31:34.792581+00:00' AIRFLOW_CTX_TRY_NUMBER='1' AIRFLOW_CTX_DAG_RUN_ID='manual__2024-04-26T05:31:34.792581+00:00'
[2024-04-26T05:31:47.778+0000] {taskinstance.py:430} INFO - ::endgroup::
[2024-04-26T05:31:47.788+0000] {RedShift.py:56} INFO - Loading data into Redshift
[2024-04-26T05:31:53.109+0000] {RedShift.py:71} INFO - Data inserted successfully
[2024-04-26T05:31:53.110+0000] {RedShift.py:77} INFO - Connection closed
[2024-04-26T05:31:53.110+0000] {python.py:237} INFO - Done. Returned value was: None
[2024-04-26T05:31:53.111+0000] {taskinstance.py:441} INFO - ::group::Post task execution logs
[2024-04-26T05:31:53.119+0000] {taskinstance.py:1205} INFO - Marking task as SUCCESS. dag_id=pipeline, task_id=etl.load, execution_date=20240426T053134, start_date=20240426T053147, end_date=20240426T053153
[2024-04-26T05:31:53.180+0000] {local_task_job_runner.py:240} INFO - Task exited with return code 0
[2024-04-26T05:31:53.194+0000] {taskinstance.py:3482} INFO - 1 downstream tasks scheduled from follow-on schedule check
[2024-04-26T05:31:53.195+0000] {local_task_job_runner.py:222} INFO - ::endgroup::
