[2024-04-26T17:33:06.707+0000] {local_task_job_runner.py:120} INFO - ::group::Pre task execution logs
[2024-04-26T17:33:06.732+0000] {taskinstance.py:2073} INFO - Dependencies all met for dep_context=non-requeueable deps ti=<TaskInstance: air_quality_pipeline.post_workflow backfill__2024-04-02T22:00:00+00:00 [queued]>
[2024-04-26T17:33:06.736+0000] {taskinstance.py:2073} INFO - Dependencies all met for dep_context=requeueable deps ti=<TaskInstance: air_quality_pipeline.post_workflow backfill__2024-04-02T22:00:00+00:00 [queued]>
[2024-04-26T17:33:06.736+0000] {taskinstance.py:2303} INFO - Starting attempt 1 of 2
[2024-04-26T17:33:06.744+0000] {taskinstance.py:2327} INFO - Executing <Task(EmptyOperator): post_workflow> on 2024-04-02 22:00:00+00:00
[2024-04-26T17:33:06.753+0000] {logging_mixin.py:188} WARNING - /home/***/.local/lib/python3.12/site-packages/***/task/task_runner/standard_task_runner.py:61 DeprecationWarning: This process (pid=1271) is multi-threaded, use of fork() may lead to deadlocks in the child.
[2024-04-26T17:33:06.753+0000] {standard_task_runner.py:63} INFO - Started process 1272 to run task
[2024-04-26T17:33:06.753+0000] {standard_task_runner.py:90} INFO - Running: ['***', 'tasks', 'run', 'air_quality_pipeline', 'post_workflow', 'backfill__2024-04-02T22:00:00+00:00', '--job-id', '382', '--pool', 'default_pool', '--raw', '--subdir', 'DAGS_FOLDER/air_quality/air_quality_dag.py', '--cfg-path', '/tmp/tmpa589h8s9']
[2024-04-26T17:33:06.754+0000] {standard_task_runner.py:91} INFO - Job 382: Subtask post_workflow
[2024-04-26T17:33:06.787+0000] {task_command.py:426} INFO - Running <TaskInstance: air_quality_pipeline.post_workflow backfill__2024-04-02T22:00:00+00:00 [running]> on host 4718ecf2379c
[2024-04-26T17:33:06.849+0000] {taskinstance.py:2644} INFO - Exporting env vars: AIRFLOW_CTX_DAG_OWNER='***' AIRFLOW_CTX_DAG_ID='air_quality_pipeline' AIRFLOW_CTX_TASK_ID='post_workflow' AIRFLOW_CTX_EXECUTION_DATE='2024-04-02T22:00:00+00:00' AIRFLOW_CTX_TRY_NUMBER='1' AIRFLOW_CTX_DAG_RUN_ID='backfill__2024-04-02T22:00:00+00:00'
[2024-04-26T17:33:06.849+0000] {taskinstance.py:430} INFO - ::endgroup::
[2024-04-26T17:33:06.858+0000] {taskinstance.py:441} INFO - ::group::Post task execution logs
[2024-04-26T17:33:06.866+0000] {taskinstance.py:1205} INFO - Marking task as SUCCESS. dag_id=air_quality_pipeline, task_id=post_workflow, execution_date=20240402T220000, start_date=20240426T173306, end_date=20240426T173306
[2024-04-26T17:33:06.886+0000] {local_task_job_runner.py:240} INFO - Task exited with return code 0
[2024-04-26T17:33:06.898+0000] {taskinstance.py:3482} INFO - 0 downstream tasks scheduled from follow-on schedule check
[2024-04-26T17:33:06.899+0000] {local_task_job_runner.py:222} INFO - ::endgroup::
[2024-04-26T17:41:32.982+0000] {local_task_job_runner.py:120} INFO - ::group::Pre task execution logs
[2024-04-26T17:41:33.008+0000] {taskinstance.py:2073} INFO - Dependencies all met for dep_context=non-requeueable deps ti=<TaskInstance: air_quality_pipeline.post_workflow backfill__2024-04-02T22:00:00+00:00 [queued]>
[2024-04-26T17:41:33.013+0000] {taskinstance.py:2073} INFO - Dependencies all met for dep_context=requeueable deps ti=<TaskInstance: air_quality_pipeline.post_workflow backfill__2024-04-02T22:00:00+00:00 [queued]>
[2024-04-26T17:41:33.013+0000] {taskinstance.py:2303} INFO - Starting attempt 1 of 2
[2024-04-26T17:41:33.021+0000] {taskinstance.py:2327} INFO - Executing <Task(EmptyOperator): post_workflow> on 2024-04-02 22:00:00+00:00
[2024-04-26T17:41:33.030+0000] {logging_mixin.py:188} WARNING - /home/***/.local/lib/python3.12/site-packages/***/task/task_runner/standard_task_runner.py:61 DeprecationWarning: This process (pid=1605) is multi-threaded, use of fork() may lead to deadlocks in the child.
[2024-04-26T17:41:33.030+0000] {standard_task_runner.py:63} INFO - Started process 1606 to run task
[2024-04-26T17:41:33.030+0000] {standard_task_runner.py:90} INFO - Running: ['***', 'tasks', 'run', 'air_quality_pipeline', 'post_workflow', 'backfill__2024-04-02T22:00:00+00:00', '--job-id', '399', '--pool', 'default_pool', '--raw', '--subdir', 'DAGS_FOLDER/air_quality/air_quality_dag.py', '--cfg-path', '/tmp/tmp2694a3gi']
[2024-04-26T17:41:33.031+0000] {standard_task_runner.py:91} INFO - Job 399: Subtask post_workflow
[2024-04-26T17:41:33.066+0000] {task_command.py:426} INFO - Running <TaskInstance: air_quality_pipeline.post_workflow backfill__2024-04-02T22:00:00+00:00 [running]> on host 4718ecf2379c
[2024-04-26T17:41:33.128+0000] {taskinstance.py:2644} INFO - Exporting env vars: AIRFLOW_CTX_DAG_OWNER='***' AIRFLOW_CTX_DAG_ID='air_quality_pipeline' AIRFLOW_CTX_TASK_ID='post_workflow' AIRFLOW_CTX_EXECUTION_DATE='2024-04-02T22:00:00+00:00' AIRFLOW_CTX_TRY_NUMBER='1' AIRFLOW_CTX_DAG_RUN_ID='backfill__2024-04-02T22:00:00+00:00'
[2024-04-26T17:41:33.128+0000] {taskinstance.py:430} INFO - ::endgroup::
[2024-04-26T17:41:33.137+0000] {taskinstance.py:441} INFO - ::group::Post task execution logs
[2024-04-26T17:41:33.144+0000] {taskinstance.py:1205} INFO - Marking task as SUCCESS. dag_id=air_quality_pipeline, task_id=post_workflow, execution_date=20240402T220000, start_date=20240426T174133, end_date=20240426T174133
[2024-04-26T17:41:33.163+0000] {local_task_job_runner.py:240} INFO - Task exited with return code 0
[2024-04-26T17:41:33.175+0000] {taskinstance.py:3482} INFO - 0 downstream tasks scheduled from follow-on schedule check
[2024-04-26T17:41:33.175+0000] {local_task_job_runner.py:222} INFO - ::endgroup::
