[2024-04-26T17:22:49.432+0000] {local_task_job_runner.py:120} INFO - ::group::Pre task execution logs
[2024-04-26T17:22:49.469+0000] {taskinstance.py:2073} INFO - Dependencies all met for dep_context=non-requeueable deps ti=<TaskInstance: air_quality_pipeline.etl.extract backfill__2024-04-03T22:00:00+00:00 [queued]>
[2024-04-26T17:22:49.476+0000] {taskinstance.py:2073} INFO - Dependencies all met for dep_context=requeueable deps ti=<TaskInstance: air_quality_pipeline.etl.extract backfill__2024-04-03T22:00:00+00:00 [queued]>
[2024-04-26T17:22:49.476+0000] {taskinstance.py:2303} INFO - Starting attempt 1 of 2
[2024-04-26T17:22:49.492+0000] {taskinstance.py:2327} INFO - Executing <Task(PythonOperator): etl.extract> on 2024-04-03 22:00:00+00:00
[2024-04-26T17:22:49.504+0000] {logging_mixin.py:188} WARNING - /home/***/.local/lib/python3.12/site-packages/***/task/task_runner/standard_task_runner.py:61 DeprecationWarning: This process (pid=799) is multi-threaded, use of fork() may lead to deadlocks in the child.
[2024-04-26T17:22:49.506+0000] {standard_task_runner.py:63} INFO - Started process 812 to run task
[2024-04-26T17:22:49.506+0000] {standard_task_runner.py:90} INFO - Running: ['***', 'tasks', 'run', 'air_quality_pipeline', 'etl.extract', 'backfill__2024-04-03T22:00:00+00:00', '--job-id', '323', '--pool', 'default_pool', '--raw', '--subdir', 'DAGS_FOLDER/air_quality/air_quality_dag.py', '--cfg-path', '/tmp/tmp1d7p5wxk']
[2024-04-26T17:22:49.508+0000] {standard_task_runner.py:91} INFO - Job 323: Subtask etl.extract
[2024-04-26T17:22:49.565+0000] {task_command.py:426} INFO - Running <TaskInstance: air_quality_pipeline.etl.extract backfill__2024-04-03T22:00:00+00:00 [running]> on host 4718ecf2379c
[2024-04-26T17:22:49.659+0000] {taskinstance.py:2644} INFO - Exporting env vars: AIRFLOW_CTX_DAG_OWNER='***' AIRFLOW_CTX_DAG_ID='air_quality_pipeline' AIRFLOW_CTX_TASK_ID='etl.extract' AIRFLOW_CTX_EXECUTION_DATE='2024-04-03T22:00:00+00:00' AIRFLOW_CTX_TRY_NUMBER='1' AIRFLOW_CTX_DAG_RUN_ID='backfill__2024-04-03T22:00:00+00:00'
[2024-04-26T17:22:49.659+0000] {taskinstance.py:430} INFO - ::endgroup::
[2024-04-26T17:22:49.671+0000] {tasks.py:35} INFO - Extracting location...
[2024-04-26T17:22:49.673+0000] {LocationConnector.py:70} INFO - Extracting data for: Guadalajara
[2024-04-26T17:22:53.102+0000] {LocationConnector.py:70} INFO - Extracting data for: Monterrey
[2024-04-26T17:22:54.485+0000] {LocationConnector.py:70} INFO - Extracting data for: Mexico City
[2024-04-26T17:22:57.868+0000] {LocationConnector.py:78} INFO - Successfully Extracted Location data: (3, 12)
[2024-04-26T17:22:57.869+0000] {tasks.py:37} INFO - Location extraction complete.
[2024-04-26T17:22:57.869+0000] {tasks.py:40} INFO - Extracting air quality data...
[2024-04-26T17:23:04.163+0000] {AirQualityConnector.py:85} INFO - Successfully Extracted air quality data: (69, 11)
[2024-04-26T17:23:04.164+0000] {tasks.py:42} INFO - Air quality data extraction complete.
[2024-04-26T17:23:04.164+0000] {python.py:237} INFO - Done. Returned value was: None
[2024-04-26T17:23:04.164+0000] {taskinstance.py:441} INFO - ::group::Post task execution logs
[2024-04-26T17:23:04.171+0000] {taskinstance.py:1205} INFO - Marking task as SUCCESS. dag_id=air_quality_pipeline, task_id=etl.extract, execution_date=20240403T220000, start_date=20240426T172249, end_date=20240426T172304
[2024-04-26T17:23:04.209+0000] {local_task_job_runner.py:240} INFO - Task exited with return code 0
[2024-04-26T17:23:04.225+0000] {taskinstance.py:3482} INFO - 1 downstream tasks scheduled from follow-on schedule check
[2024-04-26T17:23:04.227+0000] {local_task_job_runner.py:222} INFO - ::endgroup::
