[2024-04-22T21:22:33.052+0000] {local_task_job_runner.py:120} INFO - ::group::Pre task execution logs
[2024-04-22T21:22:33.072+0000] {taskinstance.py:2073} INFO - Dependencies all met for dep_context=non-requeueable deps ti=<TaskInstance: pipeline.es manual__2024-04-22T21:22:30.219749+00:00 [queued]>
[2024-04-22T21:22:33.076+0000] {taskinstance.py:2073} INFO - Dependencies all met for dep_context=requeueable deps ti=<TaskInstance: pipeline.es manual__2024-04-22T21:22:30.219749+00:00 [queued]>
[2024-04-22T21:22:33.077+0000] {taskinstance.py:2303} INFO - Starting attempt 1 of 1
[2024-04-22T21:22:33.085+0000] {taskinstance.py:2327} INFO - Executing <Task(PythonOperator): es> on 2024-04-22 21:22:30.219749+00:00
[2024-04-22T21:22:33.093+0000] {standard_task_runner.py:90} INFO - Running: ['***', 'tasks', 'run', 'pipeline', 'es', 'manual__2024-04-22T21:22:30.219749+00:00', '--job-id', '23', '--raw', '--subdir', 'DAGS_FOLDER/air_quality/air_quality_dag.py', '--cfg-path', '/tmp/tmpnfptmtso']
[2024-04-22T21:22:33.094+0000] {standard_task_runner.py:91} INFO - Job 23: Subtask es
[2024-04-22T21:22:33.097+0000] {logging_mixin.py:188} WARNING - /home/***/.local/lib/python3.12/site-packages/***/task/task_runner/standard_task_runner.py:61 DeprecationWarning: This process (pid=709) is multi-threaded, use of fork() may lead to deadlocks in the child.
[2024-04-22T21:22:33.097+0000] {standard_task_runner.py:63} INFO - Started process 711 to run task
[2024-04-22T21:22:33.126+0000] {task_command.py:426} INFO - Running <TaskInstance: pipeline.es manual__2024-04-22T21:22:30.219749+00:00 [running]> on host b14852dd6242
[2024-04-22T21:22:33.184+0000] {taskinstance.py:2644} INFO - Exporting env vars: AIRFLOW_CTX_DAG_OWNER='***' AIRFLOW_CTX_DAG_ID='pipeline' AIRFLOW_CTX_TASK_ID='es' AIRFLOW_CTX_EXECUTION_DATE='2024-04-22T21:22:30.219749+00:00' AIRFLOW_CTX_TRY_NUMBER='1' AIRFLOW_CTX_DAG_RUN_ID='manual__2024-04-22T21:22:30.219749+00:00'
[2024-04-22T21:22:33.185+0000] {taskinstance.py:430} INFO - ::endgroup::
[2024-04-22T21:22:33.220+0000] {logging_mixin.py:188} INFO -     place_id  ...                                               icon
0   15207270  ...  https://locationiq.org/static/images/mapicons/...
1   47603329  ...  https://locationiq.org/static/images/mapicons/...
2  337185541  ...  https://locationiq.org/static/images/mapicons/...
3   79486271  ...  https://locationiq.org/static/images/mapicons/...
4   49500687  ...  https://locationiq.org/static/images/mapicons/...

[5 rows x 12 columns]
[2024-04-22T21:22:33.236+0000] {logging_mixin.py:188} INFO -             dt  main.aqi  ...  components.nh3        lat
0   1713700800         2  ...           15.58  20.672037
1   1713704400         2  ...           16.72  20.672037
2   1713708000         2  ...           15.83  20.672037
3   1713711600         2  ...           14.19  20.672037
4   1713700800         1  ...            1.98  25.680202
5   1713704400         1  ...            1.81  25.680202
6   1713708000         1  ...            1.66  25.680202
7   1713711600         1  ...            1.65  25.680202
8   1713700800         3  ...            6.08  19.432630
9   1713704400         3  ...            7.60  19.432630
10  1713708000         3  ...            8.61  19.432630
11  1713711600         4  ...            7.98  19.432630
12  1713700800         1  ...            0.36  25.431520
13  1713704400         1  ...            0.28  25.431520
14  1713708000         1  ...            0.26  25.431520
15  1713711600         1  ...            0.27  25.431520
16  1713700800         1  ...            5.13  21.880487
17  1713704400         1  ...            7.35  21.880487
18  1713708000         1  ...            8.49  21.880487
19  1713711600         1  ...            8.74  21.880487

[20 rows x 11 columns]
[2024-04-22T21:22:33.236+0000] {python.py:237} INFO - Done. Returned value was: None
[2024-04-22T21:22:33.236+0000] {taskinstance.py:441} INFO - ::group::Post task execution logs
[2024-04-22T21:22:33.243+0000] {taskinstance.py:1205} INFO - Marking task as SUCCESS. dag_id=pipeline, task_id=es, execution_date=20240422T212230, start_date=20240422T212233, end_date=20240422T212233
[2024-04-22T21:22:33.270+0000] {local_task_job_runner.py:240} INFO - Task exited with return code 0
[2024-04-22T21:22:33.281+0000] {taskinstance.py:3482} INFO - 0 downstream tasks scheduled from follow-on schedule check
[2024-04-22T21:22:33.283+0000] {local_task_job_runner.py:222} INFO - ::endgroup::
