[2024-04-26T00:00:04.527+0000] {local_task_job_runner.py:120} INFO - ::group::Pre task execution logs
[2024-04-26T00:00:04.549+0000] {taskinstance.py:2073} INFO - Dependencies all met for dep_context=non-requeueable deps ti=<TaskInstance: pipeline.etl.load manual__2024-04-25T22:52:20.828871+00:00 [queued]>
[2024-04-26T00:00:04.673+0000] {taskinstance.py:2073} INFO - Dependencies all met for dep_context=requeueable deps ti=<TaskInstance: pipeline.etl.load manual__2024-04-25T22:52:20.828871+00:00 [queued]>
[2024-04-26T00:00:04.674+0000] {taskinstance.py:2303} INFO - Starting attempt 10 of 10
[2024-04-26T00:00:04.683+0000] {taskinstance.py:2327} INFO - Executing <Task(PythonOperator): etl.load> on 2024-04-25 22:52:20.828871+00:00
[2024-04-26T00:00:04.691+0000] {logging_mixin.py:188} WARNING - /home/***/.local/lib/python3.12/site-packages/***/task/task_runner/standard_task_runner.py:61 DeprecationWarning: This process (pid=6246) is multi-threaded, use of fork() may lead to deadlocks in the child.
[2024-04-26T00:00:04.692+0000] {standard_task_runner.py:63} INFO - Started process 6248 to run task
[2024-04-26T00:00:04.692+0000] {standard_task_runner.py:90} INFO - Running: ['***', 'tasks', 'run', 'pipeline', 'etl.load', 'manual__2024-04-25T22:52:20.828871+00:00', '--job-id', '254', '--raw', '--subdir', 'DAGS_FOLDER/air_quality/air_quality_dag.py', '--cfg-path', '/tmp/tmpllw9bvdq']
[2024-04-26T00:00:04.694+0000] {standard_task_runner.py:91} INFO - Job 254: Subtask etl.load
[2024-04-26T00:00:04.722+0000] {task_command.py:426} INFO - Running <TaskInstance: pipeline.etl.load manual__2024-04-25T22:52:20.828871+00:00 [running]> on host cf1d83d83b27
[2024-04-26T00:00:04.785+0000] {taskinstance.py:2644} INFO - Exporting env vars: AIRFLOW_CTX_DAG_OWNER='***' AIRFLOW_CTX_DAG_ID='pipeline' AIRFLOW_CTX_TASK_ID='etl.load' AIRFLOW_CTX_EXECUTION_DATE='2024-04-25T22:52:20.828871+00:00' AIRFLOW_CTX_TRY_NUMBER='10' AIRFLOW_CTX_DAG_RUN_ID='manual__2024-04-25T22:52:20.828871+00:00'
[2024-04-26T00:00:04.786+0000] {taskinstance.py:430} INFO - ::endgroup::
[2024-04-26T00:00:04.796+0000] {RedShift.py:56} INFO - Loading data into Redshift
[2024-04-26T00:00:06.976+0000] {RedShift.py:71} INFO - Data inserted successfully
[2024-04-26T00:00:06.976+0000] {RedShift.py:77} INFO - Connection closed
[2024-04-26T00:00:06.988+0000] {python.py:237} INFO - Done. Returned value was: None
[2024-04-26T00:00:06.989+0000] {taskinstance.py:441} INFO - ::group::Post task execution logs
[2024-04-26T00:00:06.998+0000] {taskinstance.py:1205} INFO - Marking task as SUCCESS. dag_id=pipeline, task_id=etl.load, execution_date=20240425T225220, start_date=20240426T000004, end_date=20240426T000006
[2024-04-26T00:00:07.029+0000] {local_task_job_runner.py:240} INFO - Task exited with return code 0
[2024-04-26T00:00:07.051+0000] {taskinstance.py:3482} INFO - 1 downstream tasks scheduled from follow-on schedule check
[2024-04-26T00:00:07.053+0000] {local_task_job_runner.py:222} INFO - ::endgroup::
