[2024-04-25T23:05:17.033+0000] {local_task_job_runner.py:120} INFO - ::group::Pre task execution logs
[2024-04-25T23:05:17.055+0000] {taskinstance.py:2073} INFO - Dependencies all met for dep_context=non-requeueable deps ti=<TaskInstance: pipeline.transform manual__2024-04-25T22:52:20.828871+00:00 [queued]>
[2024-04-25T23:05:17.180+0000] {taskinstance.py:2073} INFO - Dependencies all met for dep_context=requeueable deps ti=<TaskInstance: pipeline.transform manual__2024-04-25T22:52:20.828871+00:00 [queued]>
[2024-04-25T23:05:17.181+0000] {taskinstance.py:2303} INFO - Starting attempt 4 of 4
[2024-04-25T23:05:17.189+0000] {taskinstance.py:2327} INFO - Executing <Task(PythonOperator): transform> on 2024-04-25 22:52:20.828871+00:00
[2024-04-25T23:05:17.198+0000] {logging_mixin.py:188} WARNING - /home/***/.local/lib/python3.12/site-packages/***/task/task_runner/standard_task_runner.py:61 DeprecationWarning: This process (pid=4158) is multi-threaded, use of fork() may lead to deadlocks in the child.
[2024-04-25T23:05:17.199+0000] {standard_task_runner.py:63} INFO - Started process 4160 to run task
[2024-04-25T23:05:17.198+0000] {standard_task_runner.py:90} INFO - Running: ['***', 'tasks', 'run', 'pipeline', 'transform', 'manual__2024-04-25T22:52:20.828871+00:00', '--job-id', '175', '--raw', '--subdir', 'DAGS_FOLDER/air_quality/air_quality_dag.py', '--cfg-path', '/tmp/tmpd2s4di1j']
[2024-04-25T23:05:17.200+0000] {standard_task_runner.py:91} INFO - Job 175: Subtask transform
[2024-04-25T23:05:17.233+0000] {task_command.py:426} INFO - Running <TaskInstance: pipeline.transform manual__2024-04-25T22:52:20.828871+00:00 [running]> on host cf1d83d83b27
[2024-04-25T23:05:17.298+0000] {taskinstance.py:2644} INFO - Exporting env vars: AIRFLOW_CTX_DAG_OWNER='***' AIRFLOW_CTX_DAG_ID='pipeline' AIRFLOW_CTX_TASK_ID='transform' AIRFLOW_CTX_EXECUTION_DATE='2024-04-25T22:52:20.828871+00:00' AIRFLOW_CTX_TRY_NUMBER='4' AIRFLOW_CTX_DAG_RUN_ID='manual__2024-04-25T22:52:20.828871+00:00'
[2024-04-25T23:05:17.298+0000] {taskinstance.py:430} INFO - ::endgroup::
[2024-04-25T23:05:17.316+0000] {LocationConnector.py:93} INFO - (1, 12)
[2024-04-25T23:05:17.321+0000] {AirQualityConnector.py:107} INFO - (24, 11)
[2024-04-25T23:05:17.334+0000] {python.py:237} INFO - Done. Returned value was: None
[2024-04-25T23:05:17.334+0000] {taskinstance.py:441} INFO - ::group::Post task execution logs
[2024-04-25T23:05:17.340+0000] {taskinstance.py:1205} INFO - Marking task as SUCCESS. dag_id=pipeline, task_id=transform, execution_date=20240425T225220, start_date=20240425T230517, end_date=20240425T230517
[2024-04-25T23:05:17.371+0000] {local_task_job_runner.py:240} INFO - Task exited with return code 0
[2024-04-25T23:05:17.388+0000] {taskinstance.py:3482} INFO - 1 downstream tasks scheduled from follow-on schedule check
[2024-04-25T23:05:17.389+0000] {local_task_job_runner.py:222} INFO - ::endgroup::
