[2024-04-26T17:31:51.675+0000] {local_task_job_runner.py:120} INFO - ::group::Pre task execution logs
[2024-04-26T17:31:51.700+0000] {taskinstance.py:2073} INFO - Dependencies all met for dep_context=non-requeueable deps ti=<TaskInstance: air_quality_pipeline.post_workflow backfill__2024-04-01T22:00:00+00:00 [queued]>
[2024-04-26T17:31:51.705+0000] {taskinstance.py:2073} INFO - Dependencies all met for dep_context=requeueable deps ti=<TaskInstance: air_quality_pipeline.post_workflow backfill__2024-04-01T22:00:00+00:00 [queued]>
[2024-04-26T17:31:51.705+0000] {taskinstance.py:2303} INFO - Starting attempt 1 of 2
[2024-04-26T17:31:51.713+0000] {taskinstance.py:2327} INFO - Executing <Task(EmptyOperator): post_workflow> on 2024-04-01 22:00:00+00:00
[2024-04-26T17:31:51.722+0000] {logging_mixin.py:188} WARNING - /home/***/.local/lib/python3.12/site-packages/***/task/task_runner/standard_task_runner.py:61 DeprecationWarning: This process (pid=1241) is multi-threaded, use of fork() may lead to deadlocks in the child.
[2024-04-26T17:31:51.722+0000] {standard_task_runner.py:63} INFO - Started process 1242 to run task
[2024-04-26T17:31:51.722+0000] {standard_task_runner.py:90} INFO - Running: ['***', 'tasks', 'run', 'air_quality_pipeline', 'post_workflow', 'backfill__2024-04-01T22:00:00+00:00', '--job-id', '376', '--pool', 'default_pool', '--raw', '--subdir', 'DAGS_FOLDER/air_quality/air_quality_dag.py', '--cfg-path', '/tmp/tmpl06vwf8w']
[2024-04-26T17:31:51.723+0000] {standard_task_runner.py:91} INFO - Job 376: Subtask post_workflow
[2024-04-26T17:31:51.755+0000] {task_command.py:426} INFO - Running <TaskInstance: air_quality_pipeline.post_workflow backfill__2024-04-01T22:00:00+00:00 [running]> on host 4718ecf2379c
[2024-04-26T17:31:51.814+0000] {taskinstance.py:2644} INFO - Exporting env vars: AIRFLOW_CTX_DAG_OWNER='***' AIRFLOW_CTX_DAG_ID='air_quality_pipeline' AIRFLOW_CTX_TASK_ID='post_workflow' AIRFLOW_CTX_EXECUTION_DATE='2024-04-01T22:00:00+00:00' AIRFLOW_CTX_TRY_NUMBER='1' AIRFLOW_CTX_DAG_RUN_ID='backfill__2024-04-01T22:00:00+00:00'
[2024-04-26T17:31:51.815+0000] {taskinstance.py:430} INFO - ::endgroup::
[2024-04-26T17:31:51.823+0000] {taskinstance.py:441} INFO - ::group::Post task execution logs
[2024-04-26T17:31:51.830+0000] {taskinstance.py:1205} INFO - Marking task as SUCCESS. dag_id=air_quality_pipeline, task_id=post_workflow, execution_date=20240401T220000, start_date=20240426T173151, end_date=20240426T173151
[2024-04-26T17:31:51.855+0000] {local_task_job_runner.py:240} INFO - Task exited with return code 0
[2024-04-26T17:31:51.867+0000] {taskinstance.py:3482} INFO - 0 downstream tasks scheduled from follow-on schedule check
[2024-04-26T17:31:51.869+0000] {local_task_job_runner.py:222} INFO - ::endgroup::
[2024-04-26T17:40:12.956+0000] {local_task_job_runner.py:120} INFO - ::group::Pre task execution logs
[2024-04-26T17:40:12.983+0000] {taskinstance.py:2073} INFO - Dependencies all met for dep_context=non-requeueable deps ti=<TaskInstance: air_quality_pipeline.post_workflow backfill__2024-04-01T22:00:00+00:00 [queued]>
[2024-04-26T17:40:12.989+0000] {taskinstance.py:2073} INFO - Dependencies all met for dep_context=requeueable deps ti=<TaskInstance: air_quality_pipeline.post_workflow backfill__2024-04-01T22:00:00+00:00 [queued]>
[2024-04-26T17:40:12.989+0000] {taskinstance.py:2303} INFO - Starting attempt 1 of 2
[2024-04-26T17:40:12.998+0000] {taskinstance.py:2327} INFO - Executing <Task(EmptyOperator): post_workflow> on 2024-04-01 22:00:00+00:00
[2024-04-26T17:40:13.007+0000] {logging_mixin.py:188} WARNING - /home/***/.local/lib/python3.12/site-packages/***/task/task_runner/standard_task_runner.py:61 DeprecationWarning: This process (pid=1575) is multi-threaded, use of fork() may lead to deadlocks in the child.
[2024-04-26T17:40:13.008+0000] {standard_task_runner.py:63} INFO - Started process 1576 to run task
[2024-04-26T17:40:13.007+0000] {standard_task_runner.py:90} INFO - Running: ['***', 'tasks', 'run', 'air_quality_pipeline', 'post_workflow', 'backfill__2024-04-01T22:00:00+00:00', '--job-id', '393', '--pool', 'default_pool', '--raw', '--subdir', 'DAGS_FOLDER/air_quality/air_quality_dag.py', '--cfg-path', '/tmp/tmp25cirrpf']
[2024-04-26T17:40:13.009+0000] {standard_task_runner.py:91} INFO - Job 393: Subtask post_workflow
[2024-04-26T17:40:13.041+0000] {task_command.py:426} INFO - Running <TaskInstance: air_quality_pipeline.post_workflow backfill__2024-04-01T22:00:00+00:00 [running]> on host 4718ecf2379c
[2024-04-26T17:40:13.099+0000] {taskinstance.py:2644} INFO - Exporting env vars: AIRFLOW_CTX_DAG_OWNER='***' AIRFLOW_CTX_DAG_ID='air_quality_pipeline' AIRFLOW_CTX_TASK_ID='post_workflow' AIRFLOW_CTX_EXECUTION_DATE='2024-04-01T22:00:00+00:00' AIRFLOW_CTX_TRY_NUMBER='1' AIRFLOW_CTX_DAG_RUN_ID='backfill__2024-04-01T22:00:00+00:00'
[2024-04-26T17:40:13.099+0000] {taskinstance.py:430} INFO - ::endgroup::
[2024-04-26T17:40:13.108+0000] {taskinstance.py:441} INFO - ::group::Post task execution logs
[2024-04-26T17:40:13.114+0000] {taskinstance.py:1205} INFO - Marking task as SUCCESS. dag_id=air_quality_pipeline, task_id=post_workflow, execution_date=20240401T220000, start_date=20240426T174012, end_date=20240426T174013
[2024-04-26T17:40:13.141+0000] {local_task_job_runner.py:240} INFO - Task exited with return code 0
[2024-04-26T17:40:13.153+0000] {taskinstance.py:3482} INFO - 0 downstream tasks scheduled from follow-on schedule check
[2024-04-26T17:40:13.155+0000] {local_task_job_runner.py:222} INFO - ::endgroup::
