[2024-04-23T23:15:53.308+0000] {local_task_job_runner.py:120} INFO - ::group::Pre task execution logs
[2024-04-23T23:15:53.331+0000] {taskinstance.py:2073} INFO - Dependencies all met for dep_context=non-requeueable deps ti=<TaskInstance: pipeline.extract manual__2024-04-23T23:06:35.131251+00:00 [queued]>
[2024-04-23T23:15:53.454+0000] {taskinstance.py:2073} INFO - Dependencies all met for dep_context=requeueable deps ti=<TaskInstance: pipeline.extract manual__2024-04-23T23:06:35.131251+00:00 [queued]>
[2024-04-23T23:15:53.454+0000] {taskinstance.py:2303} INFO - Starting attempt 2 of 2
[2024-04-23T23:15:53.463+0000] {taskinstance.py:2327} INFO - Executing <Task(PythonOperator): extract> on 2024-04-23 23:06:35.131251+00:00
[2024-04-23T23:15:53.472+0000] {standard_task_runner.py:90} INFO - Running: ['***', 'tasks', 'run', 'pipeline', 'extract', 'manual__2024-04-23T23:06:35.131251+00:00', '--job-id', '55', '--raw', '--subdir', 'DAGS_FOLDER/air_quality/air_quality_dag.py', '--cfg-path', '/tmp/tmpyd2di6av']
[2024-04-23T23:15:53.474+0000] {standard_task_runner.py:91} INFO - Job 55: Subtask extract
[2024-04-23T23:15:53.474+0000] {logging_mixin.py:188} WARNING - /home/***/.local/lib/python3.12/site-packages/***/task/task_runner/standard_task_runner.py:61 DeprecationWarning: This process (pid=425) is multi-threaded, use of fork() may lead to deadlocks in the child.
[2024-04-23T23:15:53.474+0000] {standard_task_runner.py:63} INFO - Started process 427 to run task
[2024-04-23T23:15:53.503+0000] {task_command.py:426} INFO - Running <TaskInstance: pipeline.extract manual__2024-04-23T23:06:35.131251+00:00 [running]> on host 8e318e51dc55
[2024-04-23T23:15:53.566+0000] {taskinstance.py:2644} INFO - Exporting env vars: AIRFLOW_CTX_DAG_OWNER='***' AIRFLOW_CTX_DAG_ID='pipeline' AIRFLOW_CTX_TASK_ID='extract' AIRFLOW_CTX_EXECUTION_DATE='2024-04-23T23:06:35.131251+00:00' AIRFLOW_CTX_TRY_NUMBER='2' AIRFLOW_CTX_DAG_RUN_ID='manual__2024-04-23T23:06:35.131251+00:00'
[2024-04-23T23:15:53.567+0000] {taskinstance.py:430} INFO - ::endgroup::
[2024-04-23T23:15:53.578+0000] {LocationConnector.py:66} INFO - Extracting data for: Guadalajara
[2024-04-23T23:15:55.206+0000] {LocationConnector.py:66} INFO - Extracting data for: Monterrey
[2024-04-23T23:15:56.696+0000] {LocationConnector.py:66} INFO - Extracting data for: Mexico City
[2024-04-23T23:16:00.132+0000] {LocationConnector.py:66} INFO - Extracting data for: Puebla
[2024-04-23T23:16:01.584+0000] {LocationConnector.py:66} INFO - Extracting data for: Aguascalientes
[2024-04-23T23:16:03.071+0000] {LocationConnector.py:66} INFO - Extracting data for: Merida
[2024-04-23T23:16:04.569+0000] {LocationConnector.py:66} INFO - Extracting data for: Toluca
[2024-04-23T23:16:07.047+0000] {LocationConnector.py:66} INFO - Extracting data for: Durango
[2024-04-23T23:16:08.544+0000] {LocationConnector.py:66} INFO - Extracting data for: Chihuahua
[2024-04-23T23:16:12.015+0000] {LocationConnector.py:66} INFO - Extracting data for: San luis Potosi
[2024-04-23T23:16:15.476+0000] {LocationConnector.py:66} INFO - Extracting data for: Leon
[2024-04-23T23:16:19.005+0000] {LocationConnector.py:66} INFO - Extracting data for: Buenos Aires
[2024-04-23T23:16:21.476+0000] {LocationConnector.py:66} INFO - Extracting data for: Medellin
[2024-04-23T23:16:22.969+0000] {LocationConnector.py:78} INFO - Data extracted - Shape: (13, 12)
[2024-04-23T23:16:55.617+0000] {AirQualityConnector.py:93} INFO - Extracted air quality data: (169, 11)
[2024-04-23T23:16:55.617+0000] {python.py:237} INFO - Done. Returned value was: None
[2024-04-23T23:16:55.617+0000] {taskinstance.py:441} INFO - ::group::Post task execution logs
[2024-04-23T23:16:55.625+0000] {taskinstance.py:1205} INFO - Marking task as SUCCESS. dag_id=pipeline, task_id=extract, execution_date=20240423T230635, start_date=20240423T231553, end_date=20240423T231655
[2024-04-23T23:16:55.651+0000] {local_task_job_runner.py:240} INFO - Task exited with return code 0
[2024-04-23T23:16:55.667+0000] {taskinstance.py:3482} INFO - 1 downstream tasks scheduled from follow-on schedule check
[2024-04-23T23:16:55.669+0000] {local_task_job_runner.py:222} INFO - ::endgroup::
