[2024-04-23T23:26:30.648+0000] {local_task_job_runner.py:120} INFO - ::group::Pre task execution logs
[2024-04-23T23:26:30.672+0000] {taskinstance.py:2073} INFO - Dependencies all met for dep_context=non-requeueable deps ti=<TaskInstance: pipeline.extract manual__2024-04-23T23:06:35.131251+00:00 [queued]>
[2024-04-23T23:26:30.797+0000] {taskinstance.py:2073} INFO - Dependencies all met for dep_context=requeueable deps ti=<TaskInstance: pipeline.extract manual__2024-04-23T23:06:35.131251+00:00 [queued]>
[2024-04-23T23:26:30.797+0000] {taskinstance.py:2303} INFO - Starting attempt 3 of 3
[2024-04-23T23:26:30.806+0000] {taskinstance.py:2327} INFO - Executing <Task(PythonOperator): extract> on 2024-04-23 23:06:35.131251+00:00
[2024-04-23T23:26:30.817+0000] {logging_mixin.py:188} WARNING - /home/***/.local/lib/python3.12/site-packages/***/task/task_runner/standard_task_runner.py:61 DeprecationWarning: This process (pid=686) is multi-threaded, use of fork() may lead to deadlocks in the child.
[2024-04-23T23:26:30.816+0000] {standard_task_runner.py:90} INFO - Running: ['***', 'tasks', 'run', 'pipeline', 'extract', 'manual__2024-04-23T23:06:35.131251+00:00', '--job-id', '58', '--raw', '--subdir', 'DAGS_FOLDER/air_quality/air_quality_dag.py', '--cfg-path', '/tmp/tmp2irwu70h']
[2024-04-23T23:26:30.818+0000] {standard_task_runner.py:63} INFO - Started process 688 to run task
[2024-04-23T23:26:30.818+0000] {standard_task_runner.py:91} INFO - Job 58: Subtask extract
[2024-04-23T23:26:30.848+0000] {task_command.py:426} INFO - Running <TaskInstance: pipeline.extract manual__2024-04-23T23:06:35.131251+00:00 [running]> on host 8e318e51dc55
[2024-04-23T23:26:30.907+0000] {taskinstance.py:2644} INFO - Exporting env vars: AIRFLOW_CTX_DAG_OWNER='***' AIRFLOW_CTX_DAG_ID='pipeline' AIRFLOW_CTX_TASK_ID='extract' AIRFLOW_CTX_EXECUTION_DATE='2024-04-23T23:06:35.131251+00:00' AIRFLOW_CTX_TRY_NUMBER='3' AIRFLOW_CTX_DAG_RUN_ID='manual__2024-04-23T23:06:35.131251+00:00'
[2024-04-23T23:26:30.907+0000] {taskinstance.py:430} INFO - ::endgroup::
[2024-04-23T23:26:30.919+0000] {LocationConnector.py:66} INFO - Extracting data for: Guadalajara
[2024-04-23T23:26:34.417+0000] {LocationConnector.py:66} INFO - Extracting data for: Monterrey
[2024-04-23T23:26:35.895+0000] {LocationConnector.py:66} INFO - Extracting data for: Mexico City
[2024-04-23T23:26:39.344+0000] {LocationConnector.py:66} INFO - Extracting data for: Puebla
[2024-04-23T23:26:40.779+0000] {LocationConnector.py:66} INFO - Extracting data for: Aguascalientes
[2024-04-23T23:26:42.207+0000] {LocationConnector.py:66} INFO - Extracting data for: Merida
[2024-04-23T23:26:44.636+0000] {LocationConnector.py:66} INFO - Extracting data for: Toluca
[2024-04-23T23:26:47.085+0000] {LocationConnector.py:66} INFO - Extracting data for: Durango
[2024-04-23T23:26:50.558+0000] {LocationConnector.py:66} INFO - Extracting data for: Chihuahua
[2024-04-23T23:26:52.030+0000] {LocationConnector.py:66} INFO - Extracting data for: San luis Potosi
[2024-04-23T23:26:55.453+0000] {LocationConnector.py:66} INFO - Extracting data for: Leon
[2024-04-23T23:26:58.902+0000] {LocationConnector.py:66} INFO - Extracting data for: Buenos Aires
[2024-04-23T23:27:01.421+0000] {LocationConnector.py:66} INFO - Extracting data for: Medellin
[2024-04-23T23:27:03.904+0000] {LocationConnector.py:78} INFO - Data extracted - Shape: (13, 12)
[2024-04-23T23:27:38.501+0000] {AirQualityConnector.py:93} INFO - Extracted air quality data: (169, 11)
[2024-04-23T23:27:38.501+0000] {python.py:237} INFO - Done. Returned value was: None
[2024-04-23T23:27:38.502+0000] {taskinstance.py:441} INFO - ::group::Post task execution logs
[2024-04-23T23:27:38.508+0000] {taskinstance.py:1205} INFO - Marking task as SUCCESS. dag_id=pipeline, task_id=extract, execution_date=20240423T230635, start_date=20240423T232630, end_date=20240423T232738
[2024-04-23T23:27:38.557+0000] {local_task_job_runner.py:240} INFO - Task exited with return code 0
[2024-04-23T23:27:38.573+0000] {taskinstance.py:3482} INFO - 1 downstream tasks scheduled from follow-on schedule check
[2024-04-23T23:27:38.574+0000] {local_task_job_runner.py:222} INFO - ::endgroup::
