[2024-04-26T00:08:04.645+0000] {local_task_job_runner.py:120} INFO - ::group::Pre task execution logs
[2024-04-26T00:08:04.666+0000] {taskinstance.py:2073} INFO - Dependencies all met for dep_context=non-requeueable deps ti=<TaskInstance: pipeline.etl.transform scheduled__2024-02-05T00:00:00+00:00 [queued]>
[2024-04-26T00:08:04.672+0000] {taskinstance.py:2073} INFO - Dependencies all met for dep_context=requeueable deps ti=<TaskInstance: pipeline.etl.transform scheduled__2024-02-05T00:00:00+00:00 [queued]>
[2024-04-26T00:08:04.672+0000] {taskinstance.py:2303} INFO - Starting attempt 1 of 1
[2024-04-26T00:08:04.800+0000] {taskinstance.py:2327} INFO - Executing <Task(PythonOperator): etl.transform> on 2024-02-05 00:00:00+00:00
[2024-04-26T00:08:04.809+0000] {logging_mixin.py:188} WARNING - /home/***/.local/lib/python3.12/site-packages/***/task/task_runner/standard_task_runner.py:61 DeprecationWarning: This process (pid=6551) is multi-threaded, use of fork() may lead to deadlocks in the child.
[2024-04-26T00:08:04.810+0000] {standard_task_runner.py:63} INFO - Started process 6553 to run task
[2024-04-26T00:08:04.809+0000] {standard_task_runner.py:90} INFO - Running: ['***', 'tasks', 'run', 'pipeline', 'etl.transform', 'scheduled__2024-02-05T00:00:00+00:00', '--job-id', '267', '--raw', '--subdir', 'DAGS_FOLDER/air_quality/air_quality_dag.py', '--cfg-path', '/tmp/tmp82j08lzs']
[2024-04-26T00:08:04.810+0000] {standard_task_runner.py:91} INFO - Job 267: Subtask etl.transform
[2024-04-26T00:08:04.842+0000] {task_command.py:426} INFO - Running <TaskInstance: pipeline.etl.transform scheduled__2024-02-05T00:00:00+00:00 [running]> on host cf1d83d83b27
[2024-04-26T00:08:04.895+0000] {taskinstance.py:2644} INFO - Exporting env vars: AIRFLOW_CTX_DAG_OWNER='***' AIRFLOW_CTX_DAG_ID='pipeline' AIRFLOW_CTX_TASK_ID='etl.transform' AIRFLOW_CTX_EXECUTION_DATE='2024-02-05T00:00:00+00:00' AIRFLOW_CTX_TRY_NUMBER='1' AIRFLOW_CTX_DAG_RUN_ID='scheduled__2024-02-05T00:00:00+00:00'
[2024-04-26T00:08:04.896+0000] {taskinstance.py:430} INFO - ::endgroup::
[2024-04-26T00:08:04.914+0000] {LocationConnector.py:93} INFO - (1, 12)
[2024-04-26T00:08:04.919+0000] {AirQualityConnector.py:107} INFO - (24, 11)
[2024-04-26T00:08:04.933+0000] {python.py:237} INFO - Done. Returned value was: None
[2024-04-26T00:08:04.933+0000] {taskinstance.py:441} INFO - ::group::Post task execution logs
[2024-04-26T00:08:04.940+0000] {taskinstance.py:1205} INFO - Marking task as SUCCESS. dag_id=pipeline, task_id=etl.transform, execution_date=20240205T000000, start_date=20240426T000804, end_date=20240426T000804
[2024-04-26T00:08:04.983+0000] {local_task_job_runner.py:240} INFO - Task exited with return code 0
[2024-04-26T00:08:05.000+0000] {taskinstance.py:3482} INFO - 1 downstream tasks scheduled from follow-on schedule check
[2024-04-26T00:08:05.002+0000] {local_task_job_runner.py:222} INFO - ::endgroup::
[2024-04-26T16:26:43.235+0000] {local_task_job_runner.py:120} INFO - ::group::Pre task execution logs
[2024-04-26T16:26:43.256+0000] {taskinstance.py:2073} INFO - Dependencies all met for dep_context=non-requeueable deps ti=<TaskInstance: pipeline.etl.transform scheduled__2024-02-05T00:00:00+00:00 [queued]>
[2024-04-26T16:26:43.261+0000] {taskinstance.py:2073} INFO - Dependencies all met for dep_context=requeueable deps ti=<TaskInstance: pipeline.etl.transform scheduled__2024-02-05T00:00:00+00:00 [queued]>
[2024-04-26T16:26:43.261+0000] {taskinstance.py:2303} INFO - Starting attempt 1 of 1
[2024-04-26T16:26:43.268+0000] {taskinstance.py:2327} INFO - Executing <Task(PythonOperator): etl.transform> on 2024-02-05 00:00:00+00:00
[2024-04-26T16:26:43.276+0000] {standard_task_runner.py:90} INFO - Running: ['***', 'tasks', 'run', 'pipeline', 'etl.transform', 'scheduled__2024-02-05T00:00:00+00:00', '--job-id', '289', '--raw', '--subdir', 'DAGS_FOLDER/air_quality/air_quality_dag.py', '--cfg-path', '/tmp/tmpp3a_pog7']
[2024-04-26T16:26:43.278+0000] {standard_task_runner.py:91} INFO - Job 289: Subtask etl.transform
[2024-04-26T16:26:43.278+0000] {logging_mixin.py:188} WARNING - /home/***/.local/lib/python3.12/site-packages/***/task/task_runner/standard_task_runner.py:61 DeprecationWarning: This process (pid=2277) is multi-threaded, use of fork() may lead to deadlocks in the child.
[2024-04-26T16:26:43.279+0000] {standard_task_runner.py:63} INFO - Started process 2279 to run task
[2024-04-26T16:26:43.312+0000] {task_command.py:426} INFO - Running <TaskInstance: pipeline.etl.transform scheduled__2024-02-05T00:00:00+00:00 [running]> on host cf1d83d83b27
[2024-04-26T16:26:43.364+0000] {taskinstance.py:2644} INFO - Exporting env vars: AIRFLOW_CTX_DAG_OWNER='***' AIRFLOW_CTX_DAG_ID='pipeline' AIRFLOW_CTX_TASK_ID='etl.transform' AIRFLOW_CTX_EXECUTION_DATE='2024-02-05T00:00:00+00:00' AIRFLOW_CTX_TRY_NUMBER='1' AIRFLOW_CTX_DAG_RUN_ID='scheduled__2024-02-05T00:00:00+00:00'
[2024-04-26T16:26:43.365+0000] {taskinstance.py:430} INFO - ::endgroup::
[2024-04-26T16:26:43.373+0000] {tasks.py:47} INFO - Transforming location data...
[2024-04-26T16:26:43.384+0000] {LocationConnector.py:100} INFO - Successfully transformed DataFrame
[2024-04-26T16:26:43.384+0000] {LocationConnector.py:101} INFO - Shape of transformed DataFrame: (3, 8)
[2024-04-26T16:26:43.384+0000] {tasks.py:49} INFO - Location data transformation complete.
[2024-04-26T16:26:43.384+0000] {tasks.py:52} INFO - Transforming air quality data...
[2024-04-26T16:26:43.388+0000] {AirQualityConnector.py:101} INFO - Successfully transformed DataFrame
[2024-04-26T16:26:43.388+0000] {AirQualityConnector.py:102} INFO - Shape of transformed DataFrame: (72, 11)
[2024-04-26T16:26:43.388+0000] {tasks.py:54} INFO - Air quality data transformation complete.
[2024-04-26T16:26:43.388+0000] {tasks.py:57} INFO - Merging location and air quality data...
[2024-04-26T16:26:43.394+0000] {tasks.py:59} INFO - Location and air quality data merge complete.
[2024-04-26T16:26:43.395+0000] {tasks.py:65} INFO - Saving transformed data to CSV...
[2024-04-26T16:26:43.397+0000] {tasks.py:67} INFO - Transformed data saved to CSV.
[2024-04-26T16:26:43.397+0000] {python.py:237} INFO - Done. Returned value was: None
[2024-04-26T16:26:43.397+0000] {taskinstance.py:441} INFO - ::group::Post task execution logs
[2024-04-26T16:26:43.405+0000] {taskinstance.py:1205} INFO - Marking task as SUCCESS. dag_id=pipeline, task_id=etl.transform, execution_date=20240205T000000, start_date=20240426T162643, end_date=20240426T162643
[2024-04-26T16:26:43.451+0000] {local_task_job_runner.py:240} INFO - Task exited with return code 0
[2024-04-26T16:26:43.469+0000] {taskinstance.py:3482} INFO - 1 downstream tasks scheduled from follow-on schedule check
[2024-04-26T16:26:43.471+0000] {local_task_job_runner.py:222} INFO - ::endgroup::
[2024-04-26T16:35:26.052+0000] {local_task_job_runner.py:120} INFO - ::group::Pre task execution logs
[2024-04-26T16:35:26.080+0000] {taskinstance.py:2073} INFO - Dependencies all met for dep_context=non-requeueable deps ti=<TaskInstance: pipeline.etl.transform scheduled__2024-02-05T00:00:00+00:00 [queued]>
[2024-04-26T16:35:26.086+0000] {taskinstance.py:2073} INFO - Dependencies all met for dep_context=requeueable deps ti=<TaskInstance: pipeline.etl.transform scheduled__2024-02-05T00:00:00+00:00 [queued]>
[2024-04-26T16:35:26.086+0000] {taskinstance.py:2303} INFO - Starting attempt 1 of 1
[2024-04-26T16:35:26.218+0000] {taskinstance.py:2327} INFO - Executing <Task(PythonOperator): etl.transform> on 2024-02-05 00:00:00+00:00
[2024-04-26T16:35:26.227+0000] {standard_task_runner.py:90} INFO - Running: ['***', 'tasks', 'run', 'pipeline', 'etl.transform', 'scheduled__2024-02-05T00:00:00+00:00', '--job-id', '297', '--raw', '--subdir', 'DAGS_FOLDER/air_quality/air_quality_dag.py', '--cfg-path', '/tmp/tmp3fp6ibc4']
[2024-04-26T16:35:26.229+0000] {standard_task_runner.py:91} INFO - Job 297: Subtask etl.transform
[2024-04-26T16:35:26.229+0000] {logging_mixin.py:188} WARNING - /home/***/.local/lib/python3.12/site-packages/***/task/task_runner/standard_task_runner.py:61 DeprecationWarning: This process (pid=197) is multi-threaded, use of fork() may lead to deadlocks in the child.
[2024-04-26T16:35:26.230+0000] {standard_task_runner.py:63} INFO - Started process 199 to run task
[2024-04-26T16:35:26.260+0000] {task_command.py:426} INFO - Running <TaskInstance: pipeline.etl.transform scheduled__2024-02-05T00:00:00+00:00 [running]> on host 5fdceac7b2c7
[2024-04-26T16:35:26.313+0000] {taskinstance.py:2644} INFO - Exporting env vars: AIRFLOW_CTX_DAG_OWNER='***' AIRFLOW_CTX_DAG_ID='pipeline' AIRFLOW_CTX_TASK_ID='etl.transform' AIRFLOW_CTX_EXECUTION_DATE='2024-02-05T00:00:00+00:00' AIRFLOW_CTX_TRY_NUMBER='1' AIRFLOW_CTX_DAG_RUN_ID='scheduled__2024-02-05T00:00:00+00:00'
[2024-04-26T16:35:26.314+0000] {taskinstance.py:430} INFO - ::endgroup::
[2024-04-26T16:35:26.323+0000] {tasks.py:47} INFO - Transforming location data...
[2024-04-26T16:35:26.333+0000] {LocationConnector.py:100} INFO - Successfully transformed DataFrame
[2024-04-26T16:35:26.333+0000] {LocationConnector.py:101} INFO - Shape of transformed DataFrame: (3, 8)
[2024-04-26T16:35:26.334+0000] {tasks.py:49} INFO - Location data transformation complete.
[2024-04-26T16:35:26.334+0000] {tasks.py:52} INFO - Transforming air quality data...
[2024-04-26T16:35:26.338+0000] {AirQualityConnector.py:101} INFO - Successfully transformed DataFrame
[2024-04-26T16:35:26.338+0000] {AirQualityConnector.py:102} INFO - Shape of transformed DataFrame: (72, 11)
[2024-04-26T16:35:26.338+0000] {tasks.py:54} INFO - Air quality data transformation complete.
[2024-04-26T16:35:26.338+0000] {tasks.py:57} INFO - Merging location and air quality data...
[2024-04-26T16:35:26.340+0000] {tasks.py:59} INFO - Location and air quality data merge complete.
[2024-04-26T16:35:26.340+0000] {tasks.py:65} INFO - Saving transformed data to CSV...
[2024-04-26T16:35:26.342+0000] {tasks.py:67} INFO - Transformed data saved to CSV.
[2024-04-26T16:35:26.343+0000] {python.py:237} INFO - Done. Returned value was: None
[2024-04-26T16:35:26.343+0000] {taskinstance.py:441} INFO - ::group::Post task execution logs
[2024-04-26T16:35:26.351+0000] {taskinstance.py:1205} INFO - Marking task as SUCCESS. dag_id=pipeline, task_id=etl.transform, execution_date=20240205T000000, start_date=20240426T163526, end_date=20240426T163526
[2024-04-26T16:35:26.402+0000] {local_task_job_runner.py:240} INFO - Task exited with return code 0
[2024-04-26T16:35:26.425+0000] {taskinstance.py:3482} INFO - 1 downstream tasks scheduled from follow-on schedule check
[2024-04-26T16:35:26.426+0000] {local_task_job_runner.py:222} INFO - ::endgroup::
