[2024-04-25T23:56:27.942+0000] {local_task_job_runner.py:120} INFO - ::group::Pre task execution logs
[2024-04-25T23:56:27.964+0000] {taskinstance.py:2073} INFO - Dependencies all met for dep_context=non-requeueable deps ti=<TaskInstance: pipeline.load manual__2024-04-25T22:52:20.828871+00:00 [queued]>
[2024-04-25T23:56:28.092+0000] {taskinstance.py:2073} INFO - Dependencies all met for dep_context=requeueable deps ti=<TaskInstance: pipeline.load manual__2024-04-25T22:52:20.828871+00:00 [queued]>
[2024-04-25T23:56:28.092+0000] {taskinstance.py:2303} INFO - Starting attempt 9 of 9
[2024-04-25T23:56:28.101+0000] {taskinstance.py:2327} INFO - Executing <Task(PythonOperator): load> on 2024-04-25 22:52:20.828871+00:00
[2024-04-25T23:56:28.109+0000] {logging_mixin.py:188} WARNING - /home/***/.local/lib/python3.12/site-packages/***/task/task_runner/standard_task_runner.py:61 DeprecationWarning: This process (pid=6091) is multi-threaded, use of fork() may lead to deadlocks in the child.
[2024-04-25T23:56:28.110+0000] {standard_task_runner.py:63} INFO - Started process 6093 to run task
[2024-04-25T23:56:28.110+0000] {standard_task_runner.py:90} INFO - Running: ['***', 'tasks', 'run', 'pipeline', 'load', 'manual__2024-04-25T22:52:20.828871+00:00', '--job-id', '243', '--raw', '--subdir', 'DAGS_FOLDER/air_quality/air_quality_dag.py', '--cfg-path', '/tmp/tmpy6vm3jxg']
[2024-04-25T23:56:28.112+0000] {standard_task_runner.py:91} INFO - Job 243: Subtask load
[2024-04-25T23:56:28.142+0000] {task_command.py:426} INFO - Running <TaskInstance: pipeline.load manual__2024-04-25T22:52:20.828871+00:00 [running]> on host cf1d83d83b27
[2024-04-25T23:56:28.203+0000] {taskinstance.py:2644} INFO - Exporting env vars: AIRFLOW_CTX_DAG_OWNER='***' AIRFLOW_CTX_DAG_ID='pipeline' AIRFLOW_CTX_TASK_ID='load' AIRFLOW_CTX_EXECUTION_DATE='2024-04-25T22:52:20.828871+00:00' AIRFLOW_CTX_TRY_NUMBER='9' AIRFLOW_CTX_DAG_RUN_ID='manual__2024-04-25T22:52:20.828871+00:00'
[2024-04-25T23:56:28.204+0000] {taskinstance.py:430} INFO - ::endgroup::
[2024-04-25T23:56:28.214+0000] {RedShift.py:56} INFO - Loading data into Redshift
[2024-04-25T23:56:30.321+0000] {RedShift.py:71} INFO - Data inserted successfully
[2024-04-25T23:56:30.322+0000] {RedShift.py:77} INFO - Connection closed
[2024-04-25T23:56:30.332+0000] {python.py:237} INFO - Done. Returned value was: None
[2024-04-25T23:56:30.333+0000] {taskinstance.py:441} INFO - ::group::Post task execution logs
[2024-04-25T23:56:30.340+0000] {taskinstance.py:1205} INFO - Marking task as SUCCESS. dag_id=pipeline, task_id=load, execution_date=20240425T225220, start_date=20240425T235627, end_date=20240425T235630
[2024-04-25T23:56:30.367+0000] {local_task_job_runner.py:240} INFO - Task exited with return code 0
[2024-04-25T23:56:30.381+0000] {taskinstance.py:3482} INFO - 1 downstream tasks scheduled from follow-on schedule check
[2024-04-25T23:56:30.382+0000] {local_task_job_runner.py:222} INFO - ::endgroup::
