[2024-04-25T23:08:16.455+0000] {local_task_job_runner.py:120} INFO - ::group::Pre task execution logs
[2024-04-25T23:08:16.477+0000] {taskinstance.py:2073} INFO - Dependencies all met for dep_context=non-requeueable deps ti=<TaskInstance: pipeline.load manual__2024-04-25T22:52:20.828871+00:00 [queued]>
[2024-04-25T23:08:16.599+0000] {taskinstance.py:2073} INFO - Dependencies all met for dep_context=requeueable deps ti=<TaskInstance: pipeline.load manual__2024-04-25T22:52:20.828871+00:00 [queued]>
[2024-04-25T23:08:16.599+0000] {taskinstance.py:2303} INFO - Starting attempt 6 of 6
[2024-04-25T23:08:16.607+0000] {taskinstance.py:2327} INFO - Executing <Task(PythonOperator): load> on 2024-04-25 22:52:20.828871+00:00
[2024-04-25T23:08:16.616+0000] {logging_mixin.py:188} WARNING - /home/***/.local/lib/python3.12/site-packages/***/task/task_runner/standard_task_runner.py:61 DeprecationWarning: This process (pid=4286) is multi-threaded, use of fork() may lead to deadlocks in the child.
[2024-04-25T23:08:16.616+0000] {standard_task_runner.py:63} INFO - Started process 4288 to run task
[2024-04-25T23:08:16.617+0000] {standard_task_runner.py:90} INFO - Running: ['***', 'tasks', 'run', 'pipeline', 'load', 'manual__2024-04-25T22:52:20.828871+00:00', '--job-id', '186', '--raw', '--subdir', 'DAGS_FOLDER/air_quality/air_quality_dag.py', '--cfg-path', '/tmp/tmp5xk31n88']
[2024-04-25T23:08:16.619+0000] {standard_task_runner.py:91} INFO - Job 186: Subtask load
[2024-04-25T23:08:16.652+0000] {task_command.py:426} INFO - Running <TaskInstance: pipeline.load manual__2024-04-25T22:52:20.828871+00:00 [running]> on host cf1d83d83b27
[2024-04-25T23:08:16.713+0000] {taskinstance.py:2644} INFO - Exporting env vars: AIRFLOW_CTX_DAG_OWNER='***' AIRFLOW_CTX_DAG_ID='pipeline' AIRFLOW_CTX_TASK_ID='load' AIRFLOW_CTX_EXECUTION_DATE='2024-04-25T22:52:20.828871+00:00' AIRFLOW_CTX_TRY_NUMBER='6' AIRFLOW_CTX_DAG_RUN_ID='manual__2024-04-25T22:52:20.828871+00:00'
[2024-04-25T23:08:16.714+0000] {taskinstance.py:430} INFO - ::endgroup::
[2024-04-25T23:08:16.724+0000] {RedShift.py:56} INFO - Loading data into Redshift
[2024-04-25T23:08:16.725+0000] {RedShift.py:77} INFO - Connection closed
[2024-04-25T23:08:16.734+0000] {python.py:237} INFO - Done. Returned value was: None
[2024-04-25T23:08:16.734+0000] {taskinstance.py:441} INFO - ::group::Post task execution logs
[2024-04-25T23:08:16.740+0000] {taskinstance.py:1205} INFO - Marking task as SUCCESS. dag_id=pipeline, task_id=load, execution_date=20240425T225220, start_date=20240425T230816, end_date=20240425T230816
[2024-04-25T23:08:16.789+0000] {local_task_job_runner.py:240} INFO - Task exited with return code 0
[2024-04-25T23:08:16.809+0000] {taskinstance.py:3482} INFO - 1 downstream tasks scheduled from follow-on schedule check
[2024-04-25T23:08:16.811+0000] {local_task_job_runner.py:222} INFO - ::endgroup::
