[2024-04-25T23:06:40.977+0000] {local_task_job_runner.py:120} INFO - ::group::Pre task execution logs
[2024-04-25T23:06:40.999+0000] {taskinstance.py:2073} INFO - Dependencies all met for dep_context=non-requeueable deps ti=<TaskInstance: pipeline.load manual__2024-04-25T22:52:20.828871+00:00 [queued]>
[2024-04-25T23:06:41.129+0000] {taskinstance.py:2073} INFO - Dependencies all met for dep_context=requeueable deps ti=<TaskInstance: pipeline.load manual__2024-04-25T22:52:20.828871+00:00 [queued]>
[2024-04-25T23:06:41.129+0000] {taskinstance.py:2303} INFO - Starting attempt 5 of 5
[2024-04-25T23:06:41.138+0000] {taskinstance.py:2327} INFO - Executing <Task(PythonOperator): load> on 2024-04-25 22:52:20.828871+00:00
[2024-04-25T23:06:41.148+0000] {logging_mixin.py:188} WARNING - /home/***/.local/lib/python3.12/site-packages/***/task/task_runner/standard_task_runner.py:61 DeprecationWarning: This process (pid=4212) is multi-threaded, use of fork() may lead to deadlocks in the child.
[2024-04-25T23:06:41.149+0000] {standard_task_runner.py:63} INFO - Started process 4214 to run task
[2024-04-25T23:06:41.149+0000] {standard_task_runner.py:90} INFO - Running: ['***', 'tasks', 'run', 'pipeline', 'load', 'manual__2024-04-25T22:52:20.828871+00:00', '--job-id', '180', '--raw', '--subdir', 'DAGS_FOLDER/air_quality/air_quality_dag.py', '--cfg-path', '/tmp/tmpw_1svg7x']
[2024-04-25T23:06:41.151+0000] {standard_task_runner.py:91} INFO - Job 180: Subtask load
[2024-04-25T23:06:41.181+0000] {task_command.py:426} INFO - Running <TaskInstance: pipeline.load manual__2024-04-25T22:52:20.828871+00:00 [running]> on host cf1d83d83b27
[2024-04-25T23:06:41.240+0000] {taskinstance.py:2644} INFO - Exporting env vars: AIRFLOW_CTX_DAG_OWNER='***' AIRFLOW_CTX_DAG_ID='pipeline' AIRFLOW_CTX_TASK_ID='load' AIRFLOW_CTX_EXECUTION_DATE='2024-04-25T22:52:20.828871+00:00' AIRFLOW_CTX_TRY_NUMBER='5' AIRFLOW_CTX_DAG_RUN_ID='manual__2024-04-25T22:52:20.828871+00:00'
[2024-04-25T23:06:41.241+0000] {taskinstance.py:430} INFO - ::endgroup::
[2024-04-25T23:06:41.251+0000] {RedShift.py:56} INFO - Loading data into Redshift
[2024-04-25T23:06:41.252+0000] {RedShift.py:77} INFO - Connection closed
[2024-04-25T23:06:41.260+0000] {python.py:237} INFO - Done. Returned value was: None
[2024-04-25T23:06:41.261+0000] {taskinstance.py:441} INFO - ::group::Post task execution logs
[2024-04-25T23:06:41.267+0000] {taskinstance.py:1205} INFO - Marking task as SUCCESS. dag_id=pipeline, task_id=load, execution_date=20240425T225220, start_date=20240425T230641, end_date=20240425T230641
[2024-04-25T23:06:41.282+0000] {local_task_job_runner.py:240} INFO - Task exited with return code 0
[2024-04-25T23:06:41.296+0000] {taskinstance.py:3482} INFO - 1 downstream tasks scheduled from follow-on schedule check
[2024-04-25T23:06:41.298+0000] {local_task_job_runner.py:222} INFO - ::endgroup::
