[2024-04-26T17:22:49.450+0000] {local_task_job_runner.py:120} INFO - ::group::Pre task execution logs
[2024-04-26T17:22:49.487+0000] {taskinstance.py:2073} INFO - Dependencies all met for dep_context=non-requeueable deps ti=<TaskInstance: air_quality_pipeline.etl.extract backfill__2024-04-05T22:00:00+00:00 [queued]>
[2024-04-26T17:22:49.494+0000] {taskinstance.py:2073} INFO - Dependencies all met for dep_context=requeueable deps ti=<TaskInstance: air_quality_pipeline.etl.extract backfill__2024-04-05T22:00:00+00:00 [queued]>
[2024-04-26T17:22:49.495+0000] {taskinstance.py:2303} INFO - Starting attempt 1 of 2
[2024-04-26T17:22:49.510+0000] {taskinstance.py:2327} INFO - Executing <Task(PythonOperator): etl.extract> on 2024-04-05 22:00:00+00:00
[2024-04-26T17:22:49.523+0000] {logging_mixin.py:188} WARNING - /home/***/.local/lib/python3.12/site-packages/***/task/task_runner/standard_task_runner.py:61 DeprecationWarning: This process (pid=804) is multi-threaded, use of fork() may lead to deadlocks in the child.
[2024-04-26T17:22:49.524+0000] {standard_task_runner.py:63} INFO - Started process 815 to run task
[2024-04-26T17:22:49.523+0000] {standard_task_runner.py:90} INFO - Running: ['***', 'tasks', 'run', 'air_quality_pipeline', 'etl.extract', 'backfill__2024-04-05T22:00:00+00:00', '--job-id', '324', '--pool', 'default_pool', '--raw', '--subdir', 'DAGS_FOLDER/air_quality/air_quality_dag.py', '--cfg-path', '/tmp/tmp6mt3wk9k']
[2024-04-26T17:22:49.525+0000] {standard_task_runner.py:91} INFO - Job 324: Subtask etl.extract
[2024-04-26T17:22:49.584+0000] {task_command.py:426} INFO - Running <TaskInstance: air_quality_pipeline.etl.extract backfill__2024-04-05T22:00:00+00:00 [running]> on host 4718ecf2379c
[2024-04-26T17:22:49.667+0000] {taskinstance.py:2644} INFO - Exporting env vars: AIRFLOW_CTX_DAG_OWNER='***' AIRFLOW_CTX_DAG_ID='air_quality_pipeline' AIRFLOW_CTX_TASK_ID='etl.extract' AIRFLOW_CTX_EXECUTION_DATE='2024-04-05T22:00:00+00:00' AIRFLOW_CTX_TRY_NUMBER='1' AIRFLOW_CTX_DAG_RUN_ID='backfill__2024-04-05T22:00:00+00:00'
[2024-04-26T17:22:49.667+0000] {taskinstance.py:430} INFO - ::endgroup::
[2024-04-26T17:22:49.680+0000] {tasks.py:35} INFO - Extracting location...
[2024-04-26T17:22:49.682+0000] {LocationConnector.py:70} INFO - Extracting data for: Guadalajara
[2024-04-26T17:22:51.103+0000] {LocationConnector.py:70} INFO - Extracting data for: Monterrey
[2024-04-26T17:22:53.494+0000] {LocationConnector.py:70} INFO - Extracting data for: Mexico City
[2024-04-26T17:22:53.870+0000] {LocationConnector.py:53} ERROR - Error querying the API 429 Client Error: Too Many Requests for url: https://us1.locationiq.com/v1/search/structured?city=Mexico+City&format=json&countrycodes=MX&key=pk.eb06967d04dbcf43f95529ade5970ed9
[2024-04-26T17:22:54.875+0000] {LocationConnector.py:78} INFO - Successfully Extracted Location data: (3, 12)
[2024-04-26T17:22:54.877+0000] {tasks.py:37} INFO - Location extraction complete.
[2024-04-26T17:22:54.877+0000] {tasks.py:40} INFO - Extracting air quality data...
[2024-04-26T17:23:01.957+0000] {AirQualityConnector.py:54} ERROR - Error querying the API: 400 Client Error: Bad Request for url: http://api.openweathermap.org/data/2.5/air_pollution/history?lat=nan&lon=nan&start=1712275200&end=1712354400&appid=82fb9c2177dfbeb497bf745603e5d12d
[2024-04-26T17:23:02.958+0000] {AirQualityConnector.py:85} INFO - Successfully Extracted air quality data: (46, 11)
[2024-04-26T17:23:02.959+0000] {tasks.py:42} INFO - Air quality data extraction complete.
[2024-04-26T17:23:02.959+0000] {python.py:237} INFO - Done. Returned value was: None
[2024-04-26T17:23:02.959+0000] {taskinstance.py:441} INFO - ::group::Post task execution logs
[2024-04-26T17:23:02.968+0000] {taskinstance.py:1205} INFO - Marking task as SUCCESS. dag_id=air_quality_pipeline, task_id=etl.extract, execution_date=20240405T220000, start_date=20240426T172249, end_date=20240426T172302
[2024-04-26T17:23:03.019+0000] {local_task_job_runner.py:240} INFO - Task exited with return code 0
[2024-04-26T17:23:03.036+0000] {taskinstance.py:3482} INFO - 1 downstream tasks scheduled from follow-on schedule check
[2024-04-26T17:23:03.038+0000] {local_task_job_runner.py:222} INFO - ::endgroup::
[2024-04-26T17:45:00.398+0000] {local_task_job_runner.py:120} INFO - ::group::Pre task execution logs
[2024-04-26T17:45:00.422+0000] {taskinstance.py:2073} INFO - Dependencies all met for dep_context=non-requeueable deps ti=<TaskInstance: air_quality_pipeline.etl.extract backfill__2024-04-05T22:00:00+00:00 [queued]>
[2024-04-26T17:45:00.427+0000] {taskinstance.py:2073} INFO - Dependencies all met for dep_context=requeueable deps ti=<TaskInstance: air_quality_pipeline.etl.extract backfill__2024-04-05T22:00:00+00:00 [queued]>
[2024-04-26T17:45:00.427+0000] {taskinstance.py:2303} INFO - Starting attempt 1 of 2
[2024-04-26T17:45:00.436+0000] {taskinstance.py:2327} INFO - Executing <Task(PythonOperator): etl.extract> on 2024-04-05 22:00:00+00:00
[2024-04-26T17:45:00.445+0000] {logging_mixin.py:188} WARNING - /home/***/.local/lib/python3.12/site-packages/***/task/task_runner/standard_task_runner.py:61 DeprecationWarning: This process (pid=1864) is multi-threaded, use of fork() may lead to deadlocks in the child.
[2024-04-26T17:45:00.446+0000] {standard_task_runner.py:63} INFO - Started process 1865 to run task
[2024-04-26T17:45:00.445+0000] {standard_task_runner.py:90} INFO - Running: ['***', 'tasks', 'run', 'air_quality_pipeline', 'etl.extract', 'backfill__2024-04-05T22:00:00+00:00', '--job-id', '408', '--pool', 'default_pool', '--raw', '--subdir', 'DAGS_FOLDER/air_quality/air_quality_dag.py', '--cfg-path', '/tmp/tmpc895bk6c']
[2024-04-26T17:45:00.447+0000] {standard_task_runner.py:91} INFO - Job 408: Subtask etl.extract
[2024-04-26T17:45:00.478+0000] {task_command.py:426} INFO - Running <TaskInstance: air_quality_pipeline.etl.extract backfill__2024-04-05T22:00:00+00:00 [running]> on host 4718ecf2379c
[2024-04-26T17:45:00.536+0000] {taskinstance.py:2644} INFO - Exporting env vars: AIRFLOW_CTX_DAG_OWNER='***' AIRFLOW_CTX_DAG_ID='air_quality_pipeline' AIRFLOW_CTX_TASK_ID='etl.extract' AIRFLOW_CTX_EXECUTION_DATE='2024-04-05T22:00:00+00:00' AIRFLOW_CTX_TRY_NUMBER='1' AIRFLOW_CTX_DAG_RUN_ID='backfill__2024-04-05T22:00:00+00:00'
[2024-04-26T17:45:00.537+0000] {taskinstance.py:430} INFO - ::endgroup::
[2024-04-26T17:45:00.545+0000] {tasks.py:35} INFO - Extracting location...
[2024-04-26T17:45:00.547+0000] {LocationConnector.py:70} INFO - Extracting data for: Guadalajara
[2024-04-26T17:45:03.960+0000] {LocationConnector.py:70} INFO - Extracting data for: Monterrey
[2024-04-26T17:45:05.366+0000] {LocationConnector.py:70} INFO - Extracting data for: Mexico City
[2024-04-26T17:45:07.749+0000] {LocationConnector.py:78} INFO - Successfully Extracted Location data: (3, 12)
[2024-04-26T17:45:07.751+0000] {tasks.py:37} INFO - Location extraction complete.
[2024-04-26T17:45:07.751+0000] {tasks.py:40} INFO - Extracting air quality data...
[2024-04-26T17:45:14.799+0000] {AirQualityConnector.py:85} INFO - Successfully Extracted air quality data: (69, 11)
[2024-04-26T17:45:14.800+0000] {tasks.py:42} INFO - Air quality data extraction complete.
[2024-04-26T17:45:14.800+0000] {python.py:237} INFO - Done. Returned value was: None
[2024-04-26T17:45:14.800+0000] {taskinstance.py:441} INFO - ::group::Post task execution logs
[2024-04-26T17:45:14.808+0000] {taskinstance.py:1205} INFO - Marking task as SUCCESS. dag_id=air_quality_pipeline, task_id=etl.extract, execution_date=20240405T220000, start_date=20240426T174500, end_date=20240426T174514
[2024-04-26T17:45:14.862+0000] {local_task_job_runner.py:240} INFO - Task exited with return code 0
[2024-04-26T17:45:14.880+0000] {taskinstance.py:3482} INFO - 1 downstream tasks scheduled from follow-on schedule check
[2024-04-26T17:45:14.881+0000] {local_task_job_runner.py:222} INFO - ::endgroup::
