[2024-04-25T21:53:15.228+0000] {local_task_job_runner.py:120} INFO - ::group::Pre task execution logs
[2024-04-25T21:53:15.255+0000] {taskinstance.py:2073} INFO - Dependencies all met for dep_context=non-requeueable deps ti=<TaskInstance: mi_dag.branch_task manual__2024-04-25T21:26:34.912203+00:00 [queued]>
[2024-04-25T21:53:15.260+0000] {taskinstance.py:2073} INFO - Dependencies all met for dep_context=requeueable deps ti=<TaskInstance: mi_dag.branch_task manual__2024-04-25T21:26:34.912203+00:00 [queued]>
[2024-04-25T21:53:15.260+0000] {taskinstance.py:2303} INFO - Starting attempt 9 of 9
[2024-04-25T21:53:15.270+0000] {taskinstance.py:2327} INFO - Executing <Task(BranchPythonOperator): branch_task> on 2024-04-25 21:26:34.912203+00:00
[2024-04-25T21:53:15.277+0000] {logging_mixin.py:188} WARNING - /home/***/.local/lib/python3.12/site-packages/***/task/task_runner/standard_task_runner.py:61 DeprecationWarning: This process (pid=1565) is multi-threaded, use of fork() may lead to deadlocks in the child.
[2024-04-25T21:53:15.278+0000] {standard_task_runner.py:63} INFO - Started process 1566 to run task
[2024-04-25T21:53:15.277+0000] {standard_task_runner.py:90} INFO - Running: ['***', 'tasks', 'run', 'mi_dag', 'branch_task', 'manual__2024-04-25T21:26:34.912203+00:00', '--job-id', '132', '--raw', '--subdir', 'DAGS_FOLDER/air_quality/test.py', '--cfg-path', '/tmp/tmp8f2mkvpi']
[2024-04-25T21:53:15.279+0000] {standard_task_runner.py:91} INFO - Job 132: Subtask branch_task
[2024-04-25T21:53:15.312+0000] {task_command.py:426} INFO - Running <TaskInstance: mi_dag.branch_task manual__2024-04-25T21:26:34.912203+00:00 [running]> on host cf1d83d83b27
[2024-04-25T21:53:15.379+0000] {taskinstance.py:2644} INFO - Exporting env vars: AIRFLOW_CTX_DAG_OWNER='***' AIRFLOW_CTX_DAG_ID='mi_dag' AIRFLOW_CTX_TASK_ID='branch_task' AIRFLOW_CTX_EXECUTION_DATE='2024-04-25T21:26:34.912203+00:00' AIRFLOW_CTX_TRY_NUMBER='9' AIRFLOW_CTX_DAG_RUN_ID='manual__2024-04-25T21:26:34.912203+00:00'
[2024-04-25T21:53:15.379+0000] {taskinstance.py:430} INFO - ::endgroup::
[2024-04-25T21:53:15.391+0000] {baseoperator.py:399} WARNING - BranchPythonOperator.execute cannot be called outside TaskInstance!
[2024-04-25T21:53:15.399+0000] {logging_mixin.py:188} INFO - Estado de la tarea anterior: success
[2024-04-25T21:53:15.399+0000] {python.py:237} INFO - Done. Returned value was: tarea_exitosa
[2024-04-25T21:53:15.399+0000] {branch.py:36} INFO - Branch into tarea_exitosa
[2024-04-25T21:53:15.399+0000] {skipmixin.py:178} INFO - Following branch tarea_exitosa
[2024-04-25T21:53:15.413+0000] {skipmixin.py:246} INFO - Skipping tasks [('tarea_fallida', -1)]
[2024-04-25T21:53:15.430+0000] {taskinstance.py:441} INFO - ::group::Post task execution logs
[2024-04-25T21:53:15.445+0000] {taskinstance.py:1205} INFO - Marking task as SUCCESS. dag_id=mi_dag, task_id=branch_task, execution_date=20240425T212634, start_date=20240425T215315, end_date=20240425T215315
[2024-04-25T21:53:15.491+0000] {local_task_job_runner.py:240} INFO - Task exited with return code 0
[2024-04-25T21:53:15.508+0000] {taskinstance.py:3482} INFO - 0 downstream tasks scheduled from follow-on schedule check
[2024-04-25T21:53:15.509+0000] {local_task_job_runner.py:222} INFO - ::endgroup::
