[2024-04-25T21:26:37.529+0000] {local_task_job_runner.py:120} INFO - ::group::Pre task execution logs
[2024-04-25T21:26:37.554+0000] {taskinstance.py:2073} INFO - Dependencies all met for dep_context=non-requeueable deps ti=<TaskInstance: mi_dag.branch_task manual__2024-04-25T21:26:34.912203+00:00 [queued]>
[2024-04-25T21:26:37.560+0000] {taskinstance.py:2073} INFO - Dependencies all met for dep_context=requeueable deps ti=<TaskInstance: mi_dag.branch_task manual__2024-04-25T21:26:34.912203+00:00 [queued]>
[2024-04-25T21:26:37.560+0000] {taskinstance.py:2303} INFO - Starting attempt 1 of 1
[2024-04-25T21:26:37.570+0000] {taskinstance.py:2327} INFO - Executing <Task(BranchPythonOperator): branch_task> on 2024-04-25 21:26:34.912203+00:00
[2024-04-25T21:26:37.577+0000] {logging_mixin.py:188} WARNING - /home/***/.local/lib/python3.12/site-packages/***/task/task_runner/standard_task_runner.py:61 DeprecationWarning: This process (pid=586) is multi-threaded, use of fork() may lead to deadlocks in the child.
[2024-04-25T21:26:37.578+0000] {standard_task_runner.py:63} INFO - Started process 587 to run task
[2024-04-25T21:26:37.577+0000] {standard_task_runner.py:90} INFO - Running: ['***', 'tasks', 'run', 'mi_dag', 'branch_task', 'manual__2024-04-25T21:26:34.912203+00:00', '--job-id', '115', '--raw', '--subdir', 'DAGS_FOLDER/air_quality/test.py', '--cfg-path', '/tmp/tmpj4w9hz93']
[2024-04-25T21:26:37.578+0000] {standard_task_runner.py:91} INFO - Job 115: Subtask branch_task
[2024-04-25T21:26:37.612+0000] {task_command.py:426} INFO - Running <TaskInstance: mi_dag.branch_task manual__2024-04-25T21:26:34.912203+00:00 [running]> on host cf1d83d83b27
[2024-04-25T21:26:37.675+0000] {taskinstance.py:2644} INFO - Exporting env vars: AIRFLOW_CTX_DAG_OWNER='***' AIRFLOW_CTX_DAG_ID='mi_dag' AIRFLOW_CTX_TASK_ID='branch_task' AIRFLOW_CTX_EXECUTION_DATE='2024-04-25T21:26:34.912203+00:00' AIRFLOW_CTX_TRY_NUMBER='1' AIRFLOW_CTX_DAG_RUN_ID='manual__2024-04-25T21:26:34.912203+00:00'
[2024-04-25T21:26:37.676+0000] {taskinstance.py:430} INFO - ::endgroup::
[2024-04-25T21:26:37.685+0000] {baseoperator.py:399} WARNING - BranchPythonOperator.execute cannot be called outside TaskInstance!
[2024-04-25T21:26:37.686+0000] {logging_mixin.py:188} INFO - <TaskInstance: mi_dag.branch_task manual__2024-04-25T21:26:34.912203+00:00 [running]>
[2024-04-25T21:26:37.694+0000] {python.py:237} INFO - Done. Returned value was: tarea_fallida
[2024-04-25T21:26:37.694+0000] {branch.py:36} INFO - Branch into tarea_fallida
[2024-04-25T21:26:37.694+0000] {skipmixin.py:178} INFO - Following branch tarea_fallida
[2024-04-25T21:26:37.708+0000] {skipmixin.py:246} INFO - Skipping tasks [('tarea_exitosa', -1)]
[2024-04-25T21:26:37.724+0000] {taskinstance.py:441} INFO - ::group::Post task execution logs
[2024-04-25T21:26:37.738+0000] {taskinstance.py:1205} INFO - Marking task as SUCCESS. dag_id=mi_dag, task_id=branch_task, execution_date=20240425T212634, start_date=20240425T212637, end_date=20240425T212637
[2024-04-25T21:26:37.791+0000] {local_task_job_runner.py:240} INFO - Task exited with return code 0
[2024-04-25T21:26:37.808+0000] {taskinstance.py:3482} INFO - 0 downstream tasks scheduled from follow-on schedule check
[2024-04-25T21:26:37.810+0000] {local_task_job_runner.py:222} INFO - ::endgroup::
