[2024-04-25T21:36:50.487+0000] {local_task_job_runner.py:120} INFO - ::group::Pre task execution logs
[2024-04-25T21:36:50.511+0000] {taskinstance.py:2073} INFO - Dependencies all met for dep_context=non-requeueable deps ti=<TaskInstance: mi_dag.branch_task manual__2024-04-25T21:26:34.912203+00:00 [queued]>
[2024-04-25T21:36:50.516+0000] {taskinstance.py:2073} INFO - Dependencies all met for dep_context=requeueable deps ti=<TaskInstance: mi_dag.branch_task manual__2024-04-25T21:26:34.912203+00:00 [queued]>
[2024-04-25T21:36:50.516+0000] {taskinstance.py:2303} INFO - Starting attempt 3 of 3
[2024-04-25T21:36:50.525+0000] {taskinstance.py:2327} INFO - Executing <Task(BranchPythonOperator): branch_task> on 2024-04-25 21:26:34.912203+00:00
[2024-04-25T21:36:50.532+0000] {logging_mixin.py:188} WARNING - /home/***/.local/lib/python3.12/site-packages/***/task/task_runner/standard_task_runner.py:61 DeprecationWarning: This process (pid=962) is multi-threaded, use of fork() may lead to deadlocks in the child.
[2024-04-25T21:36:50.533+0000] {standard_task_runner.py:63} INFO - Started process 963 to run task
[2024-04-25T21:36:50.532+0000] {standard_task_runner.py:90} INFO - Running: ['***', 'tasks', 'run', 'mi_dag', 'branch_task', 'manual__2024-04-25T21:26:34.912203+00:00', '--job-id', '120', '--raw', '--subdir', 'DAGS_FOLDER/air_quality/test.py', '--cfg-path', '/tmp/tmphskgv4jh']
[2024-04-25T21:36:50.533+0000] {standard_task_runner.py:91} INFO - Job 120: Subtask branch_task
[2024-04-25T21:36:50.566+0000] {task_command.py:426} INFO - Running <TaskInstance: mi_dag.branch_task manual__2024-04-25T21:26:34.912203+00:00 [running]> on host cf1d83d83b27
[2024-04-25T21:36:50.632+0000] {taskinstance.py:2644} INFO - Exporting env vars: AIRFLOW_CTX_DAG_OWNER='***' AIRFLOW_CTX_DAG_ID='mi_dag' AIRFLOW_CTX_TASK_ID='branch_task' AIRFLOW_CTX_EXECUTION_DATE='2024-04-25T21:26:34.912203+00:00' AIRFLOW_CTX_TRY_NUMBER='3' AIRFLOW_CTX_DAG_RUN_ID='manual__2024-04-25T21:26:34.912203+00:00'
[2024-04-25T21:36:50.633+0000] {taskinstance.py:430} INFO - ::endgroup::
[2024-04-25T21:36:50.643+0000] {baseoperator.py:399} WARNING - BranchPythonOperator.execute cannot be called outside TaskInstance!
[2024-04-25T21:36:50.650+0000] {python.py:237} INFO - Done. Returned value was: tarea_fallida
[2024-04-25T21:36:50.650+0000] {branch.py:36} INFO - Branch into tarea_fallida
[2024-04-25T21:36:50.650+0000] {skipmixin.py:178} INFO - Following branch tarea_fallida
[2024-04-25T21:36:50.664+0000] {skipmixin.py:246} INFO - Skipping tasks [('tarea_exitosa', -1)]
[2024-04-25T21:36:50.681+0000] {taskinstance.py:441} INFO - ::group::Post task execution logs
[2024-04-25T21:36:50.696+0000] {taskinstance.py:1205} INFO - Marking task as SUCCESS. dag_id=mi_dag, task_id=branch_task, execution_date=20240425T212634, start_date=20240425T213650, end_date=20240425T213650
[2024-04-25T21:36:50.746+0000] {local_task_job_runner.py:240} INFO - Task exited with return code 0
[2024-04-25T21:36:50.763+0000] {taskinstance.py:3482} INFO - 0 downstream tasks scheduled from follow-on schedule check
[2024-04-25T21:36:50.765+0000] {local_task_job_runner.py:222} INFO - ::endgroup::
