[2024-04-26T17:22:39.451+0000] {local_task_job_runner.py:120} INFO - ::group::Pre task execution logs
[2024-04-26T17:22:39.486+0000] {taskinstance.py:2073} INFO - Dependencies all met for dep_context=non-requeueable deps ti=<TaskInstance: air_quality_pipeline.pre_workflow backfill__2024-04-05T22:00:00+00:00 [queued]>
[2024-04-26T17:22:39.494+0000] {taskinstance.py:2073} INFO - Dependencies all met for dep_context=requeueable deps ti=<TaskInstance: air_quality_pipeline.pre_workflow backfill__2024-04-05T22:00:00+00:00 [queued]>
[2024-04-26T17:22:39.495+0000] {taskinstance.py:2303} INFO - Starting attempt 1 of 2
[2024-04-26T17:22:39.509+0000] {taskinstance.py:2327} INFO - Executing <Task(EmptyOperator): pre_workflow> on 2024-04-05 22:00:00+00:00
[2024-04-26T17:22:39.523+0000] {logging_mixin.py:188} WARNING - /home/***/.local/lib/python3.12/site-packages/***/task/task_runner/standard_task_runner.py:61 DeprecationWarning: This process (pid=782) is multi-threaded, use of fork() may lead to deadlocks in the child.
[2024-04-26T17:22:39.523+0000] {standard_task_runner.py:90} INFO - Running: ['***', 'tasks', 'run', 'air_quality_pipeline', 'pre_workflow', 'backfill__2024-04-05T22:00:00+00:00', '--job-id', '315', '--pool', 'default_pool', '--raw', '--subdir', 'DAGS_FOLDER/air_quality/air_quality_dag.py', '--cfg-path', '/tmp/tmp37ubx9_b']
[2024-04-26T17:22:39.525+0000] {standard_task_runner.py:91} INFO - Job 315: Subtask pre_workflow
[2024-04-26T17:22:39.525+0000] {standard_task_runner.py:63} INFO - Started process 797 to run task
[2024-04-26T17:22:39.576+0000] {task_command.py:426} INFO - Running <TaskInstance: air_quality_pipeline.pre_workflow backfill__2024-04-05T22:00:00+00:00 [running]> on host 4718ecf2379c
[2024-04-26T17:22:39.673+0000] {taskinstance.py:2644} INFO - Exporting env vars: AIRFLOW_CTX_DAG_OWNER='***' AIRFLOW_CTX_DAG_ID='air_quality_pipeline' AIRFLOW_CTX_TASK_ID='pre_workflow' AIRFLOW_CTX_EXECUTION_DATE='2024-04-05T22:00:00+00:00' AIRFLOW_CTX_TRY_NUMBER='1' AIRFLOW_CTX_DAG_RUN_ID='backfill__2024-04-05T22:00:00+00:00'
[2024-04-26T17:22:39.673+0000] {taskinstance.py:430} INFO - ::endgroup::
[2024-04-26T17:22:39.685+0000] {taskinstance.py:441} INFO - ::group::Post task execution logs
[2024-04-26T17:22:39.694+0000] {taskinstance.py:1205} INFO - Marking task as SUCCESS. dag_id=air_quality_pipeline, task_id=pre_workflow, execution_date=20240405T220000, start_date=20240426T172239, end_date=20240426T172239
[2024-04-26T17:22:39.742+0000] {local_task_job_runner.py:240} INFO - Task exited with return code 0
[2024-04-26T17:22:39.768+0000] {taskinstance.py:3482} INFO - 1 downstream tasks scheduled from follow-on schedule check
[2024-04-26T17:22:39.771+0000] {local_task_job_runner.py:222} INFO - ::endgroup::
[2024-04-26T17:44:50.400+0000] {local_task_job_runner.py:120} INFO - ::group::Pre task execution logs
[2024-04-26T17:44:50.429+0000] {taskinstance.py:2073} INFO - Dependencies all met for dep_context=non-requeueable deps ti=<TaskInstance: air_quality_pipeline.pre_workflow backfill__2024-04-05T22:00:00+00:00 [queued]>
[2024-04-26T17:44:50.436+0000] {taskinstance.py:2073} INFO - Dependencies all met for dep_context=requeueable deps ti=<TaskInstance: air_quality_pipeline.pre_workflow backfill__2024-04-05T22:00:00+00:00 [queued]>
[2024-04-26T17:44:50.436+0000] {taskinstance.py:2303} INFO - Starting attempt 1 of 2
[2024-04-26T17:44:50.448+0000] {taskinstance.py:2327} INFO - Executing <Task(EmptyOperator): pre_workflow> on 2024-04-05 22:00:00+00:00
[2024-04-26T17:44:50.460+0000] {logging_mixin.py:188} WARNING - /home/***/.local/lib/python3.12/site-packages/***/task/task_runner/standard_task_runner.py:61 DeprecationWarning: This process (pid=1862) is multi-threaded, use of fork() may lead to deadlocks in the child.
[2024-04-26T17:44:50.460+0000] {standard_task_runner.py:90} INFO - Running: ['***', 'tasks', 'run', 'air_quality_pipeline', 'pre_workflow', 'backfill__2024-04-05T22:00:00+00:00', '--job-id', '407', '--pool', 'default_pool', '--raw', '--subdir', 'DAGS_FOLDER/air_quality/air_quality_dag.py', '--cfg-path', '/tmp/tmpnng47stq']
[2024-04-26T17:44:50.461+0000] {standard_task_runner.py:63} INFO - Started process 1863 to run task
[2024-04-26T17:44:50.461+0000] {standard_task_runner.py:91} INFO - Job 407: Subtask pre_workflow
[2024-04-26T17:44:50.492+0000] {task_command.py:426} INFO - Running <TaskInstance: air_quality_pipeline.pre_workflow backfill__2024-04-05T22:00:00+00:00 [running]> on host 4718ecf2379c
[2024-04-26T17:44:50.556+0000] {taskinstance.py:2644} INFO - Exporting env vars: AIRFLOW_CTX_DAG_OWNER='***' AIRFLOW_CTX_DAG_ID='air_quality_pipeline' AIRFLOW_CTX_TASK_ID='pre_workflow' AIRFLOW_CTX_EXECUTION_DATE='2024-04-05T22:00:00+00:00' AIRFLOW_CTX_TRY_NUMBER='1' AIRFLOW_CTX_DAG_RUN_ID='backfill__2024-04-05T22:00:00+00:00'
[2024-04-26T17:44:50.557+0000] {taskinstance.py:430} INFO - ::endgroup::
[2024-04-26T17:44:50.566+0000] {taskinstance.py:441} INFO - ::group::Post task execution logs
[2024-04-26T17:44:50.573+0000] {taskinstance.py:1205} INFO - Marking task as SUCCESS. dag_id=air_quality_pipeline, task_id=pre_workflow, execution_date=20240405T220000, start_date=20240426T174450, end_date=20240426T174450
[2024-04-26T17:44:50.594+0000] {local_task_job_runner.py:240} INFO - Task exited with return code 0
[2024-04-26T17:44:50.615+0000] {taskinstance.py:3482} INFO - 1 downstream tasks scheduled from follow-on schedule check
[2024-04-26T17:44:50.617+0000] {local_task_job_runner.py:222} INFO - ::endgroup::
