[2024-04-24T00:07:37.693+0000] {local_task_job_runner.py:120} INFO - ::group::Pre task execution logs
[2024-04-24T00:07:37.716+0000] {taskinstance.py:2073} INFO - Dependencies all met for dep_context=non-requeueable deps ti=<TaskInstance: pipeline.extract manual__2024-04-24T00:07:36.253792+00:00 [queued]>
[2024-04-24T00:07:37.843+0000] {taskinstance.py:2073} INFO - Dependencies all met for dep_context=requeueable deps ti=<TaskInstance: pipeline.extract manual__2024-04-24T00:07:36.253792+00:00 [queued]>
[2024-04-24T00:07:37.844+0000] {taskinstance.py:2303} INFO - Starting attempt 1 of 1
[2024-04-24T00:07:37.853+0000] {taskinstance.py:2327} INFO - Executing <Task(PythonOperator): extract> on 2024-04-24 00:07:36.253792+00:00
[2024-04-24T00:07:37.862+0000] {standard_task_runner.py:90} INFO - Running: ['***', 'tasks', 'run', 'pipeline', 'extract', 'manual__2024-04-24T00:07:36.253792+00:00', '--job-id', '74', '--raw', '--subdir', 'DAGS_FOLDER/air_quality/air_quality_dag.py', '--cfg-path', '/tmp/tmp3qo_lbcc']
[2024-04-24T00:07:37.864+0000] {standard_task_runner.py:91} INFO - Job 74: Subtask extract
[2024-04-24T00:07:37.864+0000] {logging_mixin.py:188} WARNING - /home/***/.local/lib/python3.12/site-packages/***/task/task_runner/standard_task_runner.py:61 DeprecationWarning: This process (pid=1713) is multi-threaded, use of fork() may lead to deadlocks in the child.
[2024-04-24T00:07:37.865+0000] {standard_task_runner.py:63} INFO - Started process 1715 to run task
[2024-04-24T00:07:37.898+0000] {task_command.py:426} INFO - Running <TaskInstance: pipeline.extract manual__2024-04-24T00:07:36.253792+00:00 [running]> on host 8e318e51dc55
[2024-04-24T00:07:37.962+0000] {taskinstance.py:2644} INFO - Exporting env vars: AIRFLOW_CTX_DAG_OWNER='***' AIRFLOW_CTX_DAG_ID='pipeline' AIRFLOW_CTX_TASK_ID='extract' AIRFLOW_CTX_EXECUTION_DATE='2024-04-24T00:07:36.253792+00:00' AIRFLOW_CTX_TRY_NUMBER='1' AIRFLOW_CTX_DAG_RUN_ID='manual__2024-04-24T00:07:36.253792+00:00'
[2024-04-24T00:07:37.963+0000] {taskinstance.py:430} INFO - ::endgroup::
[2024-04-24T00:07:37.974+0000] {LocationConnector.py:66} INFO - Extracting data for: Guadalajara
[2024-04-24T00:07:39.368+0000] {LocationConnector.py:66} INFO - Extracting data for: Monterrey
[2024-04-24T00:07:40.799+0000] {LocationConnector.py:66} INFO - Extracting data for: Mexico City
[2024-04-24T00:07:42.211+0000] {LocationConnector.py:66} INFO - Extracting data for: Puebla
[2024-04-24T00:07:44.643+0000] {LocationConnector.py:66} INFO - Extracting data for: Aguascalientes
[2024-04-24T00:07:48.073+0000] {LocationConnector.py:66} INFO - Extracting data for: Merida
[2024-04-24T00:07:49.459+0000] {LocationConnector.py:66} INFO - Extracting data for: Toluca
[2024-04-24T00:07:52.885+0000] {LocationConnector.py:66} INFO - Extracting data for: Durango
[2024-04-24T00:07:54.283+0000] {LocationConnector.py:66} INFO - Extracting data for: Chihuahua
[2024-04-24T00:07:55.710+0000] {LocationConnector.py:66} INFO - Extracting data for: San luis Potosi
[2024-04-24T00:07:57.120+0000] {LocationConnector.py:66} INFO - Extracting data for: Leon
[2024-04-24T00:08:00.547+0000] {LocationConnector.py:66} INFO - Extracting data for: Buenos Aires
[2024-04-24T00:08:01.959+0000] {LocationConnector.py:66} INFO - Extracting data for: Medellin
[2024-04-24T00:08:03.367+0000] {LocationConnector.py:78} INFO - Data extracted - Shape: (13, 12)
[2024-04-24T00:08:37.702+0000] {AirQualityConnector.py:93} INFO - Extracted air quality data: (312, 11)
[2024-04-24T00:08:37.702+0000] {python.py:237} INFO - Done. Returned value was: None
[2024-04-24T00:08:37.702+0000] {taskinstance.py:441} INFO - ::group::Post task execution logs
[2024-04-24T00:08:37.711+0000] {taskinstance.py:1205} INFO - Marking task as SUCCESS. dag_id=pipeline, task_id=extract, execution_date=20240424T000736, start_date=20240424T000737, end_date=20240424T000837
[2024-04-24T00:08:37.742+0000] {local_task_job_runner.py:240} INFO - Task exited with return code 0
[2024-04-24T00:08:37.767+0000] {taskinstance.py:3482} INFO - 1 downstream tasks scheduled from follow-on schedule check
[2024-04-24T00:08:37.769+0000] {local_task_job_runner.py:222} INFO - ::endgroup::
