[2024-04-23T15:54:14.739+0000] {local_task_job_runner.py:120} INFO - ::group::Pre task execution logs
[2024-04-23T15:54:14.760+0000] {taskinstance.py:2073} INFO - Dependencies all met for dep_context=non-requeueable deps ti=<TaskInstance: pipeline.extract manual__2024-04-23T15:51:25.785708+00:00 [queued]>
[2024-04-23T15:54:14.882+0000] {taskinstance.py:2073} INFO - Dependencies all met for dep_context=requeueable deps ti=<TaskInstance: pipeline.extract manual__2024-04-23T15:51:25.785708+00:00 [queued]>
[2024-04-23T15:54:14.882+0000] {taskinstance.py:2303} INFO - Starting attempt 2 of 2
[2024-04-23T15:54:14.890+0000] {taskinstance.py:2327} INFO - Executing <Task(PythonOperator): extract> on 2024-04-23 15:51:25.785708+00:00
[2024-04-23T15:54:14.898+0000] {standard_task_runner.py:90} INFO - Running: ['***', 'tasks', 'run', 'pipeline', 'extract', 'manual__2024-04-23T15:51:25.785708+00:00', '--job-id', '34', '--raw', '--subdir', 'DAGS_FOLDER/air_quality/air_quality_dag.py', '--cfg-path', '/tmp/tmp881vm2kp']
[2024-04-23T15:54:14.899+0000] {standard_task_runner.py:91} INFO - Job 34: Subtask extract
[2024-04-23T15:54:14.900+0000] {logging_mixin.py:188} WARNING - /home/***/.local/lib/python3.12/site-packages/***/task/task_runner/standard_task_runner.py:61 DeprecationWarning: This process (pid=253) is multi-threaded, use of fork() may lead to deadlocks in the child.
[2024-04-23T15:54:14.900+0000] {standard_task_runner.py:63} INFO - Started process 255 to run task
[2024-04-23T15:54:14.932+0000] {task_command.py:426} INFO - Running <TaskInstance: pipeline.extract manual__2024-04-23T15:51:25.785708+00:00 [running]> on host 1b9b58bb0dc3
[2024-04-23T15:54:14.993+0000] {taskinstance.py:2644} INFO - Exporting env vars: AIRFLOW_CTX_DAG_OWNER='***' AIRFLOW_CTX_DAG_ID='pipeline' AIRFLOW_CTX_TASK_ID='extract' AIRFLOW_CTX_EXECUTION_DATE='2024-04-23T15:51:25.785708+00:00' AIRFLOW_CTX_TRY_NUMBER='2' AIRFLOW_CTX_DAG_RUN_ID='manual__2024-04-23T15:51:25.785708+00:00'
[2024-04-23T15:54:14.994+0000] {taskinstance.py:430} INFO - ::endgroup::
[2024-04-23T15:54:15.006+0000] {ConnectorCountrys.py:71} INFO - Extracting data for: Guadalajara
[2024-04-23T15:54:18.433+0000] {ConnectorCountrys.py:71} INFO - Extracting data for: Monterrey
[2024-04-23T15:54:21.849+0000] {ConnectorCountrys.py:71} INFO - Extracting data for: Mexico City
[2024-04-23T15:54:23.254+0000] {ConnectorCountrys.py:71} INFO - Extracting data for: Puebla
[2024-04-23T15:54:26.646+0000] {ConnectorCountrys.py:71} INFO - Extracting data for: Aguascalientes
[2024-04-23T15:54:28.035+0000] {ConnectorCountrys.py:81} INFO - Data extracted - Shape: (5, 12)
[2024-04-23T15:54:40.527+0000] {ConnectorAirQuality.py:57} INFO - Datos del calidad del aire extraidos: (65, 12)
[2024-04-23T15:54:40.528+0000] {python.py:237} INFO - Done. Returned value was: None
[2024-04-23T15:54:40.528+0000] {taskinstance.py:441} INFO - ::group::Post task execution logs
[2024-04-23T15:54:40.538+0000] {taskinstance.py:1205} INFO - Marking task as SUCCESS. dag_id=pipeline, task_id=extract, execution_date=20240423T155125, start_date=20240423T155414, end_date=20240423T155440
[2024-04-23T15:54:40.582+0000] {local_task_job_runner.py:240} INFO - Task exited with return code 0
[2024-04-23T15:54:40.597+0000] {taskinstance.py:3482} INFO - 1 downstream tasks scheduled from follow-on schedule check
[2024-04-23T15:54:40.598+0000] {local_task_job_runner.py:222} INFO - ::endgroup::
