[2024-04-26T00:11:53.141+0000] {local_task_job_runner.py:120} INFO - ::group::Pre task execution logs
[2024-04-26T00:11:53.162+0000] {taskinstance.py:2073} INFO - Dependencies all met for dep_context=non-requeueable deps ti=<TaskInstance: pipeline.etl.extract manual__2024-04-26T00:08:34.050008+00:00 [queued]>
[2024-04-26T00:11:53.285+0000] {taskinstance.py:2073} INFO - Dependencies all met for dep_context=requeueable deps ti=<TaskInstance: pipeline.etl.extract manual__2024-04-26T00:08:34.050008+00:00 [queued]>
[2024-04-26T00:11:53.286+0000] {taskinstance.py:2303} INFO - Starting attempt 2 of 2
[2024-04-26T00:11:53.293+0000] {taskinstance.py:2327} INFO - Executing <Task(PythonOperator): etl.extract> on 2024-04-26 00:08:34.050008+00:00
[2024-04-26T00:11:53.301+0000] {logging_mixin.py:188} WARNING - /home/***/.local/lib/python3.12/site-packages/***/task/task_runner/standard_task_runner.py:61 DeprecationWarning: This process (pid=6694) is multi-threaded, use of fork() may lead to deadlocks in the child.
[2024-04-26T00:11:53.302+0000] {standard_task_runner.py:63} INFO - Started process 6696 to run task
[2024-04-26T00:11:53.302+0000] {standard_task_runner.py:90} INFO - Running: ['***', 'tasks', 'run', 'pipeline', 'etl.extract', 'manual__2024-04-26T00:08:34.050008+00:00', '--job-id', '275', '--raw', '--subdir', 'DAGS_FOLDER/air_quality/air_quality_dag.py', '--cfg-path', '/tmp/tmpiy69386c']
[2024-04-26T00:11:53.304+0000] {standard_task_runner.py:91} INFO - Job 275: Subtask etl.extract
[2024-04-26T00:11:53.335+0000] {task_command.py:426} INFO - Running <TaskInstance: pipeline.etl.extract manual__2024-04-26T00:08:34.050008+00:00 [running]> on host cf1d83d83b27
[2024-04-26T00:11:53.397+0000] {taskinstance.py:2644} INFO - Exporting env vars: AIRFLOW_CTX_DAG_OWNER='***' AIRFLOW_CTX_DAG_ID='pipeline' AIRFLOW_CTX_TASK_ID='etl.extract' AIRFLOW_CTX_EXECUTION_DATE='2024-04-26T00:08:34.050008+00:00' AIRFLOW_CTX_TRY_NUMBER='2' AIRFLOW_CTX_DAG_RUN_ID='manual__2024-04-26T00:08:34.050008+00:00'
[2024-04-26T00:11:53.398+0000] {taskinstance.py:430} INFO - ::endgroup::
[2024-04-26T00:11:53.408+0000] {LocationConnector.py:66} INFO - Extracting data for: Guadalajara
[2024-04-26T00:11:56.933+0000] {LocationConnector.py:78} INFO - Data extracted - Shape: (1, 12)
[2024-04-26T00:11:59.451+0000] {AirQualityConnector.py:93} INFO - Extracted air quality data: (24, 11)
[2024-04-26T00:11:59.460+0000] {python.py:237} INFO - Done. Returned value was: None
[2024-04-26T00:11:59.461+0000] {taskinstance.py:441} INFO - ::group::Post task execution logs
[2024-04-26T00:11:59.467+0000] {taskinstance.py:1205} INFO - Marking task as SUCCESS. dag_id=pipeline, task_id=etl.extract, execution_date=20240426T000834, start_date=20240426T001153, end_date=20240426T001159
[2024-04-26T00:11:59.517+0000] {local_task_job_runner.py:240} INFO - Task exited with return code 0
[2024-04-26T00:11:59.533+0000] {taskinstance.py:3482} INFO - 1 downstream tasks scheduled from follow-on schedule check
[2024-04-26T00:11:59.534+0000] {local_task_job_runner.py:222} INFO - ::endgroup::
