[2024-04-22T18:13:07.192+0000] {local_task_job_runner.py:120} INFO - ::group::Pre task execution logs
[2024-04-22T18:13:07.216+0000] {taskinstance.py:2073} INFO - Dependencies all met for dep_context=non-requeueable deps ti=<TaskInstance: pipeline.extract manual__2024-04-22T18:13:05.548177+00:00 [queued]>
[2024-04-22T18:13:07.346+0000] {taskinstance.py:2073} INFO - Dependencies all met for dep_context=requeueable deps ti=<TaskInstance: pipeline.extract manual__2024-04-22T18:13:05.548177+00:00 [queued]>
[2024-04-22T18:13:07.346+0000] {taskinstance.py:2303} INFO - Starting attempt 1 of 1
[2024-04-22T18:13:07.355+0000] {taskinstance.py:2327} INFO - Executing <Task(PythonOperator): extract> on 2024-04-22 18:13:05.548177+00:00
[2024-04-22T18:13:07.364+0000] {standard_task_runner.py:90} INFO - Running: ['***', 'tasks', 'run', 'pipeline', 'extract', 'manual__2024-04-22T18:13:05.548177+00:00', '--job-id', '11', '--raw', '--subdir', 'DAGS_FOLDER/air_quality/air_quality_dag.py', '--cfg-path', '/tmp/tmpyjs2xobg']
[2024-04-22T18:13:07.366+0000] {standard_task_runner.py:91} INFO - Job 11: Subtask extract
[2024-04-22T18:13:07.366+0000] {logging_mixin.py:188} WARNING - /home/***/.local/lib/python3.12/site-packages/***/task/task_runner/standard_task_runner.py:61 DeprecationWarning: This process (pid=764) is multi-threaded, use of fork() may lead to deadlocks in the child.
[2024-04-22T18:13:07.367+0000] {standard_task_runner.py:63} INFO - Started process 766 to run task
[2024-04-22T18:13:07.396+0000] {task_command.py:426} INFO - Running <TaskInstance: pipeline.extract manual__2024-04-22T18:13:05.548177+00:00 [running]> on host b14852dd6242
[2024-04-22T18:13:07.455+0000] {taskinstance.py:2644} INFO - Exporting env vars: AIRFLOW_CTX_DAG_OWNER='***' AIRFLOW_CTX_DAG_ID='pipeline' AIRFLOW_CTX_TASK_ID='extract' AIRFLOW_CTX_EXECUTION_DATE='2024-04-22T18:13:05.548177+00:00' AIRFLOW_CTX_TRY_NUMBER='1' AIRFLOW_CTX_DAG_RUN_ID='manual__2024-04-22T18:13:05.548177+00:00'
[2024-04-22T18:13:07.456+0000] {taskinstance.py:430} INFO - ::endgroup::
[2024-04-22T18:13:07.467+0000] {ConnectorCountrys.py:71} INFO - Extracting data for: Guadalajara
[2024-04-22T18:13:11.013+0000] {ConnectorCountrys.py:71} INFO - Extracting data for: Monterrey
[2024-04-22T18:13:14.527+0000] {ConnectorCountrys.py:71} INFO - Extracting data for: Mexico City
[2024-04-22T18:13:16.003+0000] {ConnectorCountrys.py:71} INFO - Extracting data for: Puebla
[2024-04-22T18:13:17.498+0000] {ConnectorCountrys.py:71} INFO - Extracting data for: Aguascalientes
[2024-04-22T18:13:18.980+0000] {ConnectorCountrys.py:81} INFO - Data extracted - Shape: (5, 12)
[2024-04-22T18:13:31.589+0000] {ConnectorAirQuality.py:54} INFO - Datos del calidad del aire extraidos: (20, 11)
[2024-04-22T18:13:31.590+0000] {python.py:237} INFO - Done. Returned value was: None
[2024-04-22T18:13:31.590+0000] {taskinstance.py:441} INFO - ::group::Post task execution logs
[2024-04-22T18:13:31.600+0000] {taskinstance.py:1205} INFO - Marking task as SUCCESS. dag_id=pipeline, task_id=extract, execution_date=20240422T181305, start_date=20240422T181307, end_date=20240422T181331
[2024-04-22T18:13:31.620+0000] {local_task_job_runner.py:240} INFO - Task exited with return code 0
[2024-04-22T18:13:31.632+0000] {taskinstance.py:3482} INFO - 1 downstream tasks scheduled from follow-on schedule check
[2024-04-22T18:13:31.634+0000] {local_task_job_runner.py:222} INFO - ::endgroup::
