[2024-04-25T23:33:04.723+0000] {local_task_job_runner.py:120} INFO - ::group::Pre task execution logs
[2024-04-25T23:33:04.746+0000] {taskinstance.py:2073} INFO - Dependencies all met for dep_context=non-requeueable deps ti=<TaskInstance: pipeline.etl.transform manual__2024-04-25T22:52:20.828871+00:00 [queued]>
[2024-04-25T23:33:04.871+0000] {taskinstance.py:2073} INFO - Dependencies all met for dep_context=requeueable deps ti=<TaskInstance: pipeline.etl.transform manual__2024-04-25T22:52:20.828871+00:00 [queued]>
[2024-04-25T23:33:04.872+0000] {taskinstance.py:2303} INFO - Starting attempt 5 of 5
[2024-04-25T23:33:04.881+0000] {taskinstance.py:2327} INFO - Executing <Task(PythonOperator): etl.transform> on 2024-04-25 22:52:20.828871+00:00
[2024-04-25T23:33:04.890+0000] {logging_mixin.py:188} WARNING - /home/***/.local/lib/python3.12/site-packages/***/task/task_runner/standard_task_runner.py:61 DeprecationWarning: This process (pid=5219) is multi-threaded, use of fork() may lead to deadlocks in the child.
[2024-04-25T23:33:04.890+0000] {standard_task_runner.py:63} INFO - Started process 5221 to run task
[2024-04-25T23:33:04.891+0000] {standard_task_runner.py:90} INFO - Running: ['***', 'tasks', 'run', 'pipeline', 'etl.transform', 'manual__2024-04-25T22:52:20.828871+00:00', '--job-id', '217', '--raw', '--subdir', 'DAGS_FOLDER/air_quality/air_quality_dag.py', '--cfg-path', '/tmp/tmpxfxrz_lr']
[2024-04-25T23:33:04.892+0000] {standard_task_runner.py:91} INFO - Job 217: Subtask etl.transform
[2024-04-25T23:33:04.927+0000] {task_command.py:426} INFO - Running <TaskInstance: pipeline.etl.transform manual__2024-04-25T22:52:20.828871+00:00 [running]> on host cf1d83d83b27
[2024-04-25T23:33:04.988+0000] {taskinstance.py:2644} INFO - Exporting env vars: AIRFLOW_CTX_DAG_OWNER='***' AIRFLOW_CTX_DAG_ID='pipeline' AIRFLOW_CTX_TASK_ID='etl.transform' AIRFLOW_CTX_EXECUTION_DATE='2024-04-25T22:52:20.828871+00:00' AIRFLOW_CTX_TRY_NUMBER='5' AIRFLOW_CTX_DAG_RUN_ID='manual__2024-04-25T22:52:20.828871+00:00'
[2024-04-25T23:33:04.988+0000] {taskinstance.py:430} INFO - ::endgroup::
[2024-04-25T23:33:05.006+0000] {LocationConnector.py:93} INFO - (1, 12)
[2024-04-25T23:33:05.011+0000] {AirQualityConnector.py:107} INFO - (24, 11)
[2024-04-25T23:33:05.015+0000] {python.py:237} INFO - Done. Returned value was: success
[2024-04-25T23:33:05.016+0000] {taskinstance.py:441} INFO - ::group::Post task execution logs
[2024-04-25T23:33:05.031+0000] {taskinstance.py:1205} INFO - Marking task as SUCCESS. dag_id=pipeline, task_id=etl.transform, execution_date=20240425T225220, start_date=20240425T233304, end_date=20240425T233305
[2024-04-25T23:33:05.063+0000] {local_task_job_runner.py:240} INFO - Task exited with return code 0
[2024-04-25T23:33:05.079+0000] {taskinstance.py:3482} INFO - 1 downstream tasks scheduled from follow-on schedule check
[2024-04-25T23:33:05.080+0000] {local_task_job_runner.py:222} INFO - ::endgroup::
