[2024-04-25T23:25:45.256+0000] {local_task_job_runner.py:120} INFO - ::group::Pre task execution logs
[2024-04-25T23:25:45.278+0000] {taskinstance.py:2073} INFO - Dependencies all met for dep_context=non-requeueable deps ti=<TaskInstance: pipeline.etl.transform manual__2024-04-25T22:52:20.828871+00:00 [queued]>
[2024-04-25T23:25:45.405+0000] {taskinstance.py:2073} INFO - Dependencies all met for dep_context=requeueable deps ti=<TaskInstance: pipeline.etl.transform manual__2024-04-25T22:52:20.828871+00:00 [queued]>
[2024-04-25T23:25:45.405+0000] {taskinstance.py:2303} INFO - Starting attempt 3 of 3
[2024-04-25T23:25:45.415+0000] {taskinstance.py:2327} INFO - Executing <Task(PythonOperator): etl.transform> on 2024-04-25 22:52:20.828871+00:00
[2024-04-25T23:25:45.423+0000] {logging_mixin.py:188} WARNING - /home/***/.local/lib/python3.12/site-packages/***/task/task_runner/standard_task_runner.py:61 DeprecationWarning: This process (pid=4950) is multi-threaded, use of fork() may lead to deadlocks in the child.
[2024-04-25T23:25:45.424+0000] {standard_task_runner.py:63} INFO - Started process 4952 to run task
[2024-04-25T23:25:45.424+0000] {standard_task_runner.py:90} INFO - Running: ['***', 'tasks', 'run', 'pipeline', 'etl.transform', 'manual__2024-04-25T22:52:20.828871+00:00', '--job-id', '209', '--raw', '--subdir', 'DAGS_FOLDER/air_quality/air_quality_dag.py', '--cfg-path', '/tmp/tmpln5n16i5']
[2024-04-25T23:25:45.426+0000] {standard_task_runner.py:91} INFO - Job 209: Subtask etl.transform
[2024-04-25T23:25:45.456+0000] {task_command.py:426} INFO - Running <TaskInstance: pipeline.etl.transform manual__2024-04-25T22:52:20.828871+00:00 [running]> on host cf1d83d83b27
[2024-04-25T23:25:45.515+0000] {taskinstance.py:2644} INFO - Exporting env vars: AIRFLOW_CTX_DAG_OWNER='***' AIRFLOW_CTX_DAG_ID='pipeline' AIRFLOW_CTX_TASK_ID='etl.transform' AIRFLOW_CTX_EXECUTION_DATE='2024-04-25T22:52:20.828871+00:00' AIRFLOW_CTX_TRY_NUMBER='3' AIRFLOW_CTX_DAG_RUN_ID='manual__2024-04-25T22:52:20.828871+00:00'
[2024-04-25T23:25:45.516+0000] {taskinstance.py:430} INFO - ::endgroup::
[2024-04-25T23:25:45.534+0000] {LocationConnector.py:93} INFO - (1, 12)
[2024-04-25T23:25:45.538+0000] {AirQualityConnector.py:107} INFO - (24, 11)
[2024-04-25T23:25:45.551+0000] {python.py:237} INFO - Done. Returned value was: None
[2024-04-25T23:25:45.551+0000] {taskinstance.py:441} INFO - ::group::Post task execution logs
[2024-04-25T23:25:45.558+0000] {taskinstance.py:1205} INFO - Marking task as SUCCESS. dag_id=pipeline, task_id=etl.transform, execution_date=20240425T225220, start_date=20240425T232545, end_date=20240425T232545
[2024-04-25T23:25:45.597+0000] {local_task_job_runner.py:240} INFO - Task exited with return code 0
[2024-04-25T23:25:45.613+0000] {taskinstance.py:3482} INFO - 1 downstream tasks scheduled from follow-on schedule check
[2024-04-25T23:25:45.614+0000] {local_task_job_runner.py:222} INFO - ::endgroup::
