[2024-04-25T23:23:59.575+0000] {local_task_job_runner.py:120} INFO - ::group::Pre task execution logs
[2024-04-25T23:23:59.599+0000] {taskinstance.py:2073} INFO - Dependencies all met for dep_context=non-requeueable deps ti=<TaskInstance: pipeline.etl.transform manual__2024-04-25T22:52:20.828871+00:00 [queued]>
[2024-04-25T23:23:59.727+0000] {taskinstance.py:2073} INFO - Dependencies all met for dep_context=requeueable deps ti=<TaskInstance: pipeline.etl.transform manual__2024-04-25T22:52:20.828871+00:00 [queued]>
[2024-04-25T23:23:59.727+0000] {taskinstance.py:2303} INFO - Starting attempt 2 of 2
[2024-04-25T23:23:59.735+0000] {taskinstance.py:2327} INFO - Executing <Task(PythonOperator): etl.transform> on 2024-04-25 22:52:20.828871+00:00
[2024-04-25T23:23:59.743+0000] {logging_mixin.py:188} WARNING - /home/***/.local/lib/python3.12/site-packages/***/task/task_runner/standard_task_runner.py:61 DeprecationWarning: This process (pid=4885) is multi-threaded, use of fork() may lead to deadlocks in the child.
[2024-04-25T23:23:59.744+0000] {standard_task_runner.py:63} INFO - Started process 4887 to run task
[2024-04-25T23:23:59.745+0000] {standard_task_runner.py:90} INFO - Running: ['***', 'tasks', 'run', 'pipeline', 'etl.transform', 'manual__2024-04-25T22:52:20.828871+00:00', '--job-id', '206', '--raw', '--subdir', 'DAGS_FOLDER/air_quality/air_quality_dag.py', '--cfg-path', '/tmp/tmp7igo2kvy']
[2024-04-25T23:23:59.747+0000] {standard_task_runner.py:91} INFO - Job 206: Subtask etl.transform
[2024-04-25T23:23:59.780+0000] {task_command.py:426} INFO - Running <TaskInstance: pipeline.etl.transform manual__2024-04-25T22:52:20.828871+00:00 [running]> on host cf1d83d83b27
[2024-04-25T23:23:59.838+0000] {taskinstance.py:2644} INFO - Exporting env vars: AIRFLOW_CTX_DAG_OWNER='***' AIRFLOW_CTX_DAG_ID='pipeline' AIRFLOW_CTX_TASK_ID='etl.transform' AIRFLOW_CTX_EXECUTION_DATE='2024-04-25T22:52:20.828871+00:00' AIRFLOW_CTX_TRY_NUMBER='2' AIRFLOW_CTX_DAG_RUN_ID='manual__2024-04-25T22:52:20.828871+00:00'
[2024-04-25T23:23:59.839+0000] {taskinstance.py:430} INFO - ::endgroup::
[2024-04-25T23:23:59.849+0000] {taskinstance.py:441} INFO - ::group::Post task execution logs
[2024-04-25T23:23:59.849+0000] {taskinstance.py:2890} ERROR - Task failed with exception
Traceback (most recent call last):
  File "/home/airflow/.local/lib/python3.12/site-packages/airflow/models/taskinstance.py", line 465, in _execute_task
    result = _execute_callable(context=context, **execute_callable_kwargs)
             ^^^^^^^^^^^^^^^^^^^^^^^^^^^^^^^^^^^^^^^^^^^^^^^^^^^^^^^^^^^^^
  File "/home/airflow/.local/lib/python3.12/site-packages/airflow/models/taskinstance.py", line 432, in _execute_callable
    return execute_callable(context=context, **execute_callable_kwargs)
           ^^^^^^^^^^^^^^^^^^^^^^^^^^^^^^^^^^^^^^^^^^^^^^^^^^^^^^^^^^^^
  File "/home/airflow/.local/lib/python3.12/site-packages/airflow/models/baseoperator.py", line 400, in wrapper
    return func(self, *args, **kwargs)
           ^^^^^^^^^^^^^^^^^^^^^^^^^^^
  File "/home/airflow/.local/lib/python3.12/site-packages/airflow/operators/python.py", line 235, in execute
    return_value = self.execute_callable()
                   ^^^^^^^^^^^^^^^^^^^^^^^
  File "/home/airflow/.local/lib/python3.12/site-packages/airflow/operators/python.py", line 252, in execute_callable
    return self.python_callable(*self.op_args, **self.op_kwargs)
           ^^^^^^^^^^^^^^^^^^^^^^^^^^^^^^^^^^^^^^^^^^^^^^^^^^^^^
  File "/opt/airflow/dags/air_quality/tasks.py", line 39, in transform
    df_location_transformed = location_connector.transform_location()
                              ^^^^^^^^^^^^^^^^^^^^^^^^^^^^^^^^^^^^^^^
  File "/opt/airflow/src/LocationConnector.py", line 92, in transform_location
    df = pd.read_json("laocation_data.json")
         ^^^^^^^^^^^^^^^^^^^^^^^^^^^^^^^^^^^
  File "/home/airflow/.local/lib/python3.12/site-packages/pandas/io/json/_json.py", line 780, in read_json
    json_reader = JsonReader(
                  ^^^^^^^^^^^
  File "/home/airflow/.local/lib/python3.12/site-packages/pandas/io/json/_json.py", line 893, in __init__
    data = self._get_data_from_filepath(filepath_or_buffer)
           ^^^^^^^^^^^^^^^^^^^^^^^^^^^^^^^^^^^^^^^^^^^^^^^^
  File "/home/airflow/.local/lib/python3.12/site-packages/pandas/io/json/_json.py", line 949, in _get_data_from_filepath
    raise FileNotFoundError(f"File {filepath_or_buffer} does not exist")
FileNotFoundError: File laocation_data.json does not exist
[2024-04-25T23:23:59.856+0000] {taskinstance.py:1205} INFO - Marking task as FAILED. dag_id=pipeline, task_id=etl.transform, execution_date=20240425T225220, start_date=20240425T232359, end_date=20240425T232359
[2024-04-25T23:23:59.862+0000] {standard_task_runner.py:110} ERROR - Failed to execute job 206 for task etl.transform (File laocation_data.json does not exist; 4887)
[2024-04-25T23:23:59.877+0000] {local_task_job_runner.py:240} INFO - Task exited with return code 1
[2024-04-25T23:23:59.892+0000] {taskinstance.py:3482} INFO - 0 downstream tasks scheduled from follow-on schedule check
[2024-04-25T23:23:59.895+0000] {local_task_job_runner.py:222} INFO - ::endgroup::
