[2024-04-25T23:26:34.580+0000] {local_task_job_runner.py:120} INFO - ::group::Pre task execution logs
[2024-04-25T23:26:34.601+0000] {taskinstance.py:2073} INFO - Dependencies all met for dep_context=non-requeueable deps ti=<TaskInstance: pipeline.etl.transform manual__2024-04-25T22:52:20.828871+00:00 [queued]>
[2024-04-25T23:26:34.725+0000] {taskinstance.py:2073} INFO - Dependencies all met for dep_context=requeueable deps ti=<TaskInstance: pipeline.etl.transform manual__2024-04-25T22:52:20.828871+00:00 [queued]>
[2024-04-25T23:26:34.726+0000] {taskinstance.py:2303} INFO - Starting attempt 4 of 4
[2024-04-25T23:26:34.735+0000] {taskinstance.py:2327} INFO - Executing <Task(PythonOperator): etl.transform> on 2024-04-25 22:52:20.828871+00:00
[2024-04-25T23:26:34.743+0000] {logging_mixin.py:188} WARNING - /home/***/.local/lib/python3.12/site-packages/***/task/task_runner/standard_task_runner.py:61 DeprecationWarning: This process (pid=4991) is multi-threaded, use of fork() may lead to deadlocks in the child.
[2024-04-25T23:26:34.744+0000] {standard_task_runner.py:63} INFO - Started process 4993 to run task
[2024-04-25T23:26:34.744+0000] {standard_task_runner.py:90} INFO - Running: ['***', 'tasks', 'run', 'pipeline', 'etl.transform', 'manual__2024-04-25T22:52:20.828871+00:00', '--job-id', '213', '--raw', '--subdir', 'DAGS_FOLDER/air_quality/air_quality_dag.py', '--cfg-path', '/tmp/tmpple8j_ql']
[2024-04-25T23:26:34.745+0000] {standard_task_runner.py:91} INFO - Job 213: Subtask etl.transform
[2024-04-25T23:26:34.776+0000] {task_command.py:426} INFO - Running <TaskInstance: pipeline.etl.transform manual__2024-04-25T22:52:20.828871+00:00 [running]> on host cf1d83d83b27
[2024-04-25T23:26:34.837+0000] {taskinstance.py:2644} INFO - Exporting env vars: AIRFLOW_CTX_DAG_OWNER='***' AIRFLOW_CTX_DAG_ID='pipeline' AIRFLOW_CTX_TASK_ID='etl.transform' AIRFLOW_CTX_EXECUTION_DATE='2024-04-25T22:52:20.828871+00:00' AIRFLOW_CTX_TRY_NUMBER='4' AIRFLOW_CTX_DAG_RUN_ID='manual__2024-04-25T22:52:20.828871+00:00'
[2024-04-25T23:26:34.838+0000] {taskinstance.py:430} INFO - ::endgroup::
[2024-04-25T23:26:34.856+0000] {LocationConnector.py:93} INFO - (1, 12)
[2024-04-25T23:26:34.861+0000] {AirQualityConnector.py:107} INFO - (24, 11)
[2024-04-25T23:26:34.874+0000] {python.py:237} INFO - Done. Returned value was: None
[2024-04-25T23:26:34.874+0000] {taskinstance.py:441} INFO - ::group::Post task execution logs
[2024-04-25T23:26:34.880+0000] {taskinstance.py:1205} INFO - Marking task as SUCCESS. dag_id=pipeline, task_id=etl.transform, execution_date=20240425T225220, start_date=20240425T232634, end_date=20240425T232634
[2024-04-25T23:26:34.917+0000] {local_task_job_runner.py:240} INFO - Task exited with return code 0
[2024-04-25T23:26:34.933+0000] {taskinstance.py:3482} INFO - 1 downstream tasks scheduled from follow-on schedule check
[2024-04-25T23:26:34.934+0000] {local_task_job_runner.py:222} INFO - ::endgroup::
