[2024-04-26T17:25:34.434+0000] {local_task_job_runner.py:120} INFO - ::group::Pre task execution logs
[2024-04-26T17:25:34.467+0000] {taskinstance.py:2073} INFO - Dependencies all met for dep_context=non-requeueable deps ti=<TaskInstance: air_quality_pipeline.etl.load backfill__2024-04-01T22:00:00+00:00 [queued]>
[2024-04-26T17:25:34.474+0000] {taskinstance.py:2073} INFO - Dependencies all met for dep_context=requeueable deps ti=<TaskInstance: air_quality_pipeline.etl.load backfill__2024-04-01T22:00:00+00:00 [queued]>
[2024-04-26T17:25:34.475+0000] {taskinstance.py:2303} INFO - Starting attempt 1 of 2
[2024-04-26T17:25:34.490+0000] {taskinstance.py:2327} INFO - Executing <Task(PythonOperator): etl.load> on 2024-04-01 22:00:00+00:00
[2024-04-26T17:25:34.502+0000] {logging_mixin.py:188} WARNING - /home/***/.local/lib/python3.12/site-packages/***/task/task_runner/standard_task_runner.py:61 DeprecationWarning: This process (pid=898) is multi-threaded, use of fork() may lead to deadlocks in the child.
[2024-04-26T17:25:34.504+0000] {standard_task_runner.py:63} INFO - Started process 905 to run task
[2024-04-26T17:25:34.502+0000] {standard_task_runner.py:90} INFO - Running: ['***', 'tasks', 'run', 'air_quality_pipeline', 'etl.load', 'backfill__2024-04-01T22:00:00+00:00', '--job-id', '350', '--pool', 'default_pool', '--raw', '--subdir', 'DAGS_FOLDER/air_quality/air_quality_dag.py', '--cfg-path', '/tmp/tmplz06rfaz']
[2024-04-26T17:25:34.504+0000] {standard_task_runner.py:91} INFO - Job 350: Subtask etl.load
[2024-04-26T17:25:34.562+0000] {task_command.py:426} INFO - Running <TaskInstance: air_quality_pipeline.etl.load backfill__2024-04-01T22:00:00+00:00 [running]> on host 4718ecf2379c
[2024-04-26T17:25:34.638+0000] {taskinstance.py:2644} INFO - Exporting env vars: AIRFLOW_CTX_DAG_OWNER='***' AIRFLOW_CTX_DAG_ID='air_quality_pipeline' AIRFLOW_CTX_TASK_ID='etl.load' AIRFLOW_CTX_EXECUTION_DATE='2024-04-01T22:00:00+00:00' AIRFLOW_CTX_TRY_NUMBER='1' AIRFLOW_CTX_DAG_RUN_ID='backfill__2024-04-01T22:00:00+00:00'
[2024-04-26T17:25:34.638+0000] {taskinstance.py:430} INFO - ::endgroup::
[2024-04-26T17:25:34.647+0000] {tasks.py:82} INFO - Loading transformed data into Redshift...
[2024-04-26T17:25:34.648+0000] {RedShiftLoader.py:55} INFO - Loading data into Redshift
[2024-04-26T17:26:43.055+0000] {RedShiftLoader.py:66} INFO - Data inserted successfully
[2024-04-26T17:26:43.055+0000] {RedShiftLoader.py:79} INFO - Connection closed
[2024-04-26T17:26:43.055+0000] {tasks.py:85} INFO - Transformed data loaded into Redshift.
[2024-04-26T17:26:43.056+0000] {python.py:237} INFO - Done. Returned value was: None
[2024-04-26T17:26:43.056+0000] {taskinstance.py:441} INFO - ::group::Post task execution logs
[2024-04-26T17:26:43.064+0000] {taskinstance.py:1205} INFO - Marking task as SUCCESS. dag_id=air_quality_pipeline, task_id=etl.load, execution_date=20240401T220000, start_date=20240426T172534, end_date=20240426T172643
[2024-04-26T17:26:43.101+0000] {local_task_job_runner.py:240} INFO - Task exited with return code 0
[2024-04-26T17:26:43.117+0000] {taskinstance.py:3482} INFO - 1 downstream tasks scheduled from follow-on schedule check
[2024-04-26T17:26:43.118+0000] {local_task_job_runner.py:222} INFO - ::endgroup::
[2024-04-26T17:31:21.670+0000] {local_task_job_runner.py:120} INFO - ::group::Pre task execution logs
[2024-04-26T17:31:21.695+0000] {taskinstance.py:2073} INFO - Dependencies all met for dep_context=non-requeueable deps ti=<TaskInstance: air_quality_pipeline.etl.load backfill__2024-04-01T22:00:00+00:00 [queued]>
[2024-04-26T17:31:21.700+0000] {taskinstance.py:2073} INFO - Dependencies all met for dep_context=requeueable deps ti=<TaskInstance: air_quality_pipeline.etl.load backfill__2024-04-01T22:00:00+00:00 [queued]>
[2024-04-26T17:31:21.700+0000] {taskinstance.py:2303} INFO - Starting attempt 1 of 2
[2024-04-26T17:31:21.708+0000] {taskinstance.py:2327} INFO - Executing <Task(PythonOperator): etl.load> on 2024-04-01 22:00:00+00:00
[2024-04-26T17:31:21.717+0000] {logging_mixin.py:188} WARNING - /home/***/.local/lib/python3.12/site-packages/***/task/task_runner/standard_task_runner.py:61 DeprecationWarning: This process (pid=1231) is multi-threaded, use of fork() may lead to deadlocks in the child.
[2024-04-26T17:31:21.718+0000] {standard_task_runner.py:63} INFO - Started process 1232 to run task
[2024-04-26T17:31:21.717+0000] {standard_task_runner.py:90} INFO - Running: ['***', 'tasks', 'run', 'air_quality_pipeline', 'etl.load', 'backfill__2024-04-01T22:00:00+00:00', '--job-id', '374', '--pool', 'default_pool', '--raw', '--subdir', 'DAGS_FOLDER/air_quality/air_quality_dag.py', '--cfg-path', '/tmp/tmp92qtm7iu']
[2024-04-26T17:31:21.718+0000] {standard_task_runner.py:91} INFO - Job 374: Subtask etl.load
[2024-04-26T17:31:21.753+0000] {task_command.py:426} INFO - Running <TaskInstance: air_quality_pipeline.etl.load backfill__2024-04-01T22:00:00+00:00 [running]> on host 4718ecf2379c
[2024-04-26T17:31:21.811+0000] {taskinstance.py:2644} INFO - Exporting env vars: AIRFLOW_CTX_DAG_OWNER='***' AIRFLOW_CTX_DAG_ID='air_quality_pipeline' AIRFLOW_CTX_TASK_ID='etl.load' AIRFLOW_CTX_EXECUTION_DATE='2024-04-01T22:00:00+00:00' AIRFLOW_CTX_TRY_NUMBER='1' AIRFLOW_CTX_DAG_RUN_ID='backfill__2024-04-01T22:00:00+00:00'
[2024-04-26T17:31:21.811+0000] {taskinstance.py:430} INFO - ::endgroup::
[2024-04-26T17:31:21.820+0000] {tasks.py:82} INFO - Loading transformed data into Redshift...
[2024-04-26T17:31:21.821+0000] {RedShiftLoader.py:55} INFO - Loading data into Redshift
[2024-04-26T17:31:31.874+0000] {RedShiftLoader.py:72} INFO - Data inserted successfully
[2024-04-26T17:31:31.874+0000] {RedShiftLoader.py:79} INFO - Connection closed
[2024-04-26T17:31:31.875+0000] {tasks.py:85} INFO - Transformed data loaded into Redshift.
[2024-04-26T17:31:31.875+0000] {python.py:237} INFO - Done. Returned value was: None
[2024-04-26T17:31:31.875+0000] {taskinstance.py:441} INFO - ::group::Post task execution logs
[2024-04-26T17:31:31.883+0000] {taskinstance.py:1205} INFO - Marking task as SUCCESS. dag_id=air_quality_pipeline, task_id=etl.load, execution_date=20240401T220000, start_date=20240426T173121, end_date=20240426T173131
[2024-04-26T17:31:31.926+0000] {local_task_job_runner.py:240} INFO - Task exited with return code 0
[2024-04-26T17:31:31.943+0000] {taskinstance.py:3482} INFO - 1 downstream tasks scheduled from follow-on schedule check
[2024-04-26T17:31:31.944+0000] {local_task_job_runner.py:222} INFO - ::endgroup::
[2024-04-26T17:39:42.939+0000] {local_task_job_runner.py:120} INFO - ::group::Pre task execution logs
[2024-04-26T17:39:42.967+0000] {taskinstance.py:2073} INFO - Dependencies all met for dep_context=non-requeueable deps ti=<TaskInstance: air_quality_pipeline.etl.load backfill__2024-04-01T22:00:00+00:00 [queued]>
[2024-04-26T17:39:42.972+0000] {taskinstance.py:2073} INFO - Dependencies all met for dep_context=requeueable deps ti=<TaskInstance: air_quality_pipeline.etl.load backfill__2024-04-01T22:00:00+00:00 [queued]>
[2024-04-26T17:39:42.972+0000] {taskinstance.py:2303} INFO - Starting attempt 1 of 2
[2024-04-26T17:39:42.981+0000] {taskinstance.py:2327} INFO - Executing <Task(PythonOperator): etl.load> on 2024-04-01 22:00:00+00:00
[2024-04-26T17:39:42.990+0000] {logging_mixin.py:188} WARNING - /home/***/.local/lib/python3.12/site-packages/***/task/task_runner/standard_task_runner.py:61 DeprecationWarning: This process (pid=1565) is multi-threaded, use of fork() may lead to deadlocks in the child.
[2024-04-26T17:39:42.991+0000] {standard_task_runner.py:63} INFO - Started process 1566 to run task
[2024-04-26T17:39:42.990+0000] {standard_task_runner.py:90} INFO - Running: ['***', 'tasks', 'run', 'air_quality_pipeline', 'etl.load', 'backfill__2024-04-01T22:00:00+00:00', '--job-id', '391', '--pool', 'default_pool', '--raw', '--subdir', 'DAGS_FOLDER/air_quality/air_quality_dag.py', '--cfg-path', '/tmp/tmpffs5rmu0']
[2024-04-26T17:39:42.991+0000] {standard_task_runner.py:91} INFO - Job 391: Subtask etl.load
[2024-04-26T17:39:43.025+0000] {task_command.py:426} INFO - Running <TaskInstance: air_quality_pipeline.etl.load backfill__2024-04-01T22:00:00+00:00 [running]> on host 4718ecf2379c
[2024-04-26T17:39:43.082+0000] {taskinstance.py:2644} INFO - Exporting env vars: AIRFLOW_CTX_DAG_OWNER='***' AIRFLOW_CTX_DAG_ID='air_quality_pipeline' AIRFLOW_CTX_TASK_ID='etl.load' AIRFLOW_CTX_EXECUTION_DATE='2024-04-01T22:00:00+00:00' AIRFLOW_CTX_TRY_NUMBER='1' AIRFLOW_CTX_DAG_RUN_ID='backfill__2024-04-01T22:00:00+00:00'
[2024-04-26T17:39:43.082+0000] {taskinstance.py:430} INFO - ::endgroup::
[2024-04-26T17:39:43.091+0000] {tasks.py:82} INFO - Loading transformed data into Redshift...
[2024-04-26T17:39:43.092+0000] {RedShiftLoader.py:55} INFO - Loading data into Redshift
[2024-04-26T17:39:53.218+0000] {RedShiftLoader.py:66} INFO - Data inserted successfully
[2024-04-26T17:39:53.219+0000] {RedShiftLoader.py:79} INFO - Connection closed
[2024-04-26T17:39:53.219+0000] {tasks.py:85} INFO - Transformed data loaded into Redshift.
[2024-04-26T17:39:53.219+0000] {python.py:237} INFO - Done. Returned value was: None
[2024-04-26T17:39:53.220+0000] {taskinstance.py:441} INFO - ::group::Post task execution logs
[2024-04-26T17:39:53.228+0000] {taskinstance.py:1205} INFO - Marking task as SUCCESS. dag_id=air_quality_pipeline, task_id=etl.load, execution_date=20240401T220000, start_date=20240426T173942, end_date=20240426T173953
[2024-04-26T17:39:53.279+0000] {local_task_job_runner.py:240} INFO - Task exited with return code 0
[2024-04-26T17:39:53.303+0000] {taskinstance.py:3482} INFO - 1 downstream tasks scheduled from follow-on schedule check
[2024-04-26T17:39:53.305+0000] {local_task_job_runner.py:222} INFO - ::endgroup::
