[2024-04-26T17:22:49.425+0000] {local_task_job_runner.py:120} INFO - ::group::Pre task execution logs
[2024-04-26T17:22:49.461+0000] {taskinstance.py:2073} INFO - Dependencies all met for dep_context=non-requeueable deps ti=<TaskInstance: air_quality_pipeline.etl.extract backfill__2024-04-01T22:00:00+00:00 [queued]>
[2024-04-26T17:22:49.469+0000] {taskinstance.py:2073} INFO - Dependencies all met for dep_context=requeueable deps ti=<TaskInstance: air_quality_pipeline.etl.extract backfill__2024-04-01T22:00:00+00:00 [queued]>
[2024-04-26T17:22:49.469+0000] {taskinstance.py:2303} INFO - Starting attempt 1 of 2
[2024-04-26T17:22:49.482+0000] {taskinstance.py:2327} INFO - Executing <Task(PythonOperator): etl.extract> on 2024-04-01 22:00:00+00:00
[2024-04-26T17:22:49.497+0000] {logging_mixin.py:188} WARNING - /home/***/.local/lib/python3.12/site-packages/***/task/task_runner/standard_task_runner.py:61 DeprecationWarning: This process (pid=800) is multi-threaded, use of fork() may lead to deadlocks in the child.
[2024-04-26T17:22:49.498+0000] {standard_task_runner.py:63} INFO - Started process 810 to run task
[2024-04-26T17:22:49.499+0000] {standard_task_runner.py:90} INFO - Running: ['***', 'tasks', 'run', 'air_quality_pipeline', 'etl.extract', 'backfill__2024-04-01T22:00:00+00:00', '--job-id', '319', '--pool', 'default_pool', '--raw', '--subdir', 'DAGS_FOLDER/air_quality/air_quality_dag.py', '--cfg-path', '/tmp/tmp4ahkpe6z']
[2024-04-26T17:22:49.501+0000] {standard_task_runner.py:91} INFO - Job 319: Subtask etl.extract
[2024-04-26T17:22:49.549+0000] {task_command.py:426} INFO - Running <TaskInstance: air_quality_pipeline.etl.extract backfill__2024-04-01T22:00:00+00:00 [running]> on host 4718ecf2379c
[2024-04-26T17:22:49.636+0000] {taskinstance.py:2644} INFO - Exporting env vars: AIRFLOW_CTX_DAG_OWNER='***' AIRFLOW_CTX_DAG_ID='air_quality_pipeline' AIRFLOW_CTX_TASK_ID='etl.extract' AIRFLOW_CTX_EXECUTION_DATE='2024-04-01T22:00:00+00:00' AIRFLOW_CTX_TRY_NUMBER='1' AIRFLOW_CTX_DAG_RUN_ID='backfill__2024-04-01T22:00:00+00:00'
[2024-04-26T17:22:49.638+0000] {taskinstance.py:430} INFO - ::endgroup::
[2024-04-26T17:22:49.650+0000] {tasks.py:35} INFO - Extracting location...
[2024-04-26T17:22:49.654+0000] {LocationConnector.py:70} INFO - Extracting data for: Guadalajara
[2024-04-26T17:22:50.100+0000] {LocationConnector.py:53} ERROR - Error querying the API 429 Client Error: Too Many Requests for url: https://us1.locationiq.com/v1/search/structured?city=Guadalajara&format=json&countrycodes=MX&key=pk.eb06967d04dbcf43f95529ade5970ed9
[2024-04-26T17:22:53.102+0000] {LocationConnector.py:70} INFO - Extracting data for: Monterrey
[2024-04-26T17:22:53.487+0000] {LocationConnector.py:53} ERROR - Error querying the API 429 Client Error: Too Many Requests for url: https://us1.locationiq.com/v1/search/structured?city=Monterrey&format=json&countrycodes=MX&key=pk.eb06967d04dbcf43f95529ade5970ed9
[2024-04-26T17:22:54.489+0000] {LocationConnector.py:70} INFO - Extracting data for: Mexico City
[2024-04-26T17:22:57.880+0000] {LocationConnector.py:78} INFO - Successfully Extracted Location data: (3, 12)
[2024-04-26T17:22:57.882+0000] {tasks.py:37} INFO - Location extraction complete.
[2024-04-26T17:22:57.882+0000] {tasks.py:40} INFO - Extracting air quality data...
[2024-04-26T17:22:58.045+0000] {AirQualityConnector.py:54} ERROR - Error querying the API: 400 Client Error: Bad Request for url: http://api.openweathermap.org/data/2.5/air_pollution/history?lat=nan&lon=nan&start=1711929600&end=1712008800&appid=82fb9c2177dfbeb497bf745603e5d12d
[2024-04-26T17:22:59.223+0000] {AirQualityConnector.py:54} ERROR - Error querying the API: 400 Client Error: Bad Request for url: http://api.openweathermap.org/data/2.5/air_pollution/history?lat=nan&lon=nan&start=1711929600&end=1712008800&appid=82fb9c2177dfbeb497bf745603e5d12d
[2024-04-26T17:23:04.893+0000] {AirQualityConnector.py:85} INFO - Successfully Extracted air quality data: (23, 11)
[2024-04-26T17:23:04.894+0000] {tasks.py:42} INFO - Air quality data extraction complete.
[2024-04-26T17:23:04.894+0000] {python.py:237} INFO - Done. Returned value was: None
[2024-04-26T17:23:04.894+0000] {taskinstance.py:441} INFO - ::group::Post task execution logs
[2024-04-26T17:23:04.901+0000] {taskinstance.py:1205} INFO - Marking task as SUCCESS. dag_id=air_quality_pipeline, task_id=etl.extract, execution_date=20240401T220000, start_date=20240426T172249, end_date=20240426T172304
[2024-04-26T17:23:04.949+0000] {local_task_job_runner.py:240} INFO - Task exited with return code 0
[2024-04-26T17:23:04.974+0000] {taskinstance.py:3482} INFO - 1 downstream tasks scheduled from follow-on schedule check
[2024-04-26T17:23:04.976+0000] {local_task_job_runner.py:222} INFO - ::endgroup::
[2024-04-26T17:30:51.671+0000] {local_task_job_runner.py:120} INFO - ::group::Pre task execution logs
[2024-04-26T17:30:51.698+0000] {taskinstance.py:2073} INFO - Dependencies all met for dep_context=non-requeueable deps ti=<TaskInstance: air_quality_pipeline.etl.extract backfill__2024-04-01T22:00:00+00:00 [queued]>
[2024-04-26T17:30:51.704+0000] {taskinstance.py:2073} INFO - Dependencies all met for dep_context=requeueable deps ti=<TaskInstance: air_quality_pipeline.etl.extract backfill__2024-04-01T22:00:00+00:00 [queued]>
[2024-04-26T17:30:51.704+0000] {taskinstance.py:2303} INFO - Starting attempt 1 of 2
[2024-04-26T17:30:51.713+0000] {taskinstance.py:2327} INFO - Executing <Task(PythonOperator): etl.extract> on 2024-04-01 22:00:00+00:00
[2024-04-26T17:30:51.722+0000] {logging_mixin.py:188} WARNING - /home/***/.local/lib/python3.12/site-packages/***/task/task_runner/standard_task_runner.py:61 DeprecationWarning: This process (pid=1221) is multi-threaded, use of fork() may lead to deadlocks in the child.
[2024-04-26T17:30:51.723+0000] {standard_task_runner.py:63} INFO - Started process 1222 to run task
[2024-04-26T17:30:51.722+0000] {standard_task_runner.py:90} INFO - Running: ['***', 'tasks', 'run', 'air_quality_pipeline', 'etl.extract', 'backfill__2024-04-01T22:00:00+00:00', '--job-id', '372', '--pool', 'default_pool', '--raw', '--subdir', 'DAGS_FOLDER/air_quality/air_quality_dag.py', '--cfg-path', '/tmp/tmphw7e3jb6']
[2024-04-26T17:30:51.723+0000] {standard_task_runner.py:91} INFO - Job 372: Subtask etl.extract
[2024-04-26T17:30:51.755+0000] {task_command.py:426} INFO - Running <TaskInstance: air_quality_pipeline.etl.extract backfill__2024-04-01T22:00:00+00:00 [running]> on host 4718ecf2379c
[2024-04-26T17:30:51.818+0000] {taskinstance.py:2644} INFO - Exporting env vars: AIRFLOW_CTX_DAG_OWNER='***' AIRFLOW_CTX_DAG_ID='air_quality_pipeline' AIRFLOW_CTX_TASK_ID='etl.extract' AIRFLOW_CTX_EXECUTION_DATE='2024-04-01T22:00:00+00:00' AIRFLOW_CTX_TRY_NUMBER='1' AIRFLOW_CTX_DAG_RUN_ID='backfill__2024-04-01T22:00:00+00:00'
[2024-04-26T17:30:51.818+0000] {taskinstance.py:430} INFO - ::endgroup::
[2024-04-26T17:30:51.827+0000] {tasks.py:35} INFO - Extracting location...
[2024-04-26T17:30:51.829+0000] {LocationConnector.py:70} INFO - Extracting data for: Guadalajara
[2024-04-26T17:30:55.346+0000] {LocationConnector.py:70} INFO - Extracting data for: Monterrey
[2024-04-26T17:30:56.813+0000] {LocationConnector.py:70} INFO - Extracting data for: Mexico City
[2024-04-26T17:30:58.237+0000] {LocationConnector.py:78} INFO - Successfully Extracted Location data: (3, 12)
[2024-04-26T17:30:58.239+0000] {tasks.py:37} INFO - Location extraction complete.
[2024-04-26T17:30:58.239+0000] {tasks.py:40} INFO - Extracting air quality data...
[2024-04-26T17:31:06.471+0000] {AirQualityConnector.py:85} INFO - Successfully Extracted air quality data: (69, 11)
[2024-04-26T17:31:06.471+0000] {tasks.py:42} INFO - Air quality data extraction complete.
[2024-04-26T17:31:06.471+0000] {python.py:237} INFO - Done. Returned value was: None
[2024-04-26T17:31:06.472+0000] {taskinstance.py:441} INFO - ::group::Post task execution logs
[2024-04-26T17:31:06.480+0000] {taskinstance.py:1205} INFO - Marking task as SUCCESS. dag_id=air_quality_pipeline, task_id=etl.extract, execution_date=20240401T220000, start_date=20240426T173051, end_date=20240426T173106
[2024-04-26T17:31:06.503+0000] {local_task_job_runner.py:240} INFO - Task exited with return code 0
[2024-04-26T17:31:06.527+0000] {taskinstance.py:3482} INFO - 1 downstream tasks scheduled from follow-on schedule check
[2024-04-26T17:31:06.528+0000] {local_task_job_runner.py:222} INFO - ::endgroup::
[2024-04-26T17:39:12.937+0000] {local_task_job_runner.py:120} INFO - ::group::Pre task execution logs
[2024-04-26T17:39:12.962+0000] {taskinstance.py:2073} INFO - Dependencies all met for dep_context=non-requeueable deps ti=<TaskInstance: air_quality_pipeline.etl.extract backfill__2024-04-01T22:00:00+00:00 [queued]>
[2024-04-26T17:39:12.967+0000] {taskinstance.py:2073} INFO - Dependencies all met for dep_context=requeueable deps ti=<TaskInstance: air_quality_pipeline.etl.extract backfill__2024-04-01T22:00:00+00:00 [queued]>
[2024-04-26T17:39:12.967+0000] {taskinstance.py:2303} INFO - Starting attempt 1 of 2
[2024-04-26T17:39:12.975+0000] {taskinstance.py:2327} INFO - Executing <Task(PythonOperator): etl.extract> on 2024-04-01 22:00:00+00:00
[2024-04-26T17:39:12.983+0000] {logging_mixin.py:188} WARNING - /home/***/.local/lib/python3.12/site-packages/***/task/task_runner/standard_task_runner.py:61 DeprecationWarning: This process (pid=1555) is multi-threaded, use of fork() may lead to deadlocks in the child.
[2024-04-26T17:39:12.984+0000] {standard_task_runner.py:63} INFO - Started process 1556 to run task
[2024-04-26T17:39:12.983+0000] {standard_task_runner.py:90} INFO - Running: ['***', 'tasks', 'run', 'air_quality_pipeline', 'etl.extract', 'backfill__2024-04-01T22:00:00+00:00', '--job-id', '389', '--pool', 'default_pool', '--raw', '--subdir', 'DAGS_FOLDER/air_quality/air_quality_dag.py', '--cfg-path', '/tmp/tmp3l_hmikn']
[2024-04-26T17:39:12.984+0000] {standard_task_runner.py:91} INFO - Job 389: Subtask etl.extract
[2024-04-26T17:39:13.019+0000] {task_command.py:426} INFO - Running <TaskInstance: air_quality_pipeline.etl.extract backfill__2024-04-01T22:00:00+00:00 [running]> on host 4718ecf2379c
[2024-04-26T17:39:13.078+0000] {taskinstance.py:2644} INFO - Exporting env vars: AIRFLOW_CTX_DAG_OWNER='***' AIRFLOW_CTX_DAG_ID='air_quality_pipeline' AIRFLOW_CTX_TASK_ID='etl.extract' AIRFLOW_CTX_EXECUTION_DATE='2024-04-01T22:00:00+00:00' AIRFLOW_CTX_TRY_NUMBER='1' AIRFLOW_CTX_DAG_RUN_ID='backfill__2024-04-01T22:00:00+00:00'
[2024-04-26T17:39:13.078+0000] {taskinstance.py:430} INFO - ::endgroup::
[2024-04-26T17:39:13.087+0000] {tasks.py:35} INFO - Extracting location...
[2024-04-26T17:39:13.089+0000] {LocationConnector.py:70} INFO - Extracting data for: Guadalajara
[2024-04-26T17:39:14.560+0000] {LocationConnector.py:70} INFO - Extracting data for: Monterrey
[2024-04-26T17:39:16.943+0000] {LocationConnector.py:70} INFO - Extracting data for: Mexico City
[2024-04-26T17:39:19.339+0000] {LocationConnector.py:78} INFO - Successfully Extracted Location data: (3, 12)
[2024-04-26T17:39:19.340+0000] {tasks.py:37} INFO - Location extraction complete.
[2024-04-26T17:39:19.341+0000] {tasks.py:40} INFO - Extracting air quality data...
[2024-04-26T17:39:25.433+0000] {AirQualityConnector.py:85} INFO - Successfully Extracted air quality data: (69, 11)
[2024-04-26T17:39:25.434+0000] {tasks.py:42} INFO - Air quality data extraction complete.
[2024-04-26T17:39:25.434+0000] {python.py:237} INFO - Done. Returned value was: None
[2024-04-26T17:39:25.435+0000] {taskinstance.py:441} INFO - ::group::Post task execution logs
[2024-04-26T17:39:25.443+0000] {taskinstance.py:1205} INFO - Marking task as SUCCESS. dag_id=air_quality_pipeline, task_id=etl.extract, execution_date=20240401T220000, start_date=20240426T173912, end_date=20240426T173925
[2024-04-26T17:39:25.483+0000] {local_task_job_runner.py:240} INFO - Task exited with return code 0
[2024-04-26T17:39:25.510+0000] {taskinstance.py:3482} INFO - 1 downstream tasks scheduled from follow-on schedule check
[2024-04-26T17:39:25.511+0000] {local_task_job_runner.py:222} INFO - ::endgroup::
