[2024-04-24T00:20:01.094+0000] {local_task_job_runner.py:120} INFO - ::group::Pre task execution logs
[2024-04-24T00:20:01.118+0000] {taskinstance.py:2073} INFO - Dependencies all met for dep_context=non-requeueable deps ti=<TaskInstance: pipeline.extract manual__2024-04-24T00:19:59.073209+00:00 [queued]>
[2024-04-24T00:20:01.264+0000] {taskinstance.py:2073} INFO - Dependencies all met for dep_context=requeueable deps ti=<TaskInstance: pipeline.extract manual__2024-04-24T00:19:59.073209+00:00 [queued]>
[2024-04-24T00:20:01.264+0000] {taskinstance.py:2303} INFO - Starting attempt 1 of 1
[2024-04-24T00:20:01.274+0000] {taskinstance.py:2327} INFO - Executing <Task(PythonOperator): extract> on 2024-04-24 00:19:59.073209+00:00
[2024-04-24T00:20:01.286+0000] {standard_task_runner.py:90} INFO - Running: ['***', 'tasks', 'run', 'pipeline', 'extract', 'manual__2024-04-24T00:19:59.073209+00:00', '--job-id', '81', '--raw', '--subdir', 'DAGS_FOLDER/air_quality/air_quality_dag.py', '--cfg-path', '/tmp/tmpowvnm8mg']
[2024-04-24T00:20:01.288+0000] {standard_task_runner.py:91} INFO - Job 81: Subtask extract
[2024-04-24T00:20:01.288+0000] {logging_mixin.py:188} WARNING - /home/***/.local/lib/python3.12/site-packages/***/task/task_runner/standard_task_runner.py:61 DeprecationWarning: This process (pid=2042) is multi-threaded, use of fork() may lead to deadlocks in the child.
[2024-04-24T00:20:01.288+0000] {standard_task_runner.py:63} INFO - Started process 2044 to run task
[2024-04-24T00:20:01.319+0000] {task_command.py:426} INFO - Running <TaskInstance: pipeline.extract manual__2024-04-24T00:19:59.073209+00:00 [running]> on host 8e318e51dc55
[2024-04-24T00:20:01.380+0000] {taskinstance.py:2644} INFO - Exporting env vars: AIRFLOW_CTX_DAG_OWNER='***' AIRFLOW_CTX_DAG_ID='pipeline' AIRFLOW_CTX_TASK_ID='extract' AIRFLOW_CTX_EXECUTION_DATE='2024-04-24T00:19:59.073209+00:00' AIRFLOW_CTX_TRY_NUMBER='1' AIRFLOW_CTX_DAG_RUN_ID='manual__2024-04-24T00:19:59.073209+00:00'
[2024-04-24T00:20:01.381+0000] {taskinstance.py:430} INFO - ::endgroup::
[2024-04-24T00:20:01.393+0000] {LocationConnector.py:66} INFO - Extracting data for: Guadalajara
[2024-04-24T00:20:02.918+0000] {LocationConnector.py:66} INFO - Extracting data for: Monterrey
[2024-04-24T00:20:04.419+0000] {LocationConnector.py:66} INFO - Extracting data for: Mexico City
[2024-04-24T00:20:05.926+0000] {LocationConnector.py:66} INFO - Extracting data for: Puebla
[2024-04-24T00:20:07.401+0000] {LocationConnector.py:66} INFO - Extracting data for: Aguascalientes
[2024-04-24T00:20:09.837+0000] {LocationConnector.py:66} INFO - Extracting data for: Merida
[2024-04-24T00:20:12.299+0000] {LocationConnector.py:66} INFO - Extracting data for: Toluca
[2024-04-24T00:20:14.754+0000] {LocationConnector.py:66} INFO - Extracting data for: Durango
[2024-04-24T00:20:17.205+0000] {LocationConnector.py:66} INFO - Extracting data for: Chihuahua
[2024-04-24T00:20:18.668+0000] {LocationConnector.py:66} INFO - Extracting data for: San luis Potosi
[2024-04-24T00:20:22.142+0000] {LocationConnector.py:66} INFO - Extracting data for: Leon
[2024-04-24T00:20:25.626+0000] {LocationConnector.py:66} INFO - Extracting data for: Buenos Aires
[2024-04-24T00:20:27.105+0000] {LocationConnector.py:66} INFO - Extracting data for: Medellin
[2024-04-24T00:20:29.567+0000] {LocationConnector.py:78} INFO - Data extracted - Shape: (13, 12)
[2024-04-24T00:21:01.204+0000] {AirQualityConnector.py:93} INFO - Extracted air quality data: (312, 11)
[2024-04-24T00:21:01.205+0000] {python.py:237} INFO - Done. Returned value was: None
[2024-04-24T00:21:01.205+0000] {taskinstance.py:441} INFO - ::group::Post task execution logs
[2024-04-24T00:21:01.214+0000] {taskinstance.py:1205} INFO - Marking task as SUCCESS. dag_id=pipeline, task_id=extract, execution_date=20240424T001959, start_date=20240424T002001, end_date=20240424T002101
[2024-04-24T00:21:01.269+0000] {local_task_job_runner.py:240} INFO - Task exited with return code 0
[2024-04-24T00:21:01.286+0000] {taskinstance.py:3482} INFO - 1 downstream tasks scheduled from follow-on schedule check
[2024-04-24T00:21:01.287+0000] {local_task_job_runner.py:222} INFO - ::endgroup::
