[2024-04-22T17:59:13.671+0000] {local_task_job_runner.py:120} INFO - ::group::Pre task execution logs
[2024-04-22T17:59:13.693+0000] {taskinstance.py:2073} INFO - Dependencies all met for dep_context=non-requeueable deps ti=<TaskInstance: pipeline.extract scheduled__2024-01-05T00:00:00+00:00 [queued]>
[2024-04-22T17:59:13.698+0000] {taskinstance.py:2073} INFO - Dependencies all met for dep_context=requeueable deps ti=<TaskInstance: pipeline.extract scheduled__2024-01-05T00:00:00+00:00 [queued]>
[2024-04-22T17:59:13.698+0000] {taskinstance.py:2303} INFO - Starting attempt 3 of 3
[2024-04-22T17:59:13.823+0000] {taskinstance.py:2327} INFO - Executing <Task(PythonOperator): extract> on 2024-01-05 00:00:00+00:00
[2024-04-22T17:59:13.831+0000] {standard_task_runner.py:90} INFO - Running: ['***', 'tasks', 'run', 'pipeline', 'extract', 'scheduled__2024-01-05T00:00:00+00:00', '--job-id', '9', '--raw', '--subdir', 'DAGS_FOLDER/air_quality/air_quality_dag.py', '--cfg-path', '/tmp/tmpkopeqdai']
[2024-04-22T17:59:13.832+0000] {standard_task_runner.py:91} INFO - Job 9: Subtask extract
[2024-04-22T17:59:13.833+0000] {logging_mixin.py:188} WARNING - /home/***/.local/lib/python3.12/site-packages/***/task/task_runner/standard_task_runner.py:61 DeprecationWarning: This process (pid=428) is multi-threaded, use of fork() may lead to deadlocks in the child.
[2024-04-22T17:59:13.833+0000] {standard_task_runner.py:63} INFO - Started process 430 to run task
[2024-04-22T17:59:13.864+0000] {task_command.py:426} INFO - Running <TaskInstance: pipeline.extract scheduled__2024-01-05T00:00:00+00:00 [running]> on host b14852dd6242
[2024-04-22T17:59:13.920+0000] {taskinstance.py:2644} INFO - Exporting env vars: AIRFLOW_CTX_DAG_OWNER='***' AIRFLOW_CTX_DAG_ID='pipeline' AIRFLOW_CTX_TASK_ID='extract' AIRFLOW_CTX_EXECUTION_DATE='2024-01-05T00:00:00+00:00' AIRFLOW_CTX_TRY_NUMBER='3' AIRFLOW_CTX_DAG_RUN_ID='scheduled__2024-01-05T00:00:00+00:00'
[2024-04-22T17:59:13.921+0000] {taskinstance.py:430} INFO - ::endgroup::
[2024-04-22T17:59:13.932+0000] {ConnectorCountrys.py:71} INFO - Extracting data for: Guadalajara
[2024-04-22T17:59:15.393+0000] {ConnectorCountrys.py:71} INFO - Extracting data for: Monterrey
[2024-04-22T17:59:16.818+0000] {ConnectorCountrys.py:71} INFO - Extracting data for: Mexico City
[2024-04-22T17:59:18.259+0000] {ConnectorCountrys.py:71} INFO - Extracting data for: Puebla
[2024-04-22T17:59:19.673+0000] {ConnectorCountrys.py:71} INFO - Extracting data for: Aguascalientes
[2024-04-22T17:59:22.083+0000] {ConnectorCountrys.py:81} INFO - Data extracted - Shape: (5, 12)
[2024-04-22T17:59:22.085+0000] {python.py:237} INFO - Done. Returned value was: None
[2024-04-22T17:59:22.085+0000] {taskinstance.py:441} INFO - ::group::Post task execution logs
[2024-04-22T17:59:22.095+0000] {taskinstance.py:1205} INFO - Marking task as SUCCESS. dag_id=pipeline, task_id=extract, execution_date=20240105T000000, start_date=20240422T175913, end_date=20240422T175922
[2024-04-22T17:59:22.139+0000] {local_task_job_runner.py:240} INFO - Task exited with return code 0
[2024-04-22T17:59:22.153+0000] {taskinstance.py:3482} INFO - 1 downstream tasks scheduled from follow-on schedule check
[2024-04-22T17:59:22.155+0000] {local_task_job_runner.py:222} INFO - ::endgroup::
